{"timestamp":"2025-07-18T06:48:47.277403","level":"info","event":"DAG bundles loaded: dags-folder","logger":"airflow.dag_processing.bundles.manager.DagBundlesManager"}
{"timestamp":"2025-07-18T06:48:47.278296","level":"info","event":"Filling up the DagBag from /opt/airflow/dags/upload_to_hdfs_dag.py","logger":"airflow.models.dagbag.DagBag"}
{"timestamp":"2025-07-18T06:48:47.294539","level":"info","event":"Tmp dir root location: /tmp","logger":"airflow.task.hooks.airflow.providers.standard.hooks.subprocess.SubprocessHook"}
{"timestamp":"2025-07-18T06:48:47.295787","level":"info","event":"Running command: ['/usr/bin/bash', '-c', 'docker exec retail-spark-master                        /opt/bitnami/spark/bin/spark-submit                        --master spark://spark-master:7077 /opt/spark-apps/scripts/snowflake_staging.py']","logger":"airflow.task.hooks.airflow.providers.standard.hooks.subprocess.SubprocessHook"}
{"timestamp":"2025-07-18T06:48:47.307798","level":"info","event":"Output:","logger":"airflow.task.hooks.airflow.providers.standard.hooks.subprocess.SubprocessHook"}
{"timestamp":"2025-07-18T06:48:49.252148","level":"info","event":"25/07/18 06:48:49 INFO SparkContext: Running Spark version 3.3.3","logger":"airflow.task.hooks.airflow.providers.standard.hooks.subprocess.SubprocessHook"}
{"timestamp":"2025-07-18T06:48:49.276598","level":"info","event":"25/07/18 06:48:49 INFO ResourceUtils: ==============================================================","logger":"airflow.task.hooks.airflow.providers.standard.hooks.subprocess.SubprocessHook"}
{"timestamp":"2025-07-18T06:48:49.277164","level":"info","event":"25/07/18 06:48:49 INFO ResourceUtils: No custom resources configured for spark.driver.","logger":"airflow.task.hooks.airflow.providers.standard.hooks.subprocess.SubprocessHook"}
{"timestamp":"2025-07-18T06:48:49.277631","level":"info","event":"25/07/18 06:48:49 INFO ResourceUtils: ==============================================================","logger":"airflow.task.hooks.airflow.providers.standard.hooks.subprocess.SubprocessHook"}
{"timestamp":"2025-07-18T06:48:49.278061","level":"info","event":"25/07/18 06:48:49 INFO SparkContext: Submitted application: Retail_Snowflake_Staging","logger":"airflow.task.hooks.airflow.providers.standard.hooks.subprocess.SubprocessHook"}
{"timestamp":"2025-07-18T06:48:49.295596","level":"info","event":"25/07/18 06:48:49 INFO ResourceProfile: Default ResourceProfile created, executor resources: Map(cores -> name: cores, amount: 1, script: , vendor: , memory -> name: memory, amount: 1024, script: , vendor: , offHeap -> name: offHeap, amount: 0, script: , vendor: ), task resources: Map(cpus -> name: cpus, amount: 1.0)","logger":"airflow.task.hooks.airflow.providers.standard.hooks.subprocess.SubprocessHook"}
{"timestamp":"2025-07-18T06:48:49.301966","level":"info","event":"25/07/18 06:48:49 INFO ResourceProfile: Limiting resource is cpu","logger":"airflow.task.hooks.airflow.providers.standard.hooks.subprocess.SubprocessHook"}
{"timestamp":"2025-07-18T06:48:49.302448","level":"info","event":"25/07/18 06:48:49 INFO ResourceProfileManager: Added ResourceProfile id: 0","logger":"airflow.task.hooks.airflow.providers.standard.hooks.subprocess.SubprocessHook"}
{"timestamp":"2025-07-18T06:48:49.340934","level":"info","event":"25/07/18 06:48:49 INFO SecurityManager: Changing view acls to: spark","logger":"airflow.task.hooks.airflow.providers.standard.hooks.subprocess.SubprocessHook"}
{"timestamp":"2025-07-18T06:48:49.341388","level":"info","event":"25/07/18 06:48:49 INFO SecurityManager: Changing modify acls to: spark","logger":"airflow.task.hooks.airflow.providers.standard.hooks.subprocess.SubprocessHook"}
{"timestamp":"2025-07-18T06:48:49.341809","level":"info","event":"25/07/18 06:48:49 INFO SecurityManager: Changing view acls groups to:","logger":"airflow.task.hooks.airflow.providers.standard.hooks.subprocess.SubprocessHook"}
{"timestamp":"2025-07-18T06:48:49.342286","level":"info","event":"25/07/18 06:48:49 INFO SecurityManager: Changing modify acls groups to:","logger":"airflow.task.hooks.airflow.providers.standard.hooks.subprocess.SubprocessHook"}
{"timestamp":"2025-07-18T06:48:49.342629","level":"info","event":"25/07/18 06:48:49 INFO SecurityManager: SecurityManager: authentication disabled; ui acls disabled; users  with view permissions: Set(spark); groups with view permissions: Set(); users  with modify permissions: Set(spark); groups with modify permissions: Set()","logger":"airflow.task.hooks.airflow.providers.standard.hooks.subprocess.SubprocessHook"}
{"timestamp":"2025-07-18T06:48:49.393975","level":"info","event":"25/07/18 06:48:49 WARN NativeCodeLoader: Unable to load native-hadoop library for your platform... using builtin-java classes where applicable","logger":"airflow.task.hooks.airflow.providers.standard.hooks.subprocess.SubprocessHook"}
{"timestamp":"2025-07-18T06:48:49.617261","level":"info","event":"25/07/18 06:48:49 INFO Utils: Successfully started service 'sparkDriver' on port 46061.","logger":"airflow.task.hooks.airflow.providers.standard.hooks.subprocess.SubprocessHook"}
{"timestamp":"2025-07-18T06:48:49.638220","level":"info","event":"25/07/18 06:48:49 INFO SparkEnv: Registering MapOutputTracker","logger":"airflow.task.hooks.airflow.providers.standard.hooks.subprocess.SubprocessHook"}
{"timestamp":"2025-07-18T06:48:49.665468","level":"info","event":"25/07/18 06:48:49 INFO SparkEnv: Registering BlockManagerMaster","logger":"airflow.task.hooks.airflow.providers.standard.hooks.subprocess.SubprocessHook"}
{"timestamp":"2025-07-18T06:48:49.679437","level":"info","event":"25/07/18 06:48:49 INFO BlockManagerMasterEndpoint: Using org.apache.spark.storage.DefaultTopologyMapper for getting topology information","logger":"airflow.task.hooks.airflow.providers.standard.hooks.subprocess.SubprocessHook"}
{"timestamp":"2025-07-18T06:48:49.679936","level":"info","event":"25/07/18 06:48:49 INFO BlockManagerMasterEndpoint: BlockManagerMasterEndpoint up","logger":"airflow.task.hooks.airflow.providers.standard.hooks.subprocess.SubprocessHook"}
{"timestamp":"2025-07-18T06:48:49.684402","level":"info","event":"25/07/18 06:48:49 INFO SparkEnv: Registering BlockManagerMasterHeartbeat","logger":"airflow.task.hooks.airflow.providers.standard.hooks.subprocess.SubprocessHook"}
{"timestamp":"2025-07-18T06:48:49.698284","level":"info","event":"25/07/18 06:48:49 INFO DiskBlockManager: Created local directory at /tmp/blockmgr-beb83303-3136-470b-b39b-427ace9b6826","logger":"airflow.task.hooks.airflow.providers.standard.hooks.subprocess.SubprocessHook"}
{"timestamp":"2025-07-18T06:48:49.712474","level":"info","event":"25/07/18 06:48:49 INFO MemoryStore: MemoryStore started with capacity 434.4 MiB","logger":"airflow.task.hooks.airflow.providers.standard.hooks.subprocess.SubprocessHook"}
{"timestamp":"2025-07-18T06:48:49.727196","level":"info","event":"25/07/18 06:48:49 INFO SparkEnv: Registering OutputCommitCoordinator","logger":"airflow.task.hooks.airflow.providers.standard.hooks.subprocess.SubprocessHook"}
{"timestamp":"2025-07-18T06:48:49.876694","level":"info","event":"25/07/18 06:48:49 INFO Utils: Successfully started service 'SparkUI' on port 4040.","logger":"airflow.task.hooks.airflow.providers.standard.hooks.subprocess.SubprocessHook"}
{"timestamp":"2025-07-18T06:48:49.983702","level":"info","event":"25/07/18 06:48:49 INFO StandaloneAppClient$ClientEndpoint: Connecting to master spark://retail-spark-master:7077...","logger":"airflow.task.hooks.airflow.providers.standard.hooks.subprocess.SubprocessHook"}
{"timestamp":"2025-07-18T06:48:50.018091","level":"info","event":"25/07/18 06:48:50 INFO TransportClientFactory: Successfully created connection to retail-spark-master/172.24.0.5:7077 after 20 ms (0 ms spent in bootstraps)","logger":"airflow.task.hooks.airflow.providers.standard.hooks.subprocess.SubprocessHook"}
{"timestamp":"2025-07-18T06:48:50.091904","level":"info","event":"25/07/18 06:48:50 INFO StandaloneSchedulerBackend: Connected to Spark cluster with app ID app-20250718064850-0005","logger":"airflow.task.hooks.airflow.providers.standard.hooks.subprocess.SubprocessHook"}
{"timestamp":"2025-07-18T06:48:50.093479","level":"info","event":"25/07/18 06:48:50 INFO StandaloneAppClient$ClientEndpoint: Executor added: app-20250718064850-0005/0 on worker-20250718064402-172.24.0.6-33489 (172.24.0.6:33489) with 12 core(s)","logger":"airflow.task.hooks.airflow.providers.standard.hooks.subprocess.SubprocessHook"}
{"timestamp":"2025-07-18T06:48:50.095296","level":"info","event":"25/07/18 06:48:50 INFO StandaloneSchedulerBackend: Granted executor ID app-20250718064850-0005/0 on hostPort 172.24.0.6:33489 with 12 core(s), 1024.0 MiB RAM","logger":"airflow.task.hooks.airflow.providers.standard.hooks.subprocess.SubprocessHook"}
{"timestamp":"2025-07-18T06:48:50.097988","level":"info","event":"25/07/18 06:48:50 INFO Utils: Successfully started service 'org.apache.spark.network.netty.NettyBlockTransferService' on port 34367.","logger":"airflow.task.hooks.airflow.providers.standard.hooks.subprocess.SubprocessHook"}
{"timestamp":"2025-07-18T06:48:50.098140","level":"info","event":"25/07/18 06:48:50 INFO NettyBlockTransferService: Server created on 52261d8b8c51:34367","logger":"airflow.task.hooks.airflow.providers.standard.hooks.subprocess.SubprocessHook"}
{"timestamp":"2025-07-18T06:48:50.100057","level":"info","event":"25/07/18 06:48:50 INFO BlockManager: Using org.apache.spark.storage.RandomBlockReplicationPolicy for block replication policy","logger":"airflow.task.hooks.airflow.providers.standard.hooks.subprocess.SubprocessHook"}
{"timestamp":"2025-07-18T06:48:50.108032","level":"info","event":"25/07/18 06:48:50 INFO BlockManagerMaster: Registering BlockManager BlockManagerId(driver, 52261d8b8c51, 34367, None)","logger":"airflow.task.hooks.airflow.providers.standard.hooks.subprocess.SubprocessHook"}
{"timestamp":"2025-07-18T06:48:50.112172","level":"info","event":"25/07/18 06:48:50 INFO BlockManagerMasterEndpoint: Registering block manager 52261d8b8c51:34367 with 434.4 MiB RAM, BlockManagerId(driver, 52261d8b8c51, 34367, None)","logger":"airflow.task.hooks.airflow.providers.standard.hooks.subprocess.SubprocessHook"}
{"timestamp":"2025-07-18T06:48:50.114753","level":"info","event":"25/07/18 06:48:50 INFO BlockManagerMaster: Registered BlockManager BlockManagerId(driver, 52261d8b8c51, 34367, None)","logger":"airflow.task.hooks.airflow.providers.standard.hooks.subprocess.SubprocessHook"}
{"timestamp":"2025-07-18T06:48:50.116409","level":"info","event":"25/07/18 06:48:50 INFO BlockManager: Initialized BlockManager: BlockManagerId(driver, 52261d8b8c51, 34367, None)","logger":"airflow.task.hooks.airflow.providers.standard.hooks.subprocess.SubprocessHook"}
{"timestamp":"2025-07-18T06:48:50.131020","level":"info","event":"25/07/18 06:48:50 INFO StandaloneAppClient$ClientEndpoint: Executor updated: app-20250718064850-0005/0 is now RUNNING","logger":"airflow.task.hooks.airflow.providers.standard.hooks.subprocess.SubprocessHook"}
{"timestamp":"2025-07-18T06:48:50.292560","level":"info","event":"25/07/18 06:48:50 INFO StandaloneSchedulerBackend: SchedulerBackend is ready for scheduling beginning after reached minRegisteredResourcesRatio: 0.0","logger":"airflow.task.hooks.airflow.providers.standard.hooks.subprocess.SubprocessHook"}
{"timestamp":"2025-07-18T06:48:49.629166","level":"info","event":"25/07/18 06:48:49 INFO SharedState: Setting hive.metastore.warehouse.dir ('null') to the value of spark.sql.warehouse.dir.","logger":"airflow.task.hooks.airflow.providers.standard.hooks.subprocess.SubprocessHook"}
{"timestamp":"2025-07-18T06:48:49.640138","level":"info","event":"25/07/18 06:48:49 INFO SharedState: Warehouse path is 'file:/opt/bitnami/spark/spark-warehouse'.","logger":"airflow.task.hooks.airflow.providers.standard.hooks.subprocess.SubprocessHook"}
{"timestamp":"2025-07-18T06:48:50.920546","level":"info","event":"25/07/18 06:48:50 INFO InMemoryFileIndex: It took 83 ms to list leaf files for 1 paths.","logger":"airflow.task.hooks.airflow.providers.standard.hooks.subprocess.SubprocessHook"}
{"timestamp":"2025-07-18T06:48:51.254727","level":"info","event":"25/07/18 06:48:51 INFO CoarseGrainedSchedulerBackend$DriverEndpoint: Registered executor NettyRpcEndpointRef(spark-client://Executor) (172.24.0.6:52500) with ID 0,  ResourceProfileId 0","logger":"airflow.task.hooks.airflow.providers.standard.hooks.subprocess.SubprocessHook"}
{"timestamp":"2025-07-18T06:48:51.282521","level":"info","event":"25/07/18 06:48:51 INFO SparkContext: Starting job: parquet at NativeMethodAccessorImpl.java:0","logger":"airflow.task.hooks.airflow.providers.standard.hooks.subprocess.SubprocessHook"}
{"timestamp":"2025-07-18T06:48:51.294272","level":"info","event":"25/07/18 06:48:51 INFO DAGScheduler: Got job 0 (parquet at NativeMethodAccessorImpl.java:0) with 1 output partitions","logger":"airflow.task.hooks.airflow.providers.standard.hooks.subprocess.SubprocessHook"}
{"timestamp":"2025-07-18T06:48:51.294512","level":"info","event":"25/07/18 06:48:51 INFO DAGScheduler: Final stage: ResultStage 0 (parquet at NativeMethodAccessorImpl.java:0)","logger":"airflow.task.hooks.airflow.providers.standard.hooks.subprocess.SubprocessHook"}
{"timestamp":"2025-07-18T06:48:51.294660","level":"info","event":"25/07/18 06:48:51 INFO DAGScheduler: Parents of final stage: List()","logger":"airflow.task.hooks.airflow.providers.standard.hooks.subprocess.SubprocessHook"}
{"timestamp":"2025-07-18T06:48:51.296389","level":"info","event":"25/07/18 06:48:51 INFO DAGScheduler: Missing parents: List()","logger":"airflow.task.hooks.airflow.providers.standard.hooks.subprocess.SubprocessHook"}
{"timestamp":"2025-07-18T06:48:51.300758","level":"info","event":"25/07/18 06:48:51 INFO DAGScheduler: Submitting ResultStage 0 (MapPartitionsRDD[1] at parquet at NativeMethodAccessorImpl.java:0), which has no missing parents","logger":"airflow.task.hooks.airflow.providers.standard.hooks.subprocess.SubprocessHook"}
{"timestamp":"2025-07-18T06:48:51.321233","level":"info","event":"25/07/18 06:48:51 INFO BlockManagerMasterEndpoint: Registering block manager 172.24.0.6:42331 with 434.4 MiB RAM, BlockManagerId(0, 172.24.0.6, 42331, None)","logger":"airflow.task.hooks.airflow.providers.standard.hooks.subprocess.SubprocessHook"}
{"timestamp":"2025-07-18T06:48:51.345551","level":"info","event":"25/07/18 06:48:51 INFO MemoryStore: Block broadcast_0 stored as values in memory (estimated size 102.7 KiB, free 434.3 MiB)","logger":"airflow.task.hooks.airflow.providers.standard.hooks.subprocess.SubprocessHook"}
{"timestamp":"2025-07-18T06:48:51.375499","level":"info","event":"25/07/18 06:48:51 INFO MemoryStore: Block broadcast_0_piece0 stored as bytes in memory (estimated size 36.8 KiB, free 434.3 MiB)","logger":"airflow.task.hooks.airflow.providers.standard.hooks.subprocess.SubprocessHook"}
{"timestamp":"2025-07-18T06:48:51.378797","level":"info","event":"25/07/18 06:48:51 INFO BlockManagerInfo: Added broadcast_0_piece0 in memory on 52261d8b8c51:34367 (size: 36.8 KiB, free: 434.4 MiB)","logger":"airflow.task.hooks.airflow.providers.standard.hooks.subprocess.SubprocessHook"}
{"timestamp":"2025-07-18T06:48:51.382400","level":"info","event":"25/07/18 06:48:51 INFO SparkContext: Created broadcast 0 from broadcast at DAGScheduler.scala:1509","logger":"airflow.task.hooks.airflow.providers.standard.hooks.subprocess.SubprocessHook"}
{"timestamp":"2025-07-18T06:48:51.393025","level":"info","event":"25/07/18 06:48:51 INFO DAGScheduler: Submitting 1 missing tasks from ResultStage 0 (MapPartitionsRDD[1] at parquet at NativeMethodAccessorImpl.java:0) (first 15 tasks are for partitions Vector(0))","logger":"airflow.task.hooks.airflow.providers.standard.hooks.subprocess.SubprocessHook"}
{"timestamp":"2025-07-18T06:48:51.393679","level":"info","event":"25/07/18 06:48:51 INFO TaskSchedulerImpl: Adding task set 0.0 with 1 tasks resource profile 0","logger":"airflow.task.hooks.airflow.providers.standard.hooks.subprocess.SubprocessHook"}
{"timestamp":"2025-07-18T06:48:51.422561","level":"info","event":"25/07/18 06:48:51 INFO TaskSetManager: Starting task 0.0 in stage 0.0 (TID 0) (172.24.0.6, executor 0, partition 0, PROCESS_LOCAL, 4667 bytes) taskResourceAssignments Map()","logger":"airflow.task.hooks.airflow.providers.standard.hooks.subprocess.SubprocessHook"}
{"timestamp":"2025-07-18T06:48:51.601879","level":"info","event":"25/07/18 06:48:51 INFO BlockManagerInfo: Added broadcast_0_piece0 in memory on 172.24.0.6:42331 (size: 36.8 KiB, free: 434.4 MiB)","logger":"airflow.task.hooks.airflow.providers.standard.hooks.subprocess.SubprocessHook"}
{"timestamp":"2025-07-18T06:48:52.435404","level":"info","event":"25/07/18 06:48:52 INFO TaskSetManager: Finished task 0.0 in stage 0.0 (TID 0) in 1022 ms on 172.24.0.6 (executor 0) (1/1)","logger":"airflow.task.hooks.airflow.providers.standard.hooks.subprocess.SubprocessHook"}
{"timestamp":"2025-07-18T06:48:52.436312","level":"info","event":"25/07/18 06:48:52 INFO TaskSchedulerImpl: Removed TaskSet 0.0, whose tasks have all completed, from pool","logger":"airflow.task.hooks.airflow.providers.standard.hooks.subprocess.SubprocessHook"}
{"timestamp":"2025-07-18T06:48:52.441299","level":"info","event":"25/07/18 06:48:52 INFO DAGScheduler: ResultStage 0 (parquet at NativeMethodAccessorImpl.java:0) finished in 1.128 s","logger":"airflow.task.hooks.airflow.providers.standard.hooks.subprocess.SubprocessHook"}
{"timestamp":"2025-07-18T06:48:52.443573","level":"info","event":"25/07/18 06:48:52 INFO DAGScheduler: Job 0 is finished. Cancelling potential speculative or zombie tasks for this job","logger":"airflow.task.hooks.airflow.providers.standard.hooks.subprocess.SubprocessHook"}
{"timestamp":"2025-07-18T06:48:52.443789","level":"info","event":"25/07/18 06:48:52 INFO TaskSchedulerImpl: Killing all running tasks in stage 0: Stage finished","logger":"airflow.task.hooks.airflow.providers.standard.hooks.subprocess.SubprocessHook"}
{"timestamp":"2025-07-18T06:48:52.445542","level":"info","event":"25/07/18 06:48:52 INFO DAGScheduler: Job 0 finished: parquet at NativeMethodAccessorImpl.java:0, took 1.162908 s","logger":"airflow.task.hooks.airflow.providers.standard.hooks.subprocess.SubprocessHook"}
{"timestamp":"2025-07-18T06:48:52.931994","level":"info","event":"25/07/18 06:48:52 INFO BlockManagerInfo: Removed broadcast_0_piece0 on 52261d8b8c51:34367 in memory (size: 36.8 KiB, free: 434.4 MiB)","logger":"airflow.task.hooks.airflow.providers.standard.hooks.subprocess.SubprocessHook"}
{"timestamp":"2025-07-18T06:48:52.941858","level":"info","event":"25/07/18 06:48:52 INFO BlockManagerInfo: Removed broadcast_0_piece0 on 172.24.0.6:42331 in memory (size: 36.8 KiB, free: 434.4 MiB)","logger":"airflow.task.hooks.airflow.providers.standard.hooks.subprocess.SubprocessHook"}
{"timestamp":"2025-07-18T06:48:53.942599","level":"info","event":"25/07/18 06:48:53 INFO FileSourceStrategy: Pushed Filters:","logger":"airflow.task.hooks.airflow.providers.standard.hooks.subprocess.SubprocessHook"}
{"timestamp":"2025-07-18T06:48:53.943622","level":"info","event":"25/07/18 06:48:53 INFO FileSourceStrategy: Post-Scan Filters:","logger":"airflow.task.hooks.airflow.providers.standard.hooks.subprocess.SubprocessHook"}
{"timestamp":"2025-07-18T06:48:53.946091","level":"info","event":"25/07/18 06:48:53 INFO FileSourceStrategy: Output Data Schema: struct<invoice_no: string, stock_code: string, description: string, quantity: int, invoice_date: string ... 8 more fields>","logger":"airflow.task.hooks.airflow.providers.standard.hooks.subprocess.SubprocessHook"}
{"timestamp":"2025-07-18T06:48:54.109555","level":"info","event":"25/07/18 06:48:54 INFO CodeGenerator: Code generated in 104.554319 ms","logger":"airflow.task.hooks.airflow.providers.standard.hooks.subprocess.SubprocessHook"}
{"timestamp":"2025-07-18T06:48:54.135815","level":"info","event":"25/07/18 06:48:54 INFO MemoryStore: Block broadcast_1 stored as values in memory (estimated size 201.8 KiB, free 434.2 MiB)","logger":"airflow.task.hooks.airflow.providers.standard.hooks.subprocess.SubprocessHook"}
{"timestamp":"2025-07-18T06:48:54.146564","level":"info","event":"25/07/18 06:48:54 INFO MemoryStore: Block broadcast_1_piece0 stored as bytes in memory (estimated size 34.9 KiB, free 434.2 MiB)","logger":"airflow.task.hooks.airflow.providers.standard.hooks.subprocess.SubprocessHook"}
{"timestamp":"2025-07-18T06:48:54.147073","level":"info","event":"25/07/18 06:48:54 INFO BlockManagerInfo: Added broadcast_1_piece0 in memory on 52261d8b8c51:34367 (size: 34.9 KiB, free: 434.4 MiB)","logger":"airflow.task.hooks.airflow.providers.standard.hooks.subprocess.SubprocessHook"}
{"timestamp":"2025-07-18T06:48:54.148542","level":"info","event":"25/07/18 06:48:54 INFO SparkContext: Created broadcast 1 from rdd at SnowflakeWriter.scala:87","logger":"airflow.task.hooks.airflow.providers.standard.hooks.subprocess.SubprocessHook"}
{"timestamp":"2025-07-18T06:48:54.157557","level":"info","event":"25/07/18 06:48:54 INFO FileSourceScanExec: Planning scan with bin packing, max size: 4489130 bytes, open cost is considered as scanning 4194304 bytes.","logger":"airflow.task.hooks.airflow.providers.standard.hooks.subprocess.SubprocessHook"}
{"timestamp":"2025-07-18T06:48:54.217292","level":"info","event":"25/07/18 06:48:54 WARN ServerConnection$: JDBC 3.13.31 is being used. But the certified JDBC version 3.13.30 is recommended.","logger":"airflow.task.hooks.airflow.providers.standard.hooks.subprocess.SubprocessHook"}
{"timestamp":"2025-07-18T06:48:55.773624","level":"info","event":"25/07/18 06:48:55 INFO ServerConnection$: Create ServerConnection with new JDBC connection: 182007829172282","logger":"airflow.task.hooks.airflow.providers.standard.hooks.subprocess.SubprocessHook"}
{"timestamp":"2025-07-18T06:48:55.782120","level":"info","event":"25/07/18 06:48:55 INFO SparkConnectorContext$: Spark Connector system config: {","logger":"airflow.task.hooks.airflow.providers.standard.hooks.subprocess.SubprocessHook"}
{"timestamp":"2025-07-18T06:48:55.782279","level":"info","event":"  \"spark_connector_version\" : \"2.12.0\",","logger":"airflow.task.hooks.airflow.providers.standard.hooks.subprocess.SubprocessHook"}
{"timestamp":"2025-07-18T06:48:55.782345","level":"info","event":"  \"spark_version\" : \"3.3.3\",","logger":"airflow.task.hooks.airflow.providers.standard.hooks.subprocess.SubprocessHook"}
{"timestamp":"2025-07-18T06:48:55.782388","level":"info","event":"  \"application_name\" : \"Retail_Snowflake_Staging\",","logger":"airflow.task.hooks.airflow.providers.standard.hooks.subprocess.SubprocessHook"}
{"timestamp":"2025-07-18T06:48:55.782427","level":"info","event":"  \"scala_version\" : \"2.12.15\",","logger":"airflow.task.hooks.airflow.providers.standard.hooks.subprocess.SubprocessHook"}
{"timestamp":"2025-07-18T06:48:55.782464","level":"info","event":"  \"java_version\" : \"17.0.9\",","logger":"airflow.task.hooks.airflow.providers.standard.hooks.subprocess.SubprocessHook"}
{"timestamp":"2025-07-18T06:48:55.782498","level":"info","event":"  \"jdbc_version\" : \"3.13.31\",","logger":"airflow.task.hooks.airflow.providers.standard.hooks.subprocess.SubprocessHook"}
{"timestamp":"2025-07-18T06:48:55.782533","level":"info","event":"  \"certified_jdbc_version\" : \"3.13.30\",","logger":"airflow.task.hooks.airflow.providers.standard.hooks.subprocess.SubprocessHook"}
{"timestamp":"2025-07-18T06:48:55.782579","level":"info","event":"  \"os_name\" : \"Linux\",","logger":"airflow.task.hooks.airflow.providers.standard.hooks.subprocess.SubprocessHook"}
{"timestamp":"2025-07-18T06:48:55.782615","level":"info","event":"  \"max_memory_in_mb\" : 1024,","logger":"airflow.task.hooks.airflow.providers.standard.hooks.subprocess.SubprocessHook"}
{"timestamp":"2025-07-18T06:48:55.782649","level":"info","event":"  \"total_memory_in_mb\" : 160,","logger":"airflow.task.hooks.airflow.providers.standard.hooks.subprocess.SubprocessHook"}
{"timestamp":"2025-07-18T06:48:55.782682","level":"info","event":"  \"free_memory_in_mb\" : 50,","logger":"airflow.task.hooks.airflow.providers.standard.hooks.subprocess.SubprocessHook"}
{"timestamp":"2025-07-18T06:48:55.782715","level":"info","event":"  \"cpu_cores\" : 12,","logger":"airflow.task.hooks.airflow.providers.standard.hooks.subprocess.SubprocessHook"}
{"timestamp":"2025-07-18T06:48:55.782749","level":"info","event":"  \"spark_application_id\" : \"app-20250718064850-0005\",","logger":"airflow.task.hooks.airflow.providers.standard.hooks.subprocess.SubprocessHook"}
{"timestamp":"2025-07-18T06:48:55.782785","level":"info","event":"  \"spark_language\" : \"Scala\",","logger":"airflow.task.hooks.airflow.providers.standard.hooks.subprocess.SubprocessHook"}
{"timestamp":"2025-07-18T06:48:55.782819","level":"info","event":"  \"is_pyspark\" : false,","logger":"airflow.task.hooks.airflow.providers.standard.hooks.subprocess.SubprocessHook"}
{"timestamp":"2025-07-18T06:48:55.782854","level":"info","event":"  \"spark_config\" : {","logger":"airflow.task.hooks.airflow.providers.standard.hooks.subprocess.SubprocessHook"}
{"timestamp":"2025-07-18T06:48:55.782887","level":"info","event":"    \"spark.app.startTime\" : \"N/A\",","logger":"airflow.task.hooks.airflow.providers.standard.hooks.subprocess.SubprocessHook"}
{"timestamp":"2025-07-18T06:48:55.782921","level":"info","event":"    \"spark.driver.host\" : \"52261d8b8c51\",","logger":"airflow.task.hooks.airflow.providers.standard.hooks.subprocess.SubprocessHook"}
{"timestamp":"2025-07-18T06:48:55.782954","level":"info","event":"    \"spark.sql.warehouse.dir\" : \"N/A\",","logger":"airflow.task.hooks.airflow.providers.standard.hooks.subprocess.SubprocessHook"}
{"timestamp":"2025-07-18T06:48:55.783028","level":"info","event":"    \"spark.app.name\" : \"Retail_Snowflake_Staging\",","logger":"airflow.task.hooks.airflow.providers.standard.hooks.subprocess.SubprocessHook"}
{"timestamp":"2025-07-18T06:48:55.783088","level":"info","event":"    \"spark.executor.id\" : \"driver\",","logger":"airflow.task.hooks.airflow.providers.standard.hooks.subprocess.SubprocessHook"}
{"timestamp":"2025-07-18T06:48:55.783165","level":"info","event":"    \"spark.driver.extraJavaOptions\" : \"-XX:+IgnoreUnrecognizedVMOptions --add-opens=java.base/java.lang=ALL-UNNAMED --add-opens=java.base/java.lang.invoke=ALL-UNNAMED --add-opens=java.base/java.lang.reflect=ALL-UNNAMED --add-opens=java.base/java.io=ALL-UNNAMED --add-opens=java.base/java.net=ALL-UNNAMED --add-opens=java.base/java.nio=ALL-UNNAMED --add-opens=java.base/java.util=ALL-UNNAMED --add-opens=java.base/java.util.concurrent=ALL-UNNAMED --add-opens=java.base/java.util.concurrent.atomic=ALL-UNNAMED --add-opens=java.base/sun.nio.ch=ALL-UNNAMED --add-opens=java.base/sun.nio.cs=ALL-UNNAMED --add-opens=java.base/sun.security.action=ALL-UNNAMED --add-opens=java.base/sun.util.calendar=ALL-UNNAMED --add-opens=java.security.jgss/sun.security.krb5=ALL-UNNAMED --add-exports java.base/sun.nio.ch=ALL-UNNAMED\",","logger":"airflow.task.hooks.airflow.providers.standard.hooks.subprocess.SubprocessHook"}
{"timestamp":"2025-07-18T06:48:55.783242","level":"info","event":"    \"spark.driver.port\" : \"N/A\",","logger":"airflow.task.hooks.airflow.providers.standard.hooks.subprocess.SubprocessHook"}
{"timestamp":"2025-07-18T06:48:55.783287","level":"info","event":"    \"spark.rdd.compress\" : \"N/A\",","logger":"airflow.task.hooks.airflow.providers.standard.hooks.subprocess.SubprocessHook"}
{"timestamp":"2025-07-18T06:48:55.783321","level":"info","event":"    \"spark.app.submitTime\" : \"N/A\",","logger":"airflow.task.hooks.airflow.providers.standard.hooks.subprocess.SubprocessHook"}
{"timestamp":"2025-07-18T06:48:55.783361","level":"info","event":"    \"spark.executor.extraJavaOptions\" : \"-XX:+IgnoreUnrecognizedVMOptions --add-opens=java.base/java.lang=ALL-UNNAMED --add-opens=java.base/java.lang.invoke=ALL-UNNAMED --add-opens=java.base/java.lang.reflect=ALL-UNNAMED --add-opens=java.base/java.io=ALL-UNNAMED --add-opens=java.base/java.net=ALL-UNNAMED --add-opens=java.base/java.nio=ALL-UNNAMED --add-opens=java.base/java.util=ALL-UNNAMED --add-opens=java.base/java.util.concurrent=ALL-UNNAMED --add-opens=java.base/java.util.concurrent.atomic=ALL-UNNAMED --add-opens=java.base/sun.nio.ch=ALL-UNNAMED --add-opens=java.base/sun.nio.cs=ALL-UNNAMED --add-opens=java.base/sun.security.action=ALL-UNNAMED --add-opens=java.base/sun.util.calendar=ALL-UNNAMED --add-opens=java.security.jgss/sun.security.krb5=ALL-UNNAMED\",","logger":"airflow.task.hooks.airflow.providers.standard.hooks.subprocess.SubprocessHook"}
{"timestamp":"2025-07-18T06:48:55.783399","level":"info","event":"    \"spark.serializer.objectStreamReset\" : \"N/A\",","logger":"airflow.task.hooks.airflow.providers.standard.hooks.subprocess.SubprocessHook"}
{"timestamp":"2025-07-18T06:48:55.783433","level":"info","event":"    \"spark.submit.pyFiles\" : \"N/A\",","logger":"airflow.task.hooks.airflow.providers.standard.hooks.subprocess.SubprocessHook"}
{"timestamp":"2025-07-18T06:48:55.783465","level":"info","event":"    \"spark.submit.deployMode\" : \"client\",","logger":"airflow.task.hooks.airflow.providers.standard.hooks.subprocess.SubprocessHook"}
{"timestamp":"2025-07-18T06:48:55.783498","level":"info","event":"    \"spark.master\" : \"spark://retail-spark-master:7077\",","logger":"airflow.task.hooks.airflow.providers.standard.hooks.subprocess.SubprocessHook"}
{"timestamp":"2025-07-18T06:48:55.783530","level":"info","event":"    \"spark.app.id\" : \"app-20250718064850-0005\"","logger":"airflow.task.hooks.airflow.providers.standard.hooks.subprocess.SubprocessHook"}
{"timestamp":"2025-07-18T06:48:55.783561","level":"info","event":"  },","logger":"airflow.task.hooks.airflow.providers.standard.hooks.subprocess.SubprocessHook"}
{"timestamp":"2025-07-18T06:48:55.783594","level":"info","event":"  \"libraries\" : [ \"py4j\", \"py4j.commands\", \"py4j.reflection\" ],","logger":"airflow.task.hooks.airflow.providers.standard.hooks.subprocess.SubprocessHook"}
{"timestamp":"2025-07-18T06:48:55.783630","level":"info","event":"  \"dependencies\" : [ ],","logger":"airflow.task.hooks.airflow.providers.standard.hooks.subprocess.SubprocessHook"}
{"timestamp":"2025-07-18T06:48:55.783662","level":"info","event":"  \"cluster_node_count\" : 2,","logger":"airflow.task.hooks.airflow.providers.standard.hooks.subprocess.SubprocessHook"}
{"timestamp":"2025-07-18T06:48:55.783719","level":"info","event":"  \"spark_default_parallelism\" : 12,","logger":"airflow.task.hooks.airflow.providers.standard.hooks.subprocess.SubprocessHook"}
{"timestamp":"2025-07-18T06:48:55.783773","level":"info","event":"  \"deploy_mode\" : \"client\"","logger":"airflow.task.hooks.airflow.providers.standard.hooks.subprocess.SubprocessHook"}
{"timestamp":"2025-07-18T06:48:55.783815","level":"info","event":"}","logger":"airflow.task.hooks.airflow.providers.standard.hooks.subprocess.SubprocessHook"}
{"timestamp":"2025-07-18T06:48:55.791534","level":"info","event":"25/07/18 06:48:55 INFO SnowflakeSQLStatement: Spark Connector Master: execute query with bind variable: alter session set timezone = 'Etc/UTC' , timestamp_ntz_output_format = 'YYYY-MM-DD HH24:MI:SS.FF3', timestamp_ltz_output_format = 'TZHTZM YYYY-MM-DD HH24:MI:SS.FF3', timestamp_tz_output_format = 'TZHTZM YYYY-MM-DD HH24:MI:SS.FF3' ;","logger":"airflow.task.hooks.airflow.providers.standard.hooks.subprocess.SubprocessHook"}
{"timestamp":"2025-07-18T06:48:56.477975","level":"info","event":"25/07/18 06:48:56 INFO SnowflakeSQLStatement: Spark Connector Master: execute query with bind variable: create  temporary stage if not exists identifier(?)","logger":"airflow.task.hooks.airflow.providers.standard.hooks.subprocess.SubprocessHook"}
{"timestamp":"2025-07-18T06:48:56.734241","level":"info","event":"Traceback (most recent call last):","logger":"airflow.task.hooks.airflow.providers.standard.hooks.subprocess.SubprocessHook"}
{"timestamp":"2025-07-18T06:48:56.734492","level":"info","event":"  File \"/opt/spark-apps/scripts/snowflake_staging.py\", line 22, in <module>","logger":"airflow.task.hooks.airflow.providers.standard.hooks.subprocess.SubprocessHook"}
{"timestamp":"2025-07-18T06:48:56.738045","level":"info","event":"    .save()","logger":"airflow.task.hooks.airflow.providers.standard.hooks.subprocess.SubprocessHook"}
{"timestamp":"2025-07-18T06:48:56.738220","level":"info","event":"  File \"/opt/bitnami/spark/python/lib/pyspark.zip/pyspark/sql/readwriter.py\", line 966, in save","logger":"airflow.task.hooks.airflow.providers.standard.hooks.subprocess.SubprocessHook"}
{"timestamp":"2025-07-18T06:48:56.738721","level":"info","event":"  File \"/opt/bitnami/spark/python/lib/py4j-0.10.9.5-src.zip/py4j/java_gateway.py\", line 1321, in __call__","logger":"airflow.task.hooks.airflow.providers.standard.hooks.subprocess.SubprocessHook"}
{"timestamp":"2025-07-18T06:48:56.739780","level":"info","event":"  File \"/opt/bitnami/spark/python/lib/pyspark.zip/pyspark/sql/utils.py\", line 190, in deco","logger":"airflow.task.hooks.airflow.providers.standard.hooks.subprocess.SubprocessHook"}
{"timestamp":"2025-07-18T06:48:56.740926","level":"info","event":"  File \"/opt/bitnami/spark/python/lib/py4j-0.10.9.5-src.zip/py4j/protocol.py\", line 326, in get_return_value","logger":"airflow.task.hooks.airflow.providers.standard.hooks.subprocess.SubprocessHook"}
{"timestamp":"2025-07-18T06:48:56.742700","level":"info","event":"py4j.protocol.Py4JJavaError: An error occurred while calling o40.save.","logger":"airflow.task.hooks.airflow.providers.standard.hooks.subprocess.SubprocessHook"}
{"timestamp":"2025-07-18T06:48:56.742826","level":"info","event":": net.snowflake.client.jdbc.SnowflakeSQLException: Cannot perform CREATE TEMPSTAGE. This session does not have a current database. Call 'USE DATABASE', or use a qualified name.","logger":"airflow.task.hooks.airflow.providers.standard.hooks.subprocess.SubprocessHook"}
{"timestamp":"2025-07-18T06:48:56.742886","level":"info","event":"\tat net.snowflake.client.jdbc.SnowflakeUtil.checkErrorAndThrowExceptionSub(SnowflakeUtil.java:142)","logger":"airflow.task.hooks.airflow.providers.standard.hooks.subprocess.SubprocessHook"}
{"timestamp":"2025-07-18T06:48:56.742921","level":"info","event":"\tat net.snowflake.client.jdbc.SnowflakeUtil.checkErrorAndThrowException(SnowflakeUtil.java:75)","logger":"airflow.task.hooks.airflow.providers.standard.hooks.subprocess.SubprocessHook"}
{"timestamp":"2025-07-18T06:48:56.742952","level":"info","event":"\tat net.snowflake.client.core.StmtUtil.pollForOutput(StmtUtil.java:468)","logger":"airflow.task.hooks.airflow.providers.standard.hooks.subprocess.SubprocessHook"}
{"timestamp":"2025-07-18T06:48:56.742981","level":"info","event":"\tat net.snowflake.client.core.StmtUtil.execute(StmtUtil.java:374)","logger":"airflow.task.hooks.airflow.providers.standard.hooks.subprocess.SubprocessHook"}
{"timestamp":"2025-07-18T06:48:56.743071","level":"info","event":"\tat net.snowflake.client.core.SFStatement.executeHelper(SFStatement.java:481)","logger":"airflow.task.hooks.airflow.providers.standard.hooks.subprocess.SubprocessHook"}
{"timestamp":"2025-07-18T06:48:56.743108","level":"info","event":"\tat net.snowflake.client.core.SFStatement.executeQueryInternal(SFStatement.java:199)","logger":"airflow.task.hooks.airflow.providers.standard.hooks.subprocess.SubprocessHook"}
{"timestamp":"2025-07-18T06:48:56.743144","level":"info","event":"\tat net.snowflake.client.core.SFStatement.executeQuery(SFStatement.java:133)","logger":"airflow.task.hooks.airflow.providers.standard.hooks.subprocess.SubprocessHook"}
{"timestamp":"2025-07-18T06:48:56.743174","level":"info","event":"\tat net.snowflake.client.core.SFStatement.execute(SFStatement.java:763)","logger":"airflow.task.hooks.airflow.providers.standard.hooks.subprocess.SubprocessHook"}
{"timestamp":"2025-07-18T06:48:56.743201","level":"info","event":"\tat net.snowflake.client.core.SFStatement.execute(SFStatement.java:672)","logger":"airflow.task.hooks.airflow.providers.standard.hooks.subprocess.SubprocessHook"}
{"timestamp":"2025-07-18T06:48:56.743235","level":"info","event":"\tat net.snowflake.client.jdbc.SnowflakeStatementV1.executeQueryInternal(SnowflakeStatementV1.java:274)","logger":"airflow.task.hooks.airflow.providers.standard.hooks.subprocess.SubprocessHook"}
{"timestamp":"2025-07-18T06:48:56.743265","level":"info","event":"\tat net.snowflake.client.jdbc.SnowflakePreparedStatementV1.executeQuery(SnowflakePreparedStatementV1.java:119)","logger":"airflow.task.hooks.airflow.providers.standard.hooks.subprocess.SubprocessHook"}
{"timestamp":"2025-07-18T06:48:56.743292","level":"info","event":"\tat net.snowflake.spark.snowflake.JDBCWrapper.$anonfun$executePreparedQueryInterruptibly$1(SnowflakeJDBCWrapper.scala:205)","logger":"airflow.task.hooks.airflow.providers.standard.hooks.subprocess.SubprocessHook"}
{"timestamp":"2025-07-18T06:48:56.743319","level":"info","event":"\tat net.snowflake.spark.snowflake.JDBCWrapper.$anonfun$executeInterruptibly$2(SnowflakeJDBCWrapper.scala:252)","logger":"airflow.task.hooks.airflow.providers.standard.hooks.subprocess.SubprocessHook"}
{"timestamp":"2025-07-18T06:48:56.743346","level":"info","event":"\tat scala.concurrent.Future$.$anonfun$apply$1(Future.scala:659)","logger":"airflow.task.hooks.airflow.providers.standard.hooks.subprocess.SubprocessHook"}
{"timestamp":"2025-07-18T06:48:56.743372","level":"info","event":"\tat scala.util.Success.$anonfun$map$1(Try.scala:255)","logger":"airflow.task.hooks.airflow.providers.standard.hooks.subprocess.SubprocessHook"}
{"timestamp":"2025-07-18T06:48:56.743403","level":"info","event":"\tat scala.util.Success.map(Try.scala:213)","logger":"airflow.task.hooks.airflow.providers.standard.hooks.subprocess.SubprocessHook"}
{"timestamp":"2025-07-18T06:48:56.743431","level":"info","event":"\tat scala.concurrent.Future.$anonfun$map$1(Future.scala:292)","logger":"airflow.task.hooks.airflow.providers.standard.hooks.subprocess.SubprocessHook"}
{"timestamp":"2025-07-18T06:48:56.743457","level":"info","event":"\tat scala.concurrent.impl.Promise.liftedTree1$1(Promise.scala:33)","logger":"airflow.task.hooks.airflow.providers.standard.hooks.subprocess.SubprocessHook"}
{"timestamp":"2025-07-18T06:48:56.743482","level":"info","event":"\tat scala.concurrent.impl.Promise.$anonfun$transform$1(Promise.scala:33)","logger":"airflow.task.hooks.airflow.providers.standard.hooks.subprocess.SubprocessHook"}
{"timestamp":"2025-07-18T06:48:56.743506","level":"info","event":"\tat scala.concurrent.impl.CallbackRunnable.run(Promise.scala:64)","logger":"airflow.task.hooks.airflow.providers.standard.hooks.subprocess.SubprocessHook"}
{"timestamp":"2025-07-18T06:48:56.743531","level":"info","event":"\tat java.base/java.util.concurrent.ThreadPoolExecutor.runWorker(ThreadPoolExecutor.java:1136)","logger":"airflow.task.hooks.airflow.providers.standard.hooks.subprocess.SubprocessHook"}
{"timestamp":"2025-07-18T06:48:56.743556","level":"info","event":"\tat java.base/java.util.concurrent.ThreadPoolExecutor$Worker.run(ThreadPoolExecutor.java:635)","logger":"airflow.task.hooks.airflow.providers.standard.hooks.subprocess.SubprocessHook"}
{"timestamp":"2025-07-18T06:48:56.743581","level":"info","event":"\tat java.base/java.lang.Thread.run(Thread.java:840)","logger":"airflow.task.hooks.airflow.providers.standard.hooks.subprocess.SubprocessHook"}
{"timestamp":"2025-07-18T06:48:56.743608","level":"info","event":"","logger":"airflow.task.hooks.airflow.providers.standard.hooks.subprocess.SubprocessHook"}
{"timestamp":"2025-07-18T06:48:56.767021","level":"info","event":"25/07/18 06:48:56 INFO SparkContext: Invoking stop() from shutdown hook","logger":"airflow.task.hooks.airflow.providers.standard.hooks.subprocess.SubprocessHook"}
{"timestamp":"2025-07-18T06:48:56.777251","level":"info","event":"25/07/18 06:48:56 INFO SparkUI: Stopped Spark web UI at http://52261d8b8c51:4040","logger":"airflow.task.hooks.airflow.providers.standard.hooks.subprocess.SubprocessHook"}
{"timestamp":"2025-07-18T06:48:56.779901","level":"info","event":"25/07/18 06:48:56 INFO StandaloneSchedulerBackend: Shutting down all executors","logger":"airflow.task.hooks.airflow.providers.standard.hooks.subprocess.SubprocessHook"}
{"timestamp":"2025-07-18T06:48:56.780142","level":"info","event":"25/07/18 06:48:56 INFO CoarseGrainedSchedulerBackend$DriverEndpoint: Asking each executor to shut down","logger":"airflow.task.hooks.airflow.providers.standard.hooks.subprocess.SubprocessHook"}
{"timestamp":"2025-07-18T06:48:56.798084","level":"info","event":"25/07/18 06:48:56 INFO MapOutputTrackerMasterEndpoint: MapOutputTrackerMasterEndpoint stopped!","logger":"airflow.task.hooks.airflow.providers.standard.hooks.subprocess.SubprocessHook"}
{"timestamp":"2025-07-18T06:48:56.815584","level":"info","event":"25/07/18 06:48:56 INFO MemoryStore: MemoryStore cleared","logger":"airflow.task.hooks.airflow.providers.standard.hooks.subprocess.SubprocessHook"}
{"timestamp":"2025-07-18T06:48:56.815773","level":"info","event":"25/07/18 06:48:56 INFO BlockManager: BlockManager stopped","logger":"airflow.task.hooks.airflow.providers.standard.hooks.subprocess.SubprocessHook"}
{"timestamp":"2025-07-18T06:48:56.818410","level":"info","event":"25/07/18 06:48:56 INFO BlockManagerMaster: BlockManagerMaster stopped","logger":"airflow.task.hooks.airflow.providers.standard.hooks.subprocess.SubprocessHook"}
{"timestamp":"2025-07-18T06:48:56.821112","level":"info","event":"25/07/18 06:48:56 INFO OutputCommitCoordinator$OutputCommitCoordinatorEndpoint: OutputCommitCoordinator stopped!","logger":"airflow.task.hooks.airflow.providers.standard.hooks.subprocess.SubprocessHook"}
{"timestamp":"2025-07-18T06:48:56.835970","level":"info","event":"25/07/18 06:48:56 INFO SparkContext: Successfully stopped SparkContext","logger":"airflow.task.hooks.airflow.providers.standard.hooks.subprocess.SubprocessHook"}
{"timestamp":"2025-07-18T06:48:56.836125","level":"info","event":"25/07/18 06:48:56 INFO ShutdownHookManager: Shutdown hook called","logger":"airflow.task.hooks.airflow.providers.standard.hooks.subprocess.SubprocessHook"}
{"timestamp":"2025-07-18T06:48:56.836663","level":"info","event":"25/07/18 06:48:56 INFO ShutdownHookManager: Deleting directory /tmp/spark-ae7d0d15-47a4-47d2-bd46-9702947b6753","logger":"airflow.task.hooks.airflow.providers.standard.hooks.subprocess.SubprocessHook"}
{"timestamp":"2025-07-18T06:48:56.840697","level":"info","event":"25/07/18 06:48:56 INFO ShutdownHookManager: Deleting directory /tmp/spark-aec5b125-b35b-42dc-ba40-b69c6137111c/pyspark-18367bfb-f645-4ffc-94c1-4f40d4b6a998","logger":"airflow.task.hooks.airflow.providers.standard.hooks.subprocess.SubprocessHook"}
{"timestamp":"2025-07-18T06:48:56.844353","level":"info","event":"25/07/18 06:48:56 INFO ShutdownHookManager: Deleting directory /tmp/spark-aec5b125-b35b-42dc-ba40-b69c6137111c","logger":"airflow.task.hooks.airflow.providers.standard.hooks.subprocess.SubprocessHook"}
{"timestamp":"2025-07-18T06:48:56.904983","level":"info","event":"Command exited with return code 1","logger":"airflow.task.hooks.airflow.providers.standard.hooks.subprocess.SubprocessHook"}
{"timestamp":"2025-07-18T06:48:56.905581","level":"error","event":"Task failed with exception","logger":"task","error_detail":[{"exc_type":"AirflowException","exc_value":"Bash command failed. The command returned a non-zero exit code 1.","exc_notes":[],"syntax_error":null,"is_cause":false,"frames":[{"filename":"/home/airflow/.local/lib/python3.12/site-packages/airflow/sdk/execution_time/task_runner.py","lineno":825,"name":"run"},{"filename":"/home/airflow/.local/lib/python3.12/site-packages/airflow/sdk/execution_time/task_runner.py","lineno":1088,"name":"_execute_task"},{"filename":"/home/airflow/.local/lib/python3.12/site-packages/airflow/sdk/bases/operator.py","lineno":408,"name":"wrapper"},{"filename":"/home/airflow/.local/lib/python3.12/site-packages/airflow/providers/standard/operators/bash.py","lineno":233,"name":"execute"}]}]}
