{"timestamp":"2025-07-18T06:44:32.900344","level":"info","event":"DAG bundles loaded: dags-folder","logger":"airflow.dag_processing.bundles.manager.DagBundlesManager"}
{"timestamp":"2025-07-18T06:44:32.900915","level":"info","event":"Filling up the DagBag from /opt/airflow/dags/upload_to_hdfs_dag.py","logger":"airflow.models.dagbag.DagBag"}
{"timestamp":"2025-07-18T06:44:32.925265","level":"info","event":"Tmp dir root location: /tmp","logger":"airflow.task.hooks.airflow.providers.standard.hooks.subprocess.SubprocessHook"}
{"timestamp":"2025-07-18T06:44:32.927766","level":"info","event":"Running command: ['/usr/bin/bash', '-c', 'docker exec retail-spark-master                        /opt/bitnami/spark/bin/spark-submit                        --master spark://spark-master:7077 /opt/spark-apps/scripts/snowflake_staging.py']","logger":"airflow.task.hooks.airflow.providers.standard.hooks.subprocess.SubprocessHook"}
{"timestamp":"2025-07-18T06:44:32.945833","level":"info","event":"Output:","logger":"airflow.task.hooks.airflow.providers.standard.hooks.subprocess.SubprocessHook"}
{"timestamp":"2025-07-18T06:44:34.754764","level":"info","event":"25/07/18 06:44:34 INFO SparkContext: Running Spark version 3.3.3","logger":"airflow.task.hooks.airflow.providers.standard.hooks.subprocess.SubprocessHook"}
{"timestamp":"2025-07-18T06:44:34.781183","level":"info","event":"25/07/18 06:44:34 INFO ResourceUtils: ==============================================================","logger":"airflow.task.hooks.airflow.providers.standard.hooks.subprocess.SubprocessHook"}
{"timestamp":"2025-07-18T06:44:34.781604","level":"info","event":"25/07/18 06:44:34 INFO ResourceUtils: No custom resources configured for spark.driver.","logger":"airflow.task.hooks.airflow.providers.standard.hooks.subprocess.SubprocessHook"}
{"timestamp":"2025-07-18T06:44:34.782157","level":"info","event":"25/07/18 06:44:34 INFO ResourceUtils: ==============================================================","logger":"airflow.task.hooks.airflow.providers.standard.hooks.subprocess.SubprocessHook"}
{"timestamp":"2025-07-18T06:44:34.782952","level":"info","event":"25/07/18 06:44:34 INFO SparkContext: Submitted application: Retail_Snowflake_Staging","logger":"airflow.task.hooks.airflow.providers.standard.hooks.subprocess.SubprocessHook"}
{"timestamp":"2025-07-18T06:44:34.800417","level":"info","event":"25/07/18 06:44:34 INFO ResourceProfile: Default ResourceProfile created, executor resources: Map(cores -> name: cores, amount: 1, script: , vendor: , memory -> name: memory, amount: 1024, script: , vendor: , offHeap -> name: offHeap, amount: 0, script: , vendor: ), task resources: Map(cpus -> name: cpus, amount: 1.0)","logger":"airflow.task.hooks.airflow.providers.standard.hooks.subprocess.SubprocessHook"}
{"timestamp":"2025-07-18T06:44:34.806784","level":"info","event":"25/07/18 06:44:34 INFO ResourceProfile: Limiting resource is cpu","logger":"airflow.task.hooks.airflow.providers.standard.hooks.subprocess.SubprocessHook"}
{"timestamp":"2025-07-18T06:44:34.807217","level":"info","event":"25/07/18 06:44:34 INFO ResourceProfileManager: Added ResourceProfile id: 0","logger":"airflow.task.hooks.airflow.providers.standard.hooks.subprocess.SubprocessHook"}
{"timestamp":"2025-07-18T06:44:34.844442","level":"info","event":"25/07/18 06:44:34 INFO SecurityManager: Changing view acls to: spark","logger":"airflow.task.hooks.airflow.providers.standard.hooks.subprocess.SubprocessHook"}
{"timestamp":"2025-07-18T06:44:34.844633","level":"info","event":"25/07/18 06:44:34 INFO SecurityManager: Changing modify acls to: spark","logger":"airflow.task.hooks.airflow.providers.standard.hooks.subprocess.SubprocessHook"}
{"timestamp":"2025-07-18T06:44:34.844846","level":"info","event":"25/07/18 06:44:34 INFO SecurityManager: Changing view acls groups to:","logger":"airflow.task.hooks.airflow.providers.standard.hooks.subprocess.SubprocessHook"}
{"timestamp":"2025-07-18T06:44:34.845166","level":"info","event":"25/07/18 06:44:34 INFO SecurityManager: Changing modify acls groups to:","logger":"airflow.task.hooks.airflow.providers.standard.hooks.subprocess.SubprocessHook"}
{"timestamp":"2025-07-18T06:44:34.845470","level":"info","event":"25/07/18 06:44:34 INFO SecurityManager: SecurityManager: authentication disabled; ui acls disabled; users  with view permissions: Set(spark); groups with view permissions: Set(); users  with modify permissions: Set(spark); groups with modify permissions: Set()","logger":"airflow.task.hooks.airflow.providers.standard.hooks.subprocess.SubprocessHook"}
{"timestamp":"2025-07-18T06:44:34.908421","level":"info","event":"25/07/18 06:44:34 WARN NativeCodeLoader: Unable to load native-hadoop library for your platform... using builtin-java classes where applicable","logger":"airflow.task.hooks.airflow.providers.standard.hooks.subprocess.SubprocessHook"}
{"timestamp":"2025-07-18T06:44:35.117122","level":"info","event":"25/07/18 06:44:35 INFO Utils: Successfully started service 'sparkDriver' on port 39599.","logger":"airflow.task.hooks.airflow.providers.standard.hooks.subprocess.SubprocessHook"}
{"timestamp":"2025-07-18T06:44:35.139376","level":"info","event":"25/07/18 06:44:35 INFO SparkEnv: Registering MapOutputTracker","logger":"airflow.task.hooks.airflow.providers.standard.hooks.subprocess.SubprocessHook"}
{"timestamp":"2025-07-18T06:44:35.167015","level":"info","event":"25/07/18 06:44:35 INFO SparkEnv: Registering BlockManagerMaster","logger":"airflow.task.hooks.airflow.providers.standard.hooks.subprocess.SubprocessHook"}
{"timestamp":"2025-07-18T06:44:35.179990","level":"info","event":"25/07/18 06:44:35 INFO BlockManagerMasterEndpoint: Using org.apache.spark.storage.DefaultTopologyMapper for getting topology information","logger":"airflow.task.hooks.airflow.providers.standard.hooks.subprocess.SubprocessHook"}
{"timestamp":"2025-07-18T06:44:35.180181","level":"info","event":"25/07/18 06:44:35 INFO BlockManagerMasterEndpoint: BlockManagerMasterEndpoint up","logger":"airflow.task.hooks.airflow.providers.standard.hooks.subprocess.SubprocessHook"}
{"timestamp":"2025-07-18T06:44:35.184575","level":"info","event":"25/07/18 06:44:35 INFO SparkEnv: Registering BlockManagerMasterHeartbeat","logger":"airflow.task.hooks.airflow.providers.standard.hooks.subprocess.SubprocessHook"}
{"timestamp":"2025-07-18T06:44:35.198514","level":"info","event":"25/07/18 06:44:35 INFO DiskBlockManager: Created local directory at /tmp/blockmgr-9ff8dcde-eb2a-4747-a353-604b003bec21","logger":"airflow.task.hooks.airflow.providers.standard.hooks.subprocess.SubprocessHook"}
{"timestamp":"2025-07-18T06:44:35.214368","level":"info","event":"25/07/18 06:44:35 INFO MemoryStore: MemoryStore started with capacity 434.4 MiB","logger":"airflow.task.hooks.airflow.providers.standard.hooks.subprocess.SubprocessHook"}
{"timestamp":"2025-07-18T06:44:35.229399","level":"info","event":"25/07/18 06:44:35 INFO SparkEnv: Registering OutputCommitCoordinator","logger":"airflow.task.hooks.airflow.providers.standard.hooks.subprocess.SubprocessHook"}
{"timestamp":"2025-07-18T06:44:35.375346","level":"info","event":"25/07/18 06:44:35 INFO Utils: Successfully started service 'SparkUI' on port 4040.","logger":"airflow.task.hooks.airflow.providers.standard.hooks.subprocess.SubprocessHook"}
{"timestamp":"2025-07-18T06:44:35.475311","level":"info","event":"25/07/18 06:44:35 INFO StandaloneAppClient$ClientEndpoint: Connecting to master spark://retail-spark-master:7077...","logger":"airflow.task.hooks.airflow.providers.standard.hooks.subprocess.SubprocessHook"}
{"timestamp":"2025-07-18T06:44:35.508482","level":"info","event":"25/07/18 06:44:35 INFO TransportClientFactory: Successfully created connection to retail-spark-master/172.24.0.5:7077 after 18 ms (0 ms spent in bootstraps)","logger":"airflow.task.hooks.airflow.providers.standard.hooks.subprocess.SubprocessHook"}
{"timestamp":"2025-07-18T06:44:35.584964","level":"info","event":"25/07/18 06:44:35 INFO StandaloneSchedulerBackend: Connected to Spark cluster with app ID app-20250718064435-0001","logger":"airflow.task.hooks.airflow.providers.standard.hooks.subprocess.SubprocessHook"}
{"timestamp":"2025-07-18T06:44:35.587921","level":"info","event":"25/07/18 06:44:35 INFO StandaloneAppClient$ClientEndpoint: Executor added: app-20250718064435-0001/0 on worker-20250718064402-172.24.0.6-33489 (172.24.0.6:33489) with 12 core(s)","logger":"airflow.task.hooks.airflow.providers.standard.hooks.subprocess.SubprocessHook"}
{"timestamp":"2025-07-18T06:44:35.590496","level":"info","event":"25/07/18 06:44:35 INFO StandaloneSchedulerBackend: Granted executor ID app-20250718064435-0001/0 on hostPort 172.24.0.6:33489 with 12 core(s), 1024.0 MiB RAM","logger":"airflow.task.hooks.airflow.providers.standard.hooks.subprocess.SubprocessHook"}
{"timestamp":"2025-07-18T06:44:35.593663","level":"info","event":"25/07/18 06:44:35 INFO Utils: Successfully started service 'org.apache.spark.network.netty.NettyBlockTransferService' on port 36119.","logger":"airflow.task.hooks.airflow.providers.standard.hooks.subprocess.SubprocessHook"}
{"timestamp":"2025-07-18T06:44:35.593899","level":"info","event":"25/07/18 06:44:35 INFO NettyBlockTransferService: Server created on 52261d8b8c51:36119","logger":"airflow.task.hooks.airflow.providers.standard.hooks.subprocess.SubprocessHook"}
{"timestamp":"2025-07-18T06:44:35.596096","level":"info","event":"25/07/18 06:44:35 INFO BlockManager: Using org.apache.spark.storage.RandomBlockReplicationPolicy for block replication policy","logger":"airflow.task.hooks.airflow.providers.standard.hooks.subprocess.SubprocessHook"}
{"timestamp":"2025-07-18T06:44:35.602232","level":"info","event":"25/07/18 06:44:35 INFO BlockManagerMaster: Registering BlockManager BlockManagerId(driver, 52261d8b8c51, 36119, None)","logger":"airflow.task.hooks.airflow.providers.standard.hooks.subprocess.SubprocessHook"}
{"timestamp":"2025-07-18T06:44:35.606333","level":"info","event":"25/07/18 06:44:35 INFO BlockManagerMasterEndpoint: Registering block manager 52261d8b8c51:36119 with 434.4 MiB RAM, BlockManagerId(driver, 52261d8b8c51, 36119, None)","logger":"airflow.task.hooks.airflow.providers.standard.hooks.subprocess.SubprocessHook"}
{"timestamp":"2025-07-18T06:44:35.608684","level":"info","event":"25/07/18 06:44:35 INFO BlockManagerMaster: Registered BlockManager BlockManagerId(driver, 52261d8b8c51, 36119, None)","logger":"airflow.task.hooks.airflow.providers.standard.hooks.subprocess.SubprocessHook"}
{"timestamp":"2025-07-18T06:44:35.610585","level":"info","event":"25/07/18 06:44:35 INFO BlockManager: Initialized BlockManager: BlockManagerId(driver, 52261d8b8c51, 36119, None)","logger":"airflow.task.hooks.airflow.providers.standard.hooks.subprocess.SubprocessHook"}
{"timestamp":"2025-07-18T06:44:35.632947","level":"info","event":"25/07/18 06:44:35 INFO StandaloneAppClient$ClientEndpoint: Executor updated: app-20250718064435-0001/0 is now RUNNING","logger":"airflow.task.hooks.airflow.providers.standard.hooks.subprocess.SubprocessHook"}
{"timestamp":"2025-07-18T06:44:35.773229","level":"info","event":"25/07/18 06:44:35 INFO StandaloneSchedulerBackend: SchedulerBackend is ready for scheduling beginning after reached minRegisteredResourcesRatio: 0.0","logger":"airflow.task.hooks.airflow.providers.standard.hooks.subprocess.SubprocessHook"}
{"timestamp":"2025-07-18T06:44:35.988090","level":"info","event":"25/07/18 06:44:35 INFO SharedState: Setting hive.metastore.warehouse.dir ('null') to the value of spark.sql.warehouse.dir.","logger":"airflow.task.hooks.airflow.providers.standard.hooks.subprocess.SubprocessHook"}
{"timestamp":"2025-07-18T06:44:35.998534","level":"info","event":"25/07/18 06:44:35 INFO SharedState: Warehouse path is 'file:/opt/bitnami/spark/spark-warehouse'.","logger":"airflow.task.hooks.airflow.providers.standard.hooks.subprocess.SubprocessHook"}
{"timestamp":"2025-07-18T06:44:37.465506","level":"info","event":"25/07/18 06:44:37 INFO InMemoryFileIndex: It took 105 ms to list leaf files for 1 paths.","logger":"airflow.task.hooks.airflow.providers.standard.hooks.subprocess.SubprocessHook"}
{"timestamp":"2025-07-18T06:44:37.828333","level":"info","event":"25/07/18 06:44:37 INFO CoarseGrainedSchedulerBackend$DriverEndpoint: Registered executor NettyRpcEndpointRef(spark-client://Executor) (172.24.0.6:44918) with ID 0,  ResourceProfileId 0","logger":"airflow.task.hooks.airflow.providers.standard.hooks.subprocess.SubprocessHook"}
{"timestamp":"2025-07-18T06:44:37.835443","level":"info","event":"25/07/18 06:44:37 INFO SparkContext: Starting job: parquet at NativeMethodAccessorImpl.java:0","logger":"airflow.task.hooks.airflow.providers.standard.hooks.subprocess.SubprocessHook"}
{"timestamp":"2025-07-18T06:44:37.851085","level":"info","event":"25/07/18 06:44:37 INFO DAGScheduler: Got job 0 (parquet at NativeMethodAccessorImpl.java:0) with 1 output partitions","logger":"airflow.task.hooks.airflow.providers.standard.hooks.subprocess.SubprocessHook"}
{"timestamp":"2025-07-18T06:44:37.851233","level":"info","event":"25/07/18 06:44:37 INFO DAGScheduler: Final stage: ResultStage 0 (parquet at NativeMethodAccessorImpl.java:0)","logger":"airflow.task.hooks.airflow.providers.standard.hooks.subprocess.SubprocessHook"}
{"timestamp":"2025-07-18T06:44:37.852228","level":"info","event":"25/07/18 06:44:37 INFO DAGScheduler: Parents of final stage: List()","logger":"airflow.task.hooks.airflow.providers.standard.hooks.subprocess.SubprocessHook"}
{"timestamp":"2025-07-18T06:44:37.853737","level":"info","event":"25/07/18 06:44:37 INFO DAGScheduler: Missing parents: List()","logger":"airflow.task.hooks.airflow.providers.standard.hooks.subprocess.SubprocessHook"}
{"timestamp":"2025-07-18T06:44:37.857741","level":"info","event":"25/07/18 06:44:37 INFO DAGScheduler: Submitting ResultStage 0 (MapPartitionsRDD[1] at parquet at NativeMethodAccessorImpl.java:0), which has no missing parents","logger":"airflow.task.hooks.airflow.providers.standard.hooks.subprocess.SubprocessHook"}
{"timestamp":"2025-07-18T06:44:37.899728","level":"info","event":"25/07/18 06:44:37 INFO BlockManagerMasterEndpoint: Registering block manager 172.24.0.6:32925 with 434.4 MiB RAM, BlockManagerId(0, 172.24.0.6, 32925, None)","logger":"airflow.task.hooks.airflow.providers.standard.hooks.subprocess.SubprocessHook"}
{"timestamp":"2025-07-18T06:44:37.901244","level":"info","event":"25/07/18 06:44:37 INFO MemoryStore: Block broadcast_0 stored as values in memory (estimated size 102.7 KiB, free 434.3 MiB)","logger":"airflow.task.hooks.airflow.providers.standard.hooks.subprocess.SubprocessHook"}
{"timestamp":"2025-07-18T06:44:37.935025","level":"info","event":"25/07/18 06:44:37 INFO MemoryStore: Block broadcast_0_piece0 stored as bytes in memory (estimated size 36.8 KiB, free 434.3 MiB)","logger":"airflow.task.hooks.airflow.providers.standard.hooks.subprocess.SubprocessHook"}
{"timestamp":"2025-07-18T06:44:37.938682","level":"info","event":"25/07/18 06:44:37 INFO BlockManagerInfo: Added broadcast_0_piece0 in memory on 52261d8b8c51:36119 (size: 36.8 KiB, free: 434.4 MiB)","logger":"airflow.task.hooks.airflow.providers.standard.hooks.subprocess.SubprocessHook"}
{"timestamp":"2025-07-18T06:44:37.942198","level":"info","event":"25/07/18 06:44:37 INFO SparkContext: Created broadcast 0 from broadcast at DAGScheduler.scala:1509","logger":"airflow.task.hooks.airflow.providers.standard.hooks.subprocess.SubprocessHook"}
{"timestamp":"2025-07-18T06:44:37.957613","level":"info","event":"25/07/18 06:44:37 INFO DAGScheduler: Submitting 1 missing tasks from ResultStage 0 (MapPartitionsRDD[1] at parquet at NativeMethodAccessorImpl.java:0) (first 15 tasks are for partitions Vector(0))","logger":"airflow.task.hooks.airflow.providers.standard.hooks.subprocess.SubprocessHook"}
{"timestamp":"2025-07-18T06:44:37.959179","level":"info","event":"25/07/18 06:44:37 INFO TaskSchedulerImpl: Adding task set 0.0 with 1 tasks resource profile 0","logger":"airflow.task.hooks.airflow.providers.standard.hooks.subprocess.SubprocessHook"}
{"timestamp":"2025-07-18T06:44:37.994494","level":"info","event":"25/07/18 06:44:37 INFO TaskSetManager: Starting task 0.0 in stage 0.0 (TID 0) (172.24.0.6, executor 0, partition 0, PROCESS_LOCAL, 4667 bytes) taskResourceAssignments Map()","logger":"airflow.task.hooks.airflow.providers.standard.hooks.subprocess.SubprocessHook"}
{"timestamp":"2025-07-18T06:44:38.181674","level":"info","event":"25/07/18 06:44:38 INFO BlockManagerInfo: Added broadcast_0_piece0 in memory on 172.24.0.6:32925 (size: 36.8 KiB, free: 434.4 MiB)","logger":"airflow.task.hooks.airflow.providers.standard.hooks.subprocess.SubprocessHook"}
{"timestamp":"2025-07-18T06:44:39.041854","level":"info","event":"25/07/18 06:44:39 INFO TaskSetManager: Finished task 0.0 in stage 0.0 (TID 0) in 1058 ms on 172.24.0.6 (executor 0) (1/1)","logger":"airflow.task.hooks.airflow.providers.standard.hooks.subprocess.SubprocessHook"}
{"timestamp":"2025-07-18T06:44:39.043579","level":"info","event":"25/07/18 06:44:39 INFO TaskSchedulerImpl: Removed TaskSet 0.0, whose tasks have all completed, from pool","logger":"airflow.task.hooks.airflow.providers.standard.hooks.subprocess.SubprocessHook"}
{"timestamp":"2025-07-18T06:44:39.047403","level":"info","event":"25/07/18 06:44:39 INFO DAGScheduler: ResultStage 0 (parquet at NativeMethodAccessorImpl.java:0) finished in 1.178 s","logger":"airflow.task.hooks.airflow.providers.standard.hooks.subprocess.SubprocessHook"}
{"timestamp":"2025-07-18T06:44:39.049441","level":"info","event":"25/07/18 06:44:39 INFO DAGScheduler: Job 0 is finished. Cancelling potential speculative or zombie tasks for this job","logger":"airflow.task.hooks.airflow.providers.standard.hooks.subprocess.SubprocessHook"}
{"timestamp":"2025-07-18T06:44:39.049804","level":"info","event":"25/07/18 06:44:39 INFO TaskSchedulerImpl: Killing all running tasks in stage 0: Stage finished","logger":"airflow.task.hooks.airflow.providers.standard.hooks.subprocess.SubprocessHook"}
{"timestamp":"2025-07-18T06:44:39.052315","level":"info","event":"25/07/18 06:44:39 INFO DAGScheduler: Job 0 finished: parquet at NativeMethodAccessorImpl.java:0, took 1.216108 s","logger":"airflow.task.hooks.airflow.providers.standard.hooks.subprocess.SubprocessHook"}
{"timestamp":"2025-07-18T06:44:39.516282","level":"info","event":"25/07/18 06:44:39 INFO BlockManagerInfo: Removed broadcast_0_piece0 on 52261d8b8c51:36119 in memory (size: 36.8 KiB, free: 434.4 MiB)","logger":"airflow.task.hooks.airflow.providers.standard.hooks.subprocess.SubprocessHook"}
{"timestamp":"2025-07-18T06:44:39.523554","level":"info","event":"25/07/18 06:44:39 INFO BlockManagerInfo: Removed broadcast_0_piece0 on 172.24.0.6:32925 in memory (size: 36.8 KiB, free: 434.4 MiB)","logger":"airflow.task.hooks.airflow.providers.standard.hooks.subprocess.SubprocessHook"}
{"timestamp":"2025-07-18T06:44:40.558474","level":"info","event":"25/07/18 06:44:40 INFO FileSourceStrategy: Pushed Filters:","logger":"airflow.task.hooks.airflow.providers.standard.hooks.subprocess.SubprocessHook"}
{"timestamp":"2025-07-18T06:44:40.560078","level":"info","event":"25/07/18 06:44:40 INFO FileSourceStrategy: Post-Scan Filters:","logger":"airflow.task.hooks.airflow.providers.standard.hooks.subprocess.SubprocessHook"}
{"timestamp":"2025-07-18T06:44:40.563245","level":"info","event":"25/07/18 06:44:40 INFO FileSourceStrategy: Output Data Schema: struct<invoice_no: string, stock_code: string, description: string, quantity: int, invoice_date: string ... 8 more fields>","logger":"airflow.task.hooks.airflow.providers.standard.hooks.subprocess.SubprocessHook"}
{"timestamp":"2025-07-18T06:44:40.746802","level":"info","event":"25/07/18 06:44:40 INFO CodeGenerator: Code generated in 123.811682 ms","logger":"airflow.task.hooks.airflow.providers.standard.hooks.subprocess.SubprocessHook"}
{"timestamp":"2025-07-18T06:44:40.769981","level":"info","event":"25/07/18 06:44:40 INFO MemoryStore: Block broadcast_1 stored as values in memory (estimated size 201.8 KiB, free 434.2 MiB)","logger":"airflow.task.hooks.airflow.providers.standard.hooks.subprocess.SubprocessHook"}
{"timestamp":"2025-07-18T06:44:40.780591","level":"info","event":"25/07/18 06:44:40 INFO MemoryStore: Block broadcast_1_piece0 stored as bytes in memory (estimated size 34.9 KiB, free 434.2 MiB)","logger":"airflow.task.hooks.airflow.providers.standard.hooks.subprocess.SubprocessHook"}
{"timestamp":"2025-07-18T06:44:40.781033","level":"info","event":"25/07/18 06:44:40 INFO BlockManagerInfo: Added broadcast_1_piece0 in memory on 52261d8b8c51:36119 (size: 34.9 KiB, free: 434.4 MiB)","logger":"airflow.task.hooks.airflow.providers.standard.hooks.subprocess.SubprocessHook"}
{"timestamp":"2025-07-18T06:44:40.782414","level":"info","event":"25/07/18 06:44:40 INFO SparkContext: Created broadcast 1 from rdd at SnowflakeWriter.scala:87","logger":"airflow.task.hooks.airflow.providers.standard.hooks.subprocess.SubprocessHook"}
{"timestamp":"2025-07-18T06:44:40.792612","level":"info","event":"25/07/18 06:44:40 INFO FileSourceScanExec: Planning scan with bin packing, max size: 4489130 bytes, open cost is considered as scanning 4194304 bytes.","logger":"airflow.task.hooks.airflow.providers.standard.hooks.subprocess.SubprocessHook"}
{"timestamp":"2025-07-18T06:44:40.860286","level":"info","event":"25/07/18 06:44:40 WARN ServerConnection$: JDBC 3.13.31 is being used. But the certified JDBC version 3.13.30 is recommended.","logger":"airflow.task.hooks.airflow.providers.standard.hooks.subprocess.SubprocessHook"}
{"timestamp":"2025-07-18T06:44:42.605091","level":"info","event":"25/07/18 06:44:42 INFO ServerConnection$: Create ServerConnection with new JDBC connection: 182007829172278","logger":"airflow.task.hooks.airflow.providers.standard.hooks.subprocess.SubprocessHook"}
{"timestamp":"2025-07-18T06:44:42.615833","level":"info","event":"25/07/18 06:44:42 INFO SparkConnectorContext$: Spark Connector system config: {","logger":"airflow.task.hooks.airflow.providers.standard.hooks.subprocess.SubprocessHook"}
{"timestamp":"2025-07-18T06:44:42.616023","level":"info","event":"  \"spark_connector_version\" : \"2.12.0\",","logger":"airflow.task.hooks.airflow.providers.standard.hooks.subprocess.SubprocessHook"}
{"timestamp":"2025-07-18T06:44:42.616106","level":"info","event":"  \"spark_version\" : \"3.3.3\",","logger":"airflow.task.hooks.airflow.providers.standard.hooks.subprocess.SubprocessHook"}
{"timestamp":"2025-07-18T06:44:42.616144","level":"info","event":"  \"application_name\" : \"Retail_Snowflake_Staging\",","logger":"airflow.task.hooks.airflow.providers.standard.hooks.subprocess.SubprocessHook"}
{"timestamp":"2025-07-18T06:44:42.616226","level":"info","event":"  \"scala_version\" : \"2.12.15\",","logger":"airflow.task.hooks.airflow.providers.standard.hooks.subprocess.SubprocessHook"}
{"timestamp":"2025-07-18T06:44:42.616282","level":"info","event":"  \"java_version\" : \"17.0.9\",","logger":"airflow.task.hooks.airflow.providers.standard.hooks.subprocess.SubprocessHook"}
{"timestamp":"2025-07-18T06:44:42.616318","level":"info","event":"  \"jdbc_version\" : \"3.13.31\",","logger":"airflow.task.hooks.airflow.providers.standard.hooks.subprocess.SubprocessHook"}
{"timestamp":"2025-07-18T06:44:42.616346","level":"info","event":"  \"certified_jdbc_version\" : \"3.13.30\",","logger":"airflow.task.hooks.airflow.providers.standard.hooks.subprocess.SubprocessHook"}
{"timestamp":"2025-07-18T06:44:42.616387","level":"info","event":"  \"os_name\" : \"Linux\",","logger":"airflow.task.hooks.airflow.providers.standard.hooks.subprocess.SubprocessHook"}
{"timestamp":"2025-07-18T06:44:42.616424","level":"info","event":"  \"max_memory_in_mb\" : 1024,","logger":"airflow.task.hooks.airflow.providers.standard.hooks.subprocess.SubprocessHook"}
{"timestamp":"2025-07-18T06:44:42.616451","level":"info","event":"  \"total_memory_in_mb\" : 160,","logger":"airflow.task.hooks.airflow.providers.standard.hooks.subprocess.SubprocessHook"}
{"timestamp":"2025-07-18T06:44:42.616476","level":"info","event":"  \"free_memory_in_mb\" : 50,","logger":"airflow.task.hooks.airflow.providers.standard.hooks.subprocess.SubprocessHook"}
{"timestamp":"2025-07-18T06:44:42.616772","level":"info","event":"  \"cpu_cores\" : 12,","logger":"airflow.task.hooks.airflow.providers.standard.hooks.subprocess.SubprocessHook"}
{"timestamp":"2025-07-18T06:44:42.616832","level":"info","event":"  \"spark_application_id\" : \"app-20250718064435-0001\",","logger":"airflow.task.hooks.airflow.providers.standard.hooks.subprocess.SubprocessHook"}
{"timestamp":"2025-07-18T06:44:42.616879","level":"info","event":"  \"spark_language\" : \"Scala\",","logger":"airflow.task.hooks.airflow.providers.standard.hooks.subprocess.SubprocessHook"}
{"timestamp":"2025-07-18T06:44:42.616923","level":"info","event":"  \"is_pyspark\" : false,","logger":"airflow.task.hooks.airflow.providers.standard.hooks.subprocess.SubprocessHook"}
{"timestamp":"2025-07-18T06:44:42.616972","level":"info","event":"  \"spark_config\" : {","logger":"airflow.task.hooks.airflow.providers.standard.hooks.subprocess.SubprocessHook"}
{"timestamp":"2025-07-18T06:44:42.617018","level":"info","event":"    \"spark.driver.host\" : \"52261d8b8c51\",","logger":"airflow.task.hooks.airflow.providers.standard.hooks.subprocess.SubprocessHook"}
{"timestamp":"2025-07-18T06:44:42.617059","level":"info","event":"    \"spark.sql.warehouse.dir\" : \"N/A\",","logger":"airflow.task.hooks.airflow.providers.standard.hooks.subprocess.SubprocessHook"}
{"timestamp":"2025-07-18T06:44:42.617135","level":"info","event":"    \"spark.app.name\" : \"Retail_Snowflake_Staging\",","logger":"airflow.task.hooks.airflow.providers.standard.hooks.subprocess.SubprocessHook"}
{"timestamp":"2025-07-18T06:44:42.617187","level":"info","event":"    \"spark.executor.id\" : \"driver\",","logger":"airflow.task.hooks.airflow.providers.standard.hooks.subprocess.SubprocessHook"}
{"timestamp":"2025-07-18T06:44:42.617520","level":"info","event":"    \"spark.app.submitTime\" : \"N/A\",","logger":"airflow.task.hooks.airflow.providers.standard.hooks.subprocess.SubprocessHook"}
{"timestamp":"2025-07-18T06:44:42.617602","level":"info","event":"    \"spark.driver.extraJavaOptions\" : \"-XX:+IgnoreUnrecognizedVMOptions --add-opens=java.base/java.lang=ALL-UNNAMED --add-opens=java.base/java.lang.invoke=ALL-UNNAMED --add-opens=java.base/java.lang.reflect=ALL-UNNAMED --add-opens=java.base/java.io=ALL-UNNAMED --add-opens=java.base/java.net=ALL-UNNAMED --add-opens=java.base/java.nio=ALL-UNNAMED --add-opens=java.base/java.util=ALL-UNNAMED --add-opens=java.base/java.util.concurrent=ALL-UNNAMED --add-opens=java.base/java.util.concurrent.atomic=ALL-UNNAMED --add-opens=java.base/sun.nio.ch=ALL-UNNAMED --add-opens=java.base/sun.nio.cs=ALL-UNNAMED --add-opens=java.base/sun.security.action=ALL-UNNAMED --add-opens=java.base/sun.util.calendar=ALL-UNNAMED --add-opens=java.security.jgss/sun.security.krb5=ALL-UNNAMED --add-exports java.base/sun.nio.ch=ALL-UNNAMED\",","logger":"airflow.task.hooks.airflow.providers.standard.hooks.subprocess.SubprocessHook"}
{"timestamp":"2025-07-18T06:44:42.617690","level":"info","event":"    \"spark.rdd.compress\" : \"N/A\",","logger":"airflow.task.hooks.airflow.providers.standard.hooks.subprocess.SubprocessHook"}
{"timestamp":"2025-07-18T06:44:42.617746","level":"info","event":"    \"spark.executor.extraJavaOptions\" : \"-XX:+IgnoreUnrecognizedVMOptions --add-opens=java.base/java.lang=ALL-UNNAMED --add-opens=java.base/java.lang.invoke=ALL-UNNAMED --add-opens=java.base/java.lang.reflect=ALL-UNNAMED --add-opens=java.base/java.io=ALL-UNNAMED --add-opens=java.base/java.net=ALL-UNNAMED --add-opens=java.base/java.nio=ALL-UNNAMED --add-opens=java.base/java.util=ALL-UNNAMED --add-opens=java.base/java.util.concurrent=ALL-UNNAMED --add-opens=java.base/java.util.concurrent.atomic=ALL-UNNAMED --add-opens=java.base/sun.nio.ch=ALL-UNNAMED --add-opens=java.base/sun.nio.cs=ALL-UNNAMED --add-opens=java.base/sun.security.action=ALL-UNNAMED --add-opens=java.base/sun.util.calendar=ALL-UNNAMED --add-opens=java.security.jgss/sun.security.krb5=ALL-UNNAMED\",","logger":"airflow.task.hooks.airflow.providers.standard.hooks.subprocess.SubprocessHook"}
{"timestamp":"2025-07-18T06:44:42.617806","level":"info","event":"    \"spark.driver.port\" : \"N/A\",","logger":"airflow.task.hooks.airflow.providers.standard.hooks.subprocess.SubprocessHook"}
{"timestamp":"2025-07-18T06:44:42.617835","level":"info","event":"    \"spark.serializer.objectStreamReset\" : \"N/A\",","logger":"airflow.task.hooks.airflow.providers.standard.hooks.subprocess.SubprocessHook"}
{"timestamp":"2025-07-18T06:44:42.617861","level":"info","event":"    \"spark.submit.pyFiles\" : \"N/A\",","logger":"airflow.task.hooks.airflow.providers.standard.hooks.subprocess.SubprocessHook"}
{"timestamp":"2025-07-18T06:44:42.617885","level":"info","event":"    \"spark.submit.deployMode\" : \"client\",","logger":"airflow.task.hooks.airflow.providers.standard.hooks.subprocess.SubprocessHook"}
{"timestamp":"2025-07-18T06:44:42.617928","level":"info","event":"    \"spark.master\" : \"spark://retail-spark-master:7077\",","logger":"airflow.task.hooks.airflow.providers.standard.hooks.subprocess.SubprocessHook"}
{"timestamp":"2025-07-18T06:44:42.617961","level":"info","event":"    \"spark.app.startTime\" : \"N/A\",","logger":"airflow.task.hooks.airflow.providers.standard.hooks.subprocess.SubprocessHook"}
{"timestamp":"2025-07-18T06:44:42.617996","level":"info","event":"    \"spark.app.id\" : \"app-20250718064435-0001\"","logger":"airflow.task.hooks.airflow.providers.standard.hooks.subprocess.SubprocessHook"}
{"timestamp":"2025-07-18T06:44:42.618035","level":"info","event":"  },","logger":"airflow.task.hooks.airflow.providers.standard.hooks.subprocess.SubprocessHook"}
{"timestamp":"2025-07-18T06:44:42.618061","level":"info","event":"  \"libraries\" : [ \"py4j\", \"py4j.commands\", \"py4j.reflection\" ],","logger":"airflow.task.hooks.airflow.providers.standard.hooks.subprocess.SubprocessHook"}
{"timestamp":"2025-07-18T06:44:42.618086","level":"info","event":"  \"dependencies\" : [ ],","logger":"airflow.task.hooks.airflow.providers.standard.hooks.subprocess.SubprocessHook"}
{"timestamp":"2025-07-18T06:44:42.618114","level":"info","event":"  \"cluster_node_count\" : 2,","logger":"airflow.task.hooks.airflow.providers.standard.hooks.subprocess.SubprocessHook"}
{"timestamp":"2025-07-18T06:44:42.618161","level":"info","event":"  \"spark_default_parallelism\" : 12,","logger":"airflow.task.hooks.airflow.providers.standard.hooks.subprocess.SubprocessHook"}
{"timestamp":"2025-07-18T06:44:42.618211","level":"info","event":"  \"deploy_mode\" : \"client\"","logger":"airflow.task.hooks.airflow.providers.standard.hooks.subprocess.SubprocessHook"}
{"timestamp":"2025-07-18T06:44:42.618240","level":"info","event":"}","logger":"airflow.task.hooks.airflow.providers.standard.hooks.subprocess.SubprocessHook"}
{"timestamp":"2025-07-18T06:44:42.624200","level":"info","event":"25/07/18 06:44:42 INFO SnowflakeSQLStatement: Spark Connector Master: execute query with bind variable: alter session set timezone = 'Etc/UTC' , timestamp_ntz_output_format = 'YYYY-MM-DD HH24:MI:SS.FF3', timestamp_ltz_output_format = 'TZHTZM YYYY-MM-DD HH24:MI:SS.FF3', timestamp_tz_output_format = 'TZHTZM YYYY-MM-DD HH24:MI:SS.FF3' ;","logger":"airflow.task.hooks.airflow.providers.standard.hooks.subprocess.SubprocessHook"}
{"timestamp":"2025-07-18T06:44:43.229497","level":"info","event":"25/07/18 06:44:43 INFO SnowflakeSQLStatement: Spark Connector Master: execute query with bind variable: create  temporary stage if not exists identifier(?)","logger":"airflow.task.hooks.airflow.providers.standard.hooks.subprocess.SubprocessHook"}
{"timestamp":"2025-07-18T06:44:43.462779","level":"info","event":"Traceback (most recent call last):","logger":"airflow.task.hooks.airflow.providers.standard.hooks.subprocess.SubprocessHook"}
{"timestamp":"2025-07-18T06:44:43.462939","level":"info","event":"  File \"/opt/spark-apps/scripts/snowflake_staging.py\", line 22, in <module>","logger":"airflow.task.hooks.airflow.providers.standard.hooks.subprocess.SubprocessHook"}
{"timestamp":"2025-07-18T06:44:43.466049","level":"info","event":"    .save()","logger":"airflow.task.hooks.airflow.providers.standard.hooks.subprocess.SubprocessHook"}
{"timestamp":"2025-07-18T06:44:43.466236","level":"info","event":"  File \"/opt/bitnami/spark/python/lib/pyspark.zip/pyspark/sql/readwriter.py\", line 966, in save","logger":"airflow.task.hooks.airflow.providers.standard.hooks.subprocess.SubprocessHook"}
{"timestamp":"2025-07-18T06:44:43.466710","level":"info","event":"  File \"/opt/bitnami/spark/python/lib/py4j-0.10.9.5-src.zip/py4j/java_gateway.py\", line 1321, in __call__","logger":"airflow.task.hooks.airflow.providers.standard.hooks.subprocess.SubprocessHook"}
{"timestamp":"2025-07-18T06:44:43.467646","level":"info","event":"  File \"/opt/bitnami/spark/python/lib/pyspark.zip/pyspark/sql/utils.py\", line 190, in deco","logger":"airflow.task.hooks.airflow.providers.standard.hooks.subprocess.SubprocessHook"}
{"timestamp":"2025-07-18T06:44:43.468724","level":"info","event":"  File \"/opt/bitnami/spark/python/lib/py4j-0.10.9.5-src.zip/py4j/protocol.py\", line 326, in get_return_value","logger":"airflow.task.hooks.airflow.providers.standard.hooks.subprocess.SubprocessHook"}
{"timestamp":"2025-07-18T06:44:43.470471","level":"info","event":"py4j.protocol.Py4JJavaError: An error occurred while calling o40.save.","logger":"airflow.task.hooks.airflow.providers.standard.hooks.subprocess.SubprocessHook"}
{"timestamp":"2025-07-18T06:44:43.470613","level":"info","event":": net.snowflake.client.jdbc.SnowflakeSQLException: Cannot perform CREATE TEMPSTAGE. This session does not have a current database. Call 'USE DATABASE', or use a qualified name.","logger":"airflow.task.hooks.airflow.providers.standard.hooks.subprocess.SubprocessHook"}
{"timestamp":"2025-07-18T06:44:43.470677","level":"info","event":"\tat net.snowflake.client.jdbc.SnowflakeUtil.checkErrorAndThrowExceptionSub(SnowflakeUtil.java:142)","logger":"airflow.task.hooks.airflow.providers.standard.hooks.subprocess.SubprocessHook"}
{"timestamp":"2025-07-18T06:44:43.470776","level":"info","event":"\tat net.snowflake.client.jdbc.SnowflakeUtil.checkErrorAndThrowException(SnowflakeUtil.java:75)","logger":"airflow.task.hooks.airflow.providers.standard.hooks.subprocess.SubprocessHook"}
{"timestamp":"2025-07-18T06:44:43.470827","level":"info","event":"\tat net.snowflake.client.core.StmtUtil.pollForOutput(StmtUtil.java:468)","logger":"airflow.task.hooks.airflow.providers.standard.hooks.subprocess.SubprocessHook"}
{"timestamp":"2025-07-18T06:44:43.470862","level":"info","event":"\tat net.snowflake.client.core.StmtUtil.execute(StmtUtil.java:374)","logger":"airflow.task.hooks.airflow.providers.standard.hooks.subprocess.SubprocessHook"}
{"timestamp":"2025-07-18T06:44:43.470892","level":"info","event":"\tat net.snowflake.client.core.SFStatement.executeHelper(SFStatement.java:481)","logger":"airflow.task.hooks.airflow.providers.standard.hooks.subprocess.SubprocessHook"}
{"timestamp":"2025-07-18T06:44:43.470918","level":"info","event":"\tat net.snowflake.client.core.SFStatement.executeQueryInternal(SFStatement.java:199)","logger":"airflow.task.hooks.airflow.providers.standard.hooks.subprocess.SubprocessHook"}
{"timestamp":"2025-07-18T06:44:43.470942","level":"info","event":"\tat net.snowflake.client.core.SFStatement.executeQuery(SFStatement.java:133)","logger":"airflow.task.hooks.airflow.providers.standard.hooks.subprocess.SubprocessHook"}
{"timestamp":"2025-07-18T06:44:43.470967","level":"info","event":"\tat net.snowflake.client.core.SFStatement.execute(SFStatement.java:763)","logger":"airflow.task.hooks.airflow.providers.standard.hooks.subprocess.SubprocessHook"}
{"timestamp":"2025-07-18T06:44:43.470989","level":"info","event":"\tat net.snowflake.client.core.SFStatement.execute(SFStatement.java:672)","logger":"airflow.task.hooks.airflow.providers.standard.hooks.subprocess.SubprocessHook"}
{"timestamp":"2025-07-18T06:44:43.471012","level":"info","event":"\tat net.snowflake.client.jdbc.SnowflakeStatementV1.executeQueryInternal(SnowflakeStatementV1.java:274)","logger":"airflow.task.hooks.airflow.providers.standard.hooks.subprocess.SubprocessHook"}
{"timestamp":"2025-07-18T06:44:43.471034","level":"info","event":"\tat net.snowflake.client.jdbc.SnowflakePreparedStatementV1.executeQuery(SnowflakePreparedStatementV1.java:119)","logger":"airflow.task.hooks.airflow.providers.standard.hooks.subprocess.SubprocessHook"}
{"timestamp":"2025-07-18T06:44:43.471056","level":"info","event":"\tat net.snowflake.spark.snowflake.JDBCWrapper.$anonfun$executePreparedQueryInterruptibly$1(SnowflakeJDBCWrapper.scala:205)","logger":"airflow.task.hooks.airflow.providers.standard.hooks.subprocess.SubprocessHook"}
{"timestamp":"2025-07-18T06:44:43.471079","level":"info","event":"\tat net.snowflake.spark.snowflake.JDBCWrapper.$anonfun$executeInterruptibly$2(SnowflakeJDBCWrapper.scala:252)","logger":"airflow.task.hooks.airflow.providers.standard.hooks.subprocess.SubprocessHook"}
{"timestamp":"2025-07-18T06:44:43.471100","level":"info","event":"\tat scala.concurrent.Future$.$anonfun$apply$1(Future.scala:659)","logger":"airflow.task.hooks.airflow.providers.standard.hooks.subprocess.SubprocessHook"}
{"timestamp":"2025-07-18T06:44:43.471122","level":"info","event":"\tat scala.util.Success.$anonfun$map$1(Try.scala:255)","logger":"airflow.task.hooks.airflow.providers.standard.hooks.subprocess.SubprocessHook"}
{"timestamp":"2025-07-18T06:44:43.471143","level":"info","event":"\tat scala.util.Success.map(Try.scala:213)","logger":"airflow.task.hooks.airflow.providers.standard.hooks.subprocess.SubprocessHook"}
{"timestamp":"2025-07-18T06:44:43.471166","level":"info","event":"\tat scala.concurrent.Future.$anonfun$map$1(Future.scala:292)","logger":"airflow.task.hooks.airflow.providers.standard.hooks.subprocess.SubprocessHook"}
{"timestamp":"2025-07-18T06:44:43.471188","level":"info","event":"\tat scala.concurrent.impl.Promise.liftedTree1$1(Promise.scala:33)","logger":"airflow.task.hooks.airflow.providers.standard.hooks.subprocess.SubprocessHook"}
{"timestamp":"2025-07-18T06:44:43.471210","level":"info","event":"\tat scala.concurrent.impl.Promise.$anonfun$transform$1(Promise.scala:33)","logger":"airflow.task.hooks.airflow.providers.standard.hooks.subprocess.SubprocessHook"}
{"timestamp":"2025-07-18T06:44:43.471267","level":"info","event":"\tat scala.concurrent.impl.CallbackRunnable.run(Promise.scala:64)","logger":"airflow.task.hooks.airflow.providers.standard.hooks.subprocess.SubprocessHook"}
{"timestamp":"2025-07-18T06:44:43.471304","level":"info","event":"\tat java.base/java.util.concurrent.ThreadPoolExecutor.runWorker(ThreadPoolExecutor.java:1136)","logger":"airflow.task.hooks.airflow.providers.standard.hooks.subprocess.SubprocessHook"}
{"timestamp":"2025-07-18T06:44:43.471332","level":"info","event":"\tat java.base/java.util.concurrent.ThreadPoolExecutor$Worker.run(ThreadPoolExecutor.java:635)","logger":"airflow.task.hooks.airflow.providers.standard.hooks.subprocess.SubprocessHook"}
{"timestamp":"2025-07-18T06:44:43.471362","level":"info","event":"\tat java.base/java.lang.Thread.run(Thread.java:840)","logger":"airflow.task.hooks.airflow.providers.standard.hooks.subprocess.SubprocessHook"}
{"timestamp":"2025-07-18T06:44:43.471405","level":"info","event":"","logger":"airflow.task.hooks.airflow.providers.standard.hooks.subprocess.SubprocessHook"}
{"timestamp":"2025-07-18T06:44:43.490792","level":"info","event":"25/07/18 06:44:43 INFO SparkContext: Invoking stop() from shutdown hook","logger":"airflow.task.hooks.airflow.providers.standard.hooks.subprocess.SubprocessHook"}
{"timestamp":"2025-07-18T06:44:43.499312","level":"info","event":"25/07/18 06:44:43 INFO SparkUI: Stopped Spark web UI at http://52261d8b8c51:4040","logger":"airflow.task.hooks.airflow.providers.standard.hooks.subprocess.SubprocessHook"}
{"timestamp":"2025-07-18T06:44:43.501197","level":"info","event":"25/07/18 06:44:43 INFO StandaloneSchedulerBackend: Shutting down all executors","logger":"airflow.task.hooks.airflow.providers.standard.hooks.subprocess.SubprocessHook"}
{"timestamp":"2025-07-18T06:44:43.501409","level":"info","event":"25/07/18 06:44:43 INFO CoarseGrainedSchedulerBackend$DriverEndpoint: Asking each executor to shut down","logger":"airflow.task.hooks.airflow.providers.standard.hooks.subprocess.SubprocessHook"}
{"timestamp":"2025-07-18T06:44:43.518220","level":"info","event":"25/07/18 06:44:43 INFO MapOutputTrackerMasterEndpoint: MapOutputTrackerMasterEndpoint stopped!","logger":"airflow.task.hooks.airflow.providers.standard.hooks.subprocess.SubprocessHook"}
{"timestamp":"2025-07-18T06:44:43.531600","level":"info","event":"25/07/18 06:44:43 INFO MemoryStore: MemoryStore cleared","logger":"airflow.task.hooks.airflow.providers.standard.hooks.subprocess.SubprocessHook"}
{"timestamp":"2025-07-18T06:44:43.533064","level":"info","event":"25/07/18 06:44:43 INFO BlockManager: BlockManager stopped","logger":"airflow.task.hooks.airflow.providers.standard.hooks.subprocess.SubprocessHook"}
{"timestamp":"2025-07-18T06:44:43.535220","level":"info","event":"25/07/18 06:44:43 INFO BlockManagerMaster: BlockManagerMaster stopped","logger":"airflow.task.hooks.airflow.providers.standard.hooks.subprocess.SubprocessHook"}
{"timestamp":"2025-07-18T06:44:43.536994","level":"info","event":"25/07/18 06:44:43 INFO OutputCommitCoordinator$OutputCommitCoordinatorEndpoint: OutputCommitCoordinator stopped!","logger":"airflow.task.hooks.airflow.providers.standard.hooks.subprocess.SubprocessHook"}
{"timestamp":"2025-07-18T06:44:43.546500","level":"info","event":"25/07/18 06:44:43 INFO SparkContext: Successfully stopped SparkContext","logger":"airflow.task.hooks.airflow.providers.standard.hooks.subprocess.SubprocessHook"}
{"timestamp":"2025-07-18T06:44:43.546611","level":"info","event":"25/07/18 06:44:43 INFO ShutdownHookManager: Shutdown hook called","logger":"airflow.task.hooks.airflow.providers.standard.hooks.subprocess.SubprocessHook"}
{"timestamp":"2025-07-18T06:44:43.547005","level":"info","event":"25/07/18 06:44:43 INFO ShutdownHookManager: Deleting directory /tmp/spark-40a11649-9dca-4556-a639-3ae1a0d63009","logger":"airflow.task.hooks.airflow.providers.standard.hooks.subprocess.SubprocessHook"}
{"timestamp":"2025-07-18T06:44:43.551162","level":"info","event":"25/07/18 06:44:43 INFO ShutdownHookManager: Deleting directory /tmp/spark-44c462d8-b296-4847-9063-89efc36320bb","logger":"airflow.task.hooks.airflow.providers.standard.hooks.subprocess.SubprocessHook"}
{"timestamp":"2025-07-18T06:44:43.555074","level":"info","event":"25/07/18 06:44:43 INFO ShutdownHookManager: Deleting directory /tmp/spark-44c462d8-b296-4847-9063-89efc36320bb/pyspark-c6754f00-ad8b-4602-978a-89528b9bf656","logger":"airflow.task.hooks.airflow.providers.standard.hooks.subprocess.SubprocessHook"}
{"timestamp":"2025-07-18T06:44:43.598537","level":"info","event":"Command exited with return code 1","logger":"airflow.task.hooks.airflow.providers.standard.hooks.subprocess.SubprocessHook"}
{"timestamp":"2025-07-18T06:44:43.599029","level":"error","event":"Task failed with exception","logger":"task","error_detail":[{"exc_type":"AirflowException","exc_value":"Bash command failed. The command returned a non-zero exit code 1.","exc_notes":[],"syntax_error":null,"is_cause":false,"frames":[{"filename":"/home/airflow/.local/lib/python3.12/site-packages/airflow/sdk/execution_time/task_runner.py","lineno":825,"name":"run"},{"filename":"/home/airflow/.local/lib/python3.12/site-packages/airflow/sdk/execution_time/task_runner.py","lineno":1088,"name":"_execute_task"},{"filename":"/home/airflow/.local/lib/python3.12/site-packages/airflow/sdk/bases/operator.py","lineno":408,"name":"wrapper"},{"filename":"/home/airflow/.local/lib/python3.12/site-packages/airflow/providers/standard/operators/bash.py","lineno":233,"name":"execute"}]}]}
