{"timestamp":"2025-07-18T09:15:35.525836","level":"info","event":"DAG bundles loaded: dags-folder","logger":"airflow.dag_processing.bundles.manager.DagBundlesManager"}
{"timestamp":"2025-07-18T09:15:35.526296","level":"info","event":"Filling up the DagBag from /opt/airflow/dags/upload_to_hdfs_dag.py","logger":"airflow.models.dagbag.DagBag"}
{"timestamp":"2025-07-18T09:15:35.542758","level":"info","event":"Tmp dir root location: /tmp","logger":"airflow.task.hooks.airflow.providers.standard.hooks.subprocess.SubprocessHook"}
{"timestamp":"2025-07-18T09:15:35.543797","level":"info","event":"Running command: ['/usr/bin/bash', '-c', 'docker exec retail-spark-master                        /opt/bitnami/spark/bin/spark-submit                        --master spark://spark-master:7077 /opt/spark-apps/scripts/snowflake_staging.py']","logger":"airflow.task.hooks.airflow.providers.standard.hooks.subprocess.SubprocessHook"}
{"timestamp":"2025-07-18T09:15:35.553953","level":"info","event":"Output:","logger":"airflow.task.hooks.airflow.providers.standard.hooks.subprocess.SubprocessHook"}
{"timestamp":"2025-07-18T09:15:37.690272","level":"info","event":"25/07/18 09:15:37 INFO SparkContext: Running Spark version 3.4.0","logger":"airflow.task.hooks.airflow.providers.standard.hooks.subprocess.SubprocessHook"}
{"timestamp":"2025-07-18T09:15:37.719254","level":"info","event":"25/07/18 09:15:37 INFO ResourceUtils: ==============================================================","logger":"airflow.task.hooks.airflow.providers.standard.hooks.subprocess.SubprocessHook"}
{"timestamp":"2025-07-18T09:15:37.719470","level":"info","event":"25/07/18 09:15:37 INFO ResourceUtils: No custom resources configured for spark.driver.","logger":"airflow.task.hooks.airflow.providers.standard.hooks.subprocess.SubprocessHook"}
{"timestamp":"2025-07-18T09:15:37.719555","level":"info","event":"25/07/18 09:15:37 INFO ResourceUtils: ==============================================================","logger":"airflow.task.hooks.airflow.providers.standard.hooks.subprocess.SubprocessHook"}
{"timestamp":"2025-07-18T09:15:37.719999","level":"info","event":"25/07/18 09:15:37 INFO SparkContext: Submitted application: Retail_Snowflake_Staging","logger":"airflow.task.hooks.airflow.providers.standard.hooks.subprocess.SubprocessHook"}
{"timestamp":"2025-07-18T09:15:37.740032","level":"info","event":"25/07/18 09:15:37 INFO ResourceProfile: Default ResourceProfile created, executor resources: Map(memory -> name: memory, amount: 1024, script: , vendor: , offHeap -> name: offHeap, amount: 0, script: , vendor: ), task resources: Map(cpus -> name: cpus, amount: 1.0)","logger":"airflow.task.hooks.airflow.providers.standard.hooks.subprocess.SubprocessHook"}
{"timestamp":"2025-07-18T09:15:37.746491","level":"info","event":"25/07/18 09:15:37 INFO ResourceProfile: Limiting resource is cpu","logger":"airflow.task.hooks.airflow.providers.standard.hooks.subprocess.SubprocessHook"}
{"timestamp":"2025-07-18T09:15:37.747129","level":"info","event":"25/07/18 09:15:37 INFO ResourceProfileManager: Added ResourceProfile id: 0","logger":"airflow.task.hooks.airflow.providers.standard.hooks.subprocess.SubprocessHook"}
{"timestamp":"2025-07-18T09:15:37.791720","level":"info","event":"25/07/18 09:15:37 INFO SecurityManager: Changing view acls to: spark","logger":"airflow.task.hooks.airflow.providers.standard.hooks.subprocess.SubprocessHook"}
{"timestamp":"2025-07-18T09:15:37.791936","level":"info","event":"25/07/18 09:15:37 INFO SecurityManager: Changing modify acls to: spark","logger":"airflow.task.hooks.airflow.providers.standard.hooks.subprocess.SubprocessHook"}
{"timestamp":"2025-07-18T09:15:37.792039","level":"info","event":"25/07/18 09:15:37 INFO SecurityManager: Changing view acls groups to:","logger":"airflow.task.hooks.airflow.providers.standard.hooks.subprocess.SubprocessHook"}
{"timestamp":"2025-07-18T09:15:37.792743","level":"info","event":"25/07/18 09:15:37 INFO SecurityManager: Changing modify acls groups to:","logger":"airflow.task.hooks.airflow.providers.standard.hooks.subprocess.SubprocessHook"}
{"timestamp":"2025-07-18T09:15:37.794122","level":"info","event":"25/07/18 09:15:37 INFO SecurityManager: SecurityManager: authentication disabled; ui acls disabled; users with view permissions: spark; groups with view permissions: EMPTY; users with modify permissions: spark; groups with modify permissions: EMPTY","logger":"airflow.task.hooks.airflow.providers.standard.hooks.subprocess.SubprocessHook"}
{"timestamp":"2025-07-18T09:15:37.852997","level":"info","event":"25/07/18 09:15:37 WARN NativeCodeLoader: Unable to load native-hadoop library for your platform... using builtin-java classes where applicable","logger":"airflow.task.hooks.airflow.providers.standard.hooks.subprocess.SubprocessHook"}
{"timestamp":"2025-07-18T09:15:38.109237","level":"info","event":"25/07/18 09:15:38 INFO Utils: Successfully started service 'sparkDriver' on port 45755.","logger":"airflow.task.hooks.airflow.providers.standard.hooks.subprocess.SubprocessHook"}
{"timestamp":"2025-07-18T09:15:38.134636","level":"info","event":"25/07/18 09:15:38 INFO SparkEnv: Registering MapOutputTracker","logger":"airflow.task.hooks.airflow.providers.standard.hooks.subprocess.SubprocessHook"}
{"timestamp":"2025-07-18T09:15:38.171529","level":"info","event":"25/07/18 09:15:38 INFO SparkEnv: Registering BlockManagerMaster","logger":"airflow.task.hooks.airflow.providers.standard.hooks.subprocess.SubprocessHook"}
{"timestamp":"2025-07-18T09:15:38.192425","level":"info","event":"25/07/18 09:15:38 INFO BlockManagerMasterEndpoint: Using org.apache.spark.storage.DefaultTopologyMapper for getting topology information","logger":"airflow.task.hooks.airflow.providers.standard.hooks.subprocess.SubprocessHook"}
{"timestamp":"2025-07-18T09:15:38.192954","level":"info","event":"25/07/18 09:15:38 INFO BlockManagerMasterEndpoint: BlockManagerMasterEndpoint up","logger":"airflow.task.hooks.airflow.providers.standard.hooks.subprocess.SubprocessHook"}
{"timestamp":"2025-07-18T09:15:38.197575","level":"info","event":"25/07/18 09:15:38 INFO SparkEnv: Registering BlockManagerMasterHeartbeat","logger":"airflow.task.hooks.airflow.providers.standard.hooks.subprocess.SubprocessHook"}
{"timestamp":"2025-07-18T09:15:38.224891","level":"info","event":"25/07/18 09:15:38 INFO DiskBlockManager: Created local directory at /tmp/blockmgr-48d4a85f-0bc3-458d-a60e-026efb8ddbb1","logger":"airflow.task.hooks.airflow.providers.standard.hooks.subprocess.SubprocessHook"}
{"timestamp":"2025-07-18T09:15:38.256211","level":"info","event":"25/07/18 09:15:38 INFO MemoryStore: MemoryStore started with capacity 434.4 MiB","logger":"airflow.task.hooks.airflow.providers.standard.hooks.subprocess.SubprocessHook"}
{"timestamp":"2025-07-18T09:15:38.276352","level":"info","event":"25/07/18 09:15:38 INFO SparkEnv: Registering OutputCommitCoordinator","logger":"airflow.task.hooks.airflow.providers.standard.hooks.subprocess.SubprocessHook"}
{"timestamp":"2025-07-18T09:15:38.408414","level":"info","event":"25/07/18 09:15:38 INFO JettyUtils: Start Jetty 0.0.0.0:4040 for SparkUI","logger":"airflow.task.hooks.airflow.providers.standard.hooks.subprocess.SubprocessHook"}
{"timestamp":"2025-07-18T09:15:38.461461","level":"info","event":"25/07/18 09:15:38 INFO Utils: Successfully started service 'SparkUI' on port 4040.","logger":"airflow.task.hooks.airflow.providers.standard.hooks.subprocess.SubprocessHook"}
{"timestamp":"2025-07-18T09:15:38.552753","level":"info","event":"25/07/18 09:15:38 INFO StandaloneAppClient$ClientEndpoint: Connecting to master spark://retail-spark-master:7077...","logger":"airflow.task.hooks.airflow.providers.standard.hooks.subprocess.SubprocessHook"}
{"timestamp":"2025-07-18T09:15:38.587987","level":"info","event":"25/07/18 09:15:38 INFO TransportClientFactory: Successfully created connection to retail-spark-master/172.24.0.4:7077 after 22 ms (0 ms spent in bootstraps)","logger":"airflow.task.hooks.airflow.providers.standard.hooks.subprocess.SubprocessHook"}
{"timestamp":"2025-07-18T09:15:38.653528","level":"info","event":"25/07/18 09:15:38 INFO StandaloneSchedulerBackend: Connected to Spark cluster with app ID app-20250718091538-0002","logger":"airflow.task.hooks.airflow.providers.standard.hooks.subprocess.SubprocessHook"}
{"timestamp":"2025-07-18T09:15:38.656958","level":"info","event":"25/07/18 09:15:38 INFO StandaloneAppClient$ClientEndpoint: Executor added: app-20250718091538-0002/0 on worker-20250718090909-172.24.0.6-42597 (172.24.0.6:42597) with 12 core(s)","logger":"airflow.task.hooks.airflow.providers.standard.hooks.subprocess.SubprocessHook"}
{"timestamp":"2025-07-18T09:15:38.658492","level":"info","event":"25/07/18 09:15:38 INFO StandaloneSchedulerBackend: Granted executor ID app-20250718091538-0002/0 on hostPort 172.24.0.6:42597 with 12 core(s), 1024.0 MiB RAM","logger":"airflow.task.hooks.airflow.providers.standard.hooks.subprocess.SubprocessHook"}
{"timestamp":"2025-07-18T09:15:38.660274","level":"info","event":"25/07/18 09:15:38 INFO Utils: Successfully started service 'org.apache.spark.network.netty.NettyBlockTransferService' on port 45373.","logger":"airflow.task.hooks.airflow.providers.standard.hooks.subprocess.SubprocessHook"}
{"timestamp":"2025-07-18T09:15:38.660510","level":"info","event":"25/07/18 09:15:38 INFO NettyBlockTransferService: Server created on 8da053d44e9f:45373","logger":"airflow.task.hooks.airflow.providers.standard.hooks.subprocess.SubprocessHook"}
{"timestamp":"2025-07-18T09:15:38.662663","level":"info","event":"25/07/18 09:15:38 INFO BlockManager: Using org.apache.spark.storage.RandomBlockReplicationPolicy for block replication policy","logger":"airflow.task.hooks.airflow.providers.standard.hooks.subprocess.SubprocessHook"}
{"timestamp":"2025-07-18T09:15:38.669908","level":"info","event":"25/07/18 09:15:38 INFO BlockManagerMaster: Registering BlockManager BlockManagerId(driver, 8da053d44e9f, 45373, None)","logger":"airflow.task.hooks.airflow.providers.standard.hooks.subprocess.SubprocessHook"}
{"timestamp":"2025-07-18T09:15:38.674128","level":"info","event":"25/07/18 09:15:38 INFO BlockManagerMasterEndpoint: Registering block manager 8da053d44e9f:45373 with 434.4 MiB RAM, BlockManagerId(driver, 8da053d44e9f, 45373, None)","logger":"airflow.task.hooks.airflow.providers.standard.hooks.subprocess.SubprocessHook"}
{"timestamp":"2025-07-18T09:15:38.676934","level":"info","event":"25/07/18 09:15:38 INFO BlockManagerMaster: Registered BlockManager BlockManagerId(driver, 8da053d44e9f, 45373, None)","logger":"airflow.task.hooks.airflow.providers.standard.hooks.subprocess.SubprocessHook"}
{"timestamp":"2025-07-18T09:15:38.678273","level":"info","event":"25/07/18 09:15:38 INFO BlockManager: Initialized BlockManager: BlockManagerId(driver, 8da053d44e9f, 45373, None)","logger":"airflow.task.hooks.airflow.providers.standard.hooks.subprocess.SubprocessHook"}
{"timestamp":"2025-07-18T09:15:38.687255","level":"info","event":"25/07/18 09:15:38 INFO StandaloneAppClient$ClientEndpoint: Executor updated: app-20250718091538-0002/0 is now RUNNING","logger":"airflow.task.hooks.airflow.providers.standard.hooks.subprocess.SubprocessHook"}
{"timestamp":"2025-07-18T09:15:38.887275","level":"info","event":"25/07/18 09:15:38 INFO StandaloneSchedulerBackend: SchedulerBackend is ready for scheduling beginning after reached minRegisteredResourcesRatio: 0.0","logger":"airflow.task.hooks.airflow.providers.standard.hooks.subprocess.SubprocessHook"}
{"timestamp":"2025-07-18T09:15:39.120406","level":"info","event":"25/07/18 09:15:39 INFO SharedState: Setting hive.metastore.warehouse.dir ('null') to the value of spark.sql.warehouse.dir.","logger":"airflow.task.hooks.airflow.providers.standard.hooks.subprocess.SubprocessHook"}
{"timestamp":"2025-07-18T09:15:39.129598","level":"info","event":"25/07/18 09:15:39 INFO SharedState: Warehouse path is 'file:/opt/bitnami/spark/spark-warehouse'.","logger":"airflow.task.hooks.airflow.providers.standard.hooks.subprocess.SubprocessHook"}
{"timestamp":"2025-07-18T09:15:40.459391","level":"info","event":"25/07/18 09:15:40 INFO InMemoryFileIndex: It took 72 ms to list leaf files for 1 paths.","logger":"airflow.task.hooks.airflow.providers.standard.hooks.subprocess.SubprocessHook"}
{"timestamp":"2025-07-18T09:15:40.796502","level":"info","event":"25/07/18 09:15:40 INFO SparkContext: Starting job: parquet at NativeMethodAccessorImpl.java:0","logger":"airflow.task.hooks.airflow.providers.standard.hooks.subprocess.SubprocessHook"}
{"timestamp":"2025-07-18T09:15:40.811731","level":"info","event":"25/07/18 09:15:40 INFO DAGScheduler: Got job 0 (parquet at NativeMethodAccessorImpl.java:0) with 1 output partitions","logger":"airflow.task.hooks.airflow.providers.standard.hooks.subprocess.SubprocessHook"}
{"timestamp":"2025-07-18T09:15:40.812629","level":"info","event":"25/07/18 09:15:40 INFO DAGScheduler: Final stage: ResultStage 0 (parquet at NativeMethodAccessorImpl.java:0)","logger":"airflow.task.hooks.airflow.providers.standard.hooks.subprocess.SubprocessHook"}
{"timestamp":"2025-07-18T09:15:40.814255","level":"info","event":"25/07/18 09:15:40 INFO DAGScheduler: Parents of final stage: List()","logger":"airflow.task.hooks.airflow.providers.standard.hooks.subprocess.SubprocessHook"}
{"timestamp":"2025-07-18T09:15:40.815332","level":"info","event":"25/07/18 09:15:40 INFO DAGScheduler: Missing parents: List()","logger":"airflow.task.hooks.airflow.providers.standard.hooks.subprocess.SubprocessHook"}
{"timestamp":"2025-07-18T09:15:40.818980","level":"info","event":"25/07/18 09:15:40 INFO DAGScheduler: Submitting ResultStage 0 (MapPartitionsRDD[1] at parquet at NativeMethodAccessorImpl.java:0), which has no missing parents","logger":"airflow.task.hooks.airflow.providers.standard.hooks.subprocess.SubprocessHook"}
{"timestamp":"2025-07-18T09:15:40.865422","level":"info","event":"25/07/18 09:15:40 INFO MemoryStore: Block broadcast_0 stored as values in memory (estimated size 103.2 KiB, free 434.3 MiB)","logger":"airflow.task.hooks.airflow.providers.standard.hooks.subprocess.SubprocessHook"}
{"timestamp":"2025-07-18T09:15:40.899084","level":"info","event":"25/07/18 09:15:40 INFO StandaloneSchedulerBackend$StandaloneDriverEndpoint: Registered executor NettyRpcEndpointRef(spark-client://Executor) (172.24.0.6:56912) with ID 0,  ResourceProfileId 0","logger":"airflow.task.hooks.airflow.providers.standard.hooks.subprocess.SubprocessHook"}
{"timestamp":"2025-07-18T09:15:40.907469","level":"info","event":"25/07/18 09:15:40 INFO MemoryStore: Block broadcast_0_piece0 stored as bytes in memory (estimated size 37.1 KiB, free 434.3 MiB)","logger":"airflow.task.hooks.airflow.providers.standard.hooks.subprocess.SubprocessHook"}
{"timestamp":"2025-07-18T09:15:40.910478","level":"info","event":"25/07/18 09:15:40 INFO BlockManagerInfo: Added broadcast_0_piece0 in memory on 8da053d44e9f:45373 (size: 37.1 KiB, free: 434.4 MiB)","logger":"airflow.task.hooks.airflow.providers.standard.hooks.subprocess.SubprocessHook"}
{"timestamp":"2025-07-18T09:15:40.914215","level":"info","event":"25/07/18 09:15:40 INFO SparkContext: Created broadcast 0 from broadcast at DAGScheduler.scala:1535","logger":"airflow.task.hooks.airflow.providers.standard.hooks.subprocess.SubprocessHook"}
{"timestamp":"2025-07-18T09:15:40.930255","level":"info","event":"25/07/18 09:15:40 INFO DAGScheduler: Submitting 1 missing tasks from ResultStage 0 (MapPartitionsRDD[1] at parquet at NativeMethodAccessorImpl.java:0) (first 15 tasks are for partitions Vector(0))","logger":"airflow.task.hooks.airflow.providers.standard.hooks.subprocess.SubprocessHook"}
{"timestamp":"2025-07-18T09:15:40.931880","level":"info","event":"25/07/18 09:15:40 INFO TaskSchedulerImpl: Adding task set 0.0 with 1 tasks resource profile 0","logger":"airflow.task.hooks.airflow.providers.standard.hooks.subprocess.SubprocessHook"}
{"timestamp":"2025-07-18T09:15:40.972499","level":"info","event":"25/07/18 09:15:40 INFO BlockManagerMasterEndpoint: Registering block manager 172.24.0.6:33491 with 434.4 MiB RAM, BlockManagerId(0, 172.24.0.6, 33491, None)","logger":"airflow.task.hooks.airflow.providers.standard.hooks.subprocess.SubprocessHook"}
{"timestamp":"2025-07-18T09:15:41.025177","level":"info","event":"25/07/18 09:15:41 INFO TaskSetManager: Starting task 0.0 in stage 0.0 (TID 0) (172.24.0.6, executor 0, partition 0, PROCESS_LOCAL, 7566 bytes)","logger":"airflow.task.hooks.airflow.providers.standard.hooks.subprocess.SubprocessHook"}
{"timestamp":"2025-07-18T09:15:41.233100","level":"info","event":"25/07/18 09:15:41 INFO BlockManagerInfo: Added broadcast_0_piece0 in memory on 172.24.0.6:33491 (size: 37.1 KiB, free: 434.4 MiB)","logger":"airflow.task.hooks.airflow.providers.standard.hooks.subprocess.SubprocessHook"}
{"timestamp":"2025-07-18T09:15:42.262589","level":"info","event":"25/07/18 09:15:42 WARN TaskSetManager: Lost task 0.0 in stage 0.0 (TID 0) (172.24.0.6 executor 0): org.apache.spark.SparkException: Exception thrown in awaitResult:","logger":"airflow.task.hooks.airflow.providers.standard.hooks.subprocess.SubprocessHook"}
{"timestamp":"2025-07-18T09:15:42.262749","level":"info","event":"\tat org.apache.spark.util.ThreadUtils$.awaitResult(ThreadUtils.scala:322)","logger":"airflow.task.hooks.airflow.providers.standard.hooks.subprocess.SubprocessHook"}
{"timestamp":"2025-07-18T09:15:42.262822","level":"info","event":"\tat org.apache.spark.util.ThreadUtils$.parmap(ThreadUtils.scala:396)","logger":"airflow.task.hooks.airflow.providers.standard.hooks.subprocess.SubprocessHook"}
{"timestamp":"2025-07-18T09:15:42.262856","level":"info","event":"\tat org.apache.spark.sql.execution.datasources.parquet.ParquetFileFormat$.readParquetFootersInParallel(ParquetFileFormat.scala:422)","logger":"airflow.task.hooks.airflow.providers.standard.hooks.subprocess.SubprocessHook"}
{"timestamp":"2025-07-18T09:15:42.262887","level":"info","event":"\tat org.apache.spark.sql.execution.datasources.parquet.ParquetFileFormat$.$anonfun$mergeSchemasInParallel$1(ParquetFileFormat.scala:472)","logger":"airflow.task.hooks.airflow.providers.standard.hooks.subprocess.SubprocessHook"}
{"timestamp":"2025-07-18T09:15:42.262944","level":"info","event":"\tat org.apache.spark.sql.execution.datasources.parquet.ParquetFileFormat$.$anonfun$mergeSchemasInParallel$1$adapted(ParquetFileFormat.scala:464)","logger":"airflow.task.hooks.airflow.providers.standard.hooks.subprocess.SubprocessHook"}
{"timestamp":"2025-07-18T09:15:42.262993","level":"info","event":"\tat org.apache.spark.sql.execution.datasources.SchemaMergeUtils$.$anonfun$mergeSchemasInParallel$2(SchemaMergeUtils.scala:79)","logger":"airflow.task.hooks.airflow.providers.standard.hooks.subprocess.SubprocessHook"}
{"timestamp":"2025-07-18T09:15:42.263028","level":"info","event":"\tat org.apache.spark.rdd.RDD.$anonfun$mapPartitions$2(RDD.scala:853)","logger":"airflow.task.hooks.airflow.providers.standard.hooks.subprocess.SubprocessHook"}
{"timestamp":"2025-07-18T09:15:42.263054","level":"info","event":"\tat org.apache.spark.rdd.RDD.$anonfun$mapPartitions$2$adapted(RDD.scala:853)","logger":"airflow.task.hooks.airflow.providers.standard.hooks.subprocess.SubprocessHook"}
{"timestamp":"2025-07-18T09:15:42.263083","level":"info","event":"\tat org.apache.spark.rdd.MapPartitionsRDD.compute(MapPartitionsRDD.scala:52)","logger":"airflow.task.hooks.airflow.providers.standard.hooks.subprocess.SubprocessHook"}
{"timestamp":"2025-07-18T09:15:42.263148","level":"info","event":"\tat org.apache.spark.rdd.RDD.computeOrReadCheckpoint(RDD.scala:364)","logger":"airflow.task.hooks.airflow.providers.standard.hooks.subprocess.SubprocessHook"}
{"timestamp":"2025-07-18T09:15:42.263183","level":"info","event":"\tat org.apache.spark.rdd.RDD.iterator(RDD.scala:328)","logger":"airflow.task.hooks.airflow.providers.standard.hooks.subprocess.SubprocessHook"}
{"timestamp":"2025-07-18T09:15:42.263215","level":"info","event":"\tat org.apache.spark.scheduler.ResultTask.runTask(ResultTask.scala:92)","logger":"airflow.task.hooks.airflow.providers.standard.hooks.subprocess.SubprocessHook"}
{"timestamp":"2025-07-18T09:15:42.263241","level":"info","event":"\tat org.apache.spark.TaskContext.runTaskWithListeners(TaskContext.scala:161)","logger":"airflow.task.hooks.airflow.providers.standard.hooks.subprocess.SubprocessHook"}
{"timestamp":"2025-07-18T09:15:42.263278","level":"info","event":"\tat org.apache.spark.scheduler.Task.run(Task.scala:139)","logger":"airflow.task.hooks.airflow.providers.standard.hooks.subprocess.SubprocessHook"}
{"timestamp":"2025-07-18T09:15:42.263316","level":"info","event":"\tat org.apache.spark.executor.Executor$TaskRunner.$anonfun$run$3(Executor.scala:554)","logger":"airflow.task.hooks.airflow.providers.standard.hooks.subprocess.SubprocessHook"}
{"timestamp":"2025-07-18T09:15:42.263379","level":"info","event":"\tat org.apache.spark.util.Utils$.tryWithSafeFinally(Utils.scala:1529)","logger":"airflow.task.hooks.airflow.providers.standard.hooks.subprocess.SubprocessHook"}
{"timestamp":"2025-07-18T09:15:42.263425","level":"info","event":"\tat org.apache.spark.executor.Executor$TaskRunner.run(Executor.scala:557)","logger":"airflow.task.hooks.airflow.providers.standard.hooks.subprocess.SubprocessHook"}
{"timestamp":"2025-07-18T09:15:42.263462","level":"info","event":"\tat java.base/java.util.concurrent.ThreadPoolExecutor.runWorker(ThreadPoolExecutor.java:1136)","logger":"airflow.task.hooks.airflow.providers.standard.hooks.subprocess.SubprocessHook"}
{"timestamp":"2025-07-18T09:15:42.263504","level":"info","event":"\tat java.base/java.util.concurrent.ThreadPoolExecutor$Worker.run(ThreadPoolExecutor.java:635)","logger":"airflow.task.hooks.airflow.providers.standard.hooks.subprocess.SubprocessHook"}
{"timestamp":"2025-07-18T09:15:42.263545","level":"info","event":"\tat java.base/java.lang.Thread.run(Thread.java:833)","logger":"airflow.task.hooks.airflow.providers.standard.hooks.subprocess.SubprocessHook"}
{"timestamp":"2025-07-18T09:15:42.263608","level":"info","event":"Caused by: org.apache.spark.SparkException: [CANNOT_READ_FILE_FOOTER] Could not read footer for file: hdfs://namenode:8020/data/silver/retail_cleaned/part-00000-b6638e87-3773-437e-b77b-5506a80b4669-c000.csv.","logger":"airflow.task.hooks.airflow.providers.standard.hooks.subprocess.SubprocessHook"}
{"timestamp":"2025-07-18T09:15:42.263688","level":"info","event":"\tat org.apache.spark.sql.errors.QueryExecutionErrors$.cannotReadFooterForFileError(QueryExecutionErrors.scala:1077)","logger":"airflow.task.hooks.airflow.providers.standard.hooks.subprocess.SubprocessHook"}
{"timestamp":"2025-07-18T09:15:42.263742","level":"info","event":"\tat org.apache.spark.sql.execution.datasources.parquet.ParquetFileFormat$.$anonfun$readParquetFootersInParallel$1(ParquetFileFormat.scala:435)","logger":"airflow.task.hooks.airflow.providers.standard.hooks.subprocess.SubprocessHook"}
{"timestamp":"2025-07-18T09:15:42.263789","level":"info","event":"\tat org.apache.spark.util.ThreadUtils$.$anonfun$parmap$2(ThreadUtils.scala:393)","logger":"airflow.task.hooks.airflow.providers.standard.hooks.subprocess.SubprocessHook"}
{"timestamp":"2025-07-18T09:15:42.263834","level":"info","event":"\tat scala.concurrent.Future$.$anonfun$apply$1(Future.scala:659)","logger":"airflow.task.hooks.airflow.providers.standard.hooks.subprocess.SubprocessHook"}
{"timestamp":"2025-07-18T09:15:42.263876","level":"info","event":"\tat scala.util.Success.$anonfun$map$1(Try.scala:255)","logger":"airflow.task.hooks.airflow.providers.standard.hooks.subprocess.SubprocessHook"}
{"timestamp":"2025-07-18T09:15:42.263927","level":"info","event":"\tat scala.util.Success.map(Try.scala:213)","logger":"airflow.task.hooks.airflow.providers.standard.hooks.subprocess.SubprocessHook"}
{"timestamp":"2025-07-18T09:15:42.263961","level":"info","event":"\tat scala.concurrent.Future.$anonfun$map$1(Future.scala:292)","logger":"airflow.task.hooks.airflow.providers.standard.hooks.subprocess.SubprocessHook"}
{"timestamp":"2025-07-18T09:15:42.264005","level":"info","event":"\tat scala.concurrent.impl.Promise.liftedTree1$1(Promise.scala:33)","logger":"airflow.task.hooks.airflow.providers.standard.hooks.subprocess.SubprocessHook"}
{"timestamp":"2025-07-18T09:15:42.264045","level":"info","event":"\tat scala.concurrent.impl.Promise.$anonfun$transform$1(Promise.scala:33)","logger":"airflow.task.hooks.airflow.providers.standard.hooks.subprocess.SubprocessHook"}
{"timestamp":"2025-07-18T09:15:42.264087","level":"info","event":"\tat scala.concurrent.impl.CallbackRunnable.run(Promise.scala:64)","logger":"airflow.task.hooks.airflow.providers.standard.hooks.subprocess.SubprocessHook"}
{"timestamp":"2025-07-18T09:15:42.264131","level":"info","event":"\tat java.base/java.util.concurrent.ForkJoinTask$RunnableExecuteAction.exec(ForkJoinTask.java:1395)","logger":"airflow.task.hooks.airflow.providers.standard.hooks.subprocess.SubprocessHook"}
{"timestamp":"2025-07-18T09:15:42.264175","level":"info","event":"\tat java.base/java.util.concurrent.ForkJoinTask.doExec(ForkJoinTask.java:373)","logger":"airflow.task.hooks.airflow.providers.standard.hooks.subprocess.SubprocessHook"}
{"timestamp":"2025-07-18T09:15:42.264253","level":"info","event":"\tat java.base/java.util.concurrent.ForkJoinPool$WorkQueue.topLevelExec(ForkJoinPool.java:1182)","logger":"airflow.task.hooks.airflow.providers.standard.hooks.subprocess.SubprocessHook"}
{"timestamp":"2025-07-18T09:15:42.264299","level":"info","event":"\tat java.base/java.util.concurrent.ForkJoinPool.scan(ForkJoinPool.java:1655)","logger":"airflow.task.hooks.airflow.providers.standard.hooks.subprocess.SubprocessHook"}
{"timestamp":"2025-07-18T09:15:42.264376","level":"info","event":"\tat java.base/java.util.concurrent.ForkJoinPool.runWorker(ForkJoinPool.java:1622)","logger":"airflow.task.hooks.airflow.providers.standard.hooks.subprocess.SubprocessHook"}
{"timestamp":"2025-07-18T09:15:42.264436","level":"info","event":"\tat java.base/java.util.concurrent.ForkJoinWorkerThread.run(ForkJoinWorkerThread.java:165)","logger":"airflow.task.hooks.airflow.providers.standard.hooks.subprocess.SubprocessHook"}
{"timestamp":"2025-07-18T09:15:42.264482","level":"info","event":"Caused by: java.lang.RuntimeException: hdfs://namenode:8020/data/silver/retail_cleaned/part-00000-b6638e87-3773-437e-b77b-5506a80b4669-c000.csv is not a Parquet file. Expected magic number at tail, but found [48, 44, 48, 10]","logger":"airflow.task.hooks.airflow.providers.standard.hooks.subprocess.SubprocessHook"}
{"timestamp":"2025-07-18T09:15:42.264563","level":"info","event":"\tat org.apache.parquet.hadoop.ParquetFileReader.readFooter(ParquetFileReader.java:557)","logger":"airflow.task.hooks.airflow.providers.standard.hooks.subprocess.SubprocessHook"}
{"timestamp":"2025-07-18T09:15:42.264615","level":"info","event":"\tat org.apache.parquet.hadoop.ParquetFileReader.<init>(ParquetFileReader.java:777)","logger":"airflow.task.hooks.airflow.providers.standard.hooks.subprocess.SubprocessHook"}
{"timestamp":"2025-07-18T09:15:42.264660","level":"info","event":"\tat org.apache.parquet.hadoop.ParquetFileReader.open(ParquetFileReader.java:658)","logger":"airflow.task.hooks.airflow.providers.standard.hooks.subprocess.SubprocessHook"}
{"timestamp":"2025-07-18T09:15:42.264708","level":"info","event":"\tat org.apache.spark.sql.execution.datasources.parquet.ParquetFooterReader.readFooter(ParquetFooterReader.java:53)","logger":"airflow.task.hooks.airflow.providers.standard.hooks.subprocess.SubprocessHook"}
{"timestamp":"2025-07-18T09:15:42.264752","level":"info","event":"\tat org.apache.spark.sql.execution.datasources.parquet.ParquetFooterReader.readFooter(ParquetFooterReader.java:44)","logger":"airflow.task.hooks.airflow.providers.standard.hooks.subprocess.SubprocessHook"}
{"timestamp":"2025-07-18T09:15:42.265071","level":"info","event":"\tat org.apache.spark.sql.execution.datasources.parquet.ParquetFileFormat$.$anonfun$readParquetFootersInParallel$1(ParquetFileFormat.scala:429)","logger":"airflow.task.hooks.airflow.providers.standard.hooks.subprocess.SubprocessHook"}
{"timestamp":"2025-07-18T09:15:42.265189","level":"info","event":"\t... 14 more","logger":"airflow.task.hooks.airflow.providers.standard.hooks.subprocess.SubprocessHook"}
{"timestamp":"2025-07-18T09:15:42.265250","level":"info","event":"","logger":"airflow.task.hooks.airflow.providers.standard.hooks.subprocess.SubprocessHook"}
{"timestamp":"2025-07-18T09:15:42.265294","level":"info","event":"25/07/18 09:15:42 INFO TaskSetManager: Starting task 0.1 in stage 0.0 (TID 1) (172.24.0.6, executor 0, partition 0, PROCESS_LOCAL, 7566 bytes)","logger":"airflow.task.hooks.airflow.providers.standard.hooks.subprocess.SubprocessHook"}
{"timestamp":"2025-07-18T09:15:42.303648","level":"info","event":"25/07/18 09:15:42 INFO TaskSetManager: Lost task 0.1 in stage 0.0 (TID 1) on 172.24.0.6, executor 0: org.apache.spark.SparkException (Exception thrown in awaitResult: ) [duplicate 1]","logger":"airflow.task.hooks.airflow.providers.standard.hooks.subprocess.SubprocessHook"}
{"timestamp":"2025-07-18T09:15:42.304384","level":"info","event":"25/07/18 09:15:42 INFO TaskSetManager: Starting task 0.2 in stage 0.0 (TID 2) (172.24.0.6, executor 0, partition 0, PROCESS_LOCAL, 7566 bytes)","logger":"airflow.task.hooks.airflow.providers.standard.hooks.subprocess.SubprocessHook"}
{"timestamp":"2025-07-18T09:15:42.327813","level":"info","event":"25/07/18 09:15:42 INFO TaskSetManager: Lost task 0.2 in stage 0.0 (TID 2) on 172.24.0.6, executor 0: org.apache.spark.SparkException (Exception thrown in awaitResult: ) [duplicate 2]","logger":"airflow.task.hooks.airflow.providers.standard.hooks.subprocess.SubprocessHook"}
{"timestamp":"2025-07-18T09:15:42.328685","level":"info","event":"25/07/18 09:15:42 INFO TaskSetManager: Starting task 0.3 in stage 0.0 (TID 3) (172.24.0.6, executor 0, partition 0, PROCESS_LOCAL, 7566 bytes)","logger":"airflow.task.hooks.airflow.providers.standard.hooks.subprocess.SubprocessHook"}
{"timestamp":"2025-07-18T09:15:42.351432","level":"info","event":"25/07/18 09:15:42 INFO TaskSetManager: Lost task 0.3 in stage 0.0 (TID 3) on 172.24.0.6, executor 0: org.apache.spark.SparkException (Exception thrown in awaitResult: ) [duplicate 3]","logger":"airflow.task.hooks.airflow.providers.standard.hooks.subprocess.SubprocessHook"}
{"timestamp":"2025-07-18T09:15:42.351867","level":"info","event":"25/07/18 09:15:42 ERROR TaskSetManager: Task 0 in stage 0.0 failed 4 times; aborting job","logger":"airflow.task.hooks.airflow.providers.standard.hooks.subprocess.SubprocessHook"}
{"timestamp":"2025-07-18T09:15:42.352965","level":"info","event":"25/07/18 09:15:42 INFO TaskSchedulerImpl: Removed TaskSet 0.0, whose tasks have all completed, from pool","logger":"airflow.task.hooks.airflow.providers.standard.hooks.subprocess.SubprocessHook"}
{"timestamp":"2025-07-18T09:15:42.354530","level":"info","event":"25/07/18 09:15:42 INFO TaskSchedulerImpl: Cancelling stage 0","logger":"airflow.task.hooks.airflow.providers.standard.hooks.subprocess.SubprocessHook"}
{"timestamp":"2025-07-18T09:15:42.354626","level":"info","event":"25/07/18 09:15:42 INFO TaskSchedulerImpl: Killing all running tasks in stage 0: Stage cancelled","logger":"airflow.task.hooks.airflow.providers.standard.hooks.subprocess.SubprocessHook"}
{"timestamp":"2025-07-18T09:15:42.355929","level":"info","event":"25/07/18 09:15:42 INFO DAGScheduler: ResultStage 0 (parquet at NativeMethodAccessorImpl.java:0) failed in 1.524 s due to Job aborted due to stage failure: Task 0 in stage 0.0 failed 4 times, most recent failure: Lost task 0.3 in stage 0.0 (TID 3) (172.24.0.6 executor 0): org.apache.spark.SparkException: Exception thrown in awaitResult:","logger":"airflow.task.hooks.airflow.providers.standard.hooks.subprocess.SubprocessHook"}
{"timestamp":"2025-07-18T09:15:42.356027","level":"info","event":"\tat org.apache.spark.util.ThreadUtils$.awaitResult(ThreadUtils.scala:322)","logger":"airflow.task.hooks.airflow.providers.standard.hooks.subprocess.SubprocessHook"}
{"timestamp":"2025-07-18T09:15:42.356065","level":"info","event":"\tat org.apache.spark.util.ThreadUtils$.parmap(ThreadUtils.scala:396)","logger":"airflow.task.hooks.airflow.providers.standard.hooks.subprocess.SubprocessHook"}
{"timestamp":"2025-07-18T09:15:42.356092","level":"info","event":"\tat org.apache.spark.sql.execution.datasources.parquet.ParquetFileFormat$.readParquetFootersInParallel(ParquetFileFormat.scala:422)","logger":"airflow.task.hooks.airflow.providers.standard.hooks.subprocess.SubprocessHook"}
{"timestamp":"2025-07-18T09:15:42.356118","level":"info","event":"\tat org.apache.spark.sql.execution.datasources.parquet.ParquetFileFormat$.$anonfun$mergeSchemasInParallel$1(ParquetFileFormat.scala:472)","logger":"airflow.task.hooks.airflow.providers.standard.hooks.subprocess.SubprocessHook"}
{"timestamp":"2025-07-18T09:15:42.356143","level":"info","event":"\tat org.apache.spark.sql.execution.datasources.parquet.ParquetFileFormat$.$anonfun$mergeSchemasInParallel$1$adapted(ParquetFileFormat.scala:464)","logger":"airflow.task.hooks.airflow.providers.standard.hooks.subprocess.SubprocessHook"}
{"timestamp":"2025-07-18T09:15:42.356166","level":"info","event":"\tat org.apache.spark.sql.execution.datasources.SchemaMergeUtils$.$anonfun$mergeSchemasInParallel$2(SchemaMergeUtils.scala:79)","logger":"airflow.task.hooks.airflow.providers.standard.hooks.subprocess.SubprocessHook"}
{"timestamp":"2025-07-18T09:15:42.356222","level":"info","event":"\tat org.apache.spark.rdd.RDD.$anonfun$mapPartitions$2(RDD.scala:853)","logger":"airflow.task.hooks.airflow.providers.standard.hooks.subprocess.SubprocessHook"}
{"timestamp":"2025-07-18T09:15:42.356260","level":"info","event":"\tat org.apache.spark.rdd.RDD.$anonfun$mapPartitions$2$adapted(RDD.scala:853)","logger":"airflow.task.hooks.airflow.providers.standard.hooks.subprocess.SubprocessHook"}
{"timestamp":"2025-07-18T09:15:42.356289","level":"info","event":"\tat org.apache.spark.rdd.MapPartitionsRDD.compute(MapPartitionsRDD.scala:52)","logger":"airflow.task.hooks.airflow.providers.standard.hooks.subprocess.SubprocessHook"}
{"timestamp":"2025-07-18T09:15:42.356314","level":"info","event":"\tat org.apache.spark.rdd.RDD.computeOrReadCheckpoint(RDD.scala:364)","logger":"airflow.task.hooks.airflow.providers.standard.hooks.subprocess.SubprocessHook"}
{"timestamp":"2025-07-18T09:15:42.356337","level":"info","event":"\tat org.apache.spark.rdd.RDD.iterator(RDD.scala:328)","logger":"airflow.task.hooks.airflow.providers.standard.hooks.subprocess.SubprocessHook"}
{"timestamp":"2025-07-18T09:15:42.356359","level":"info","event":"\tat org.apache.spark.scheduler.ResultTask.runTask(ResultTask.scala:92)","logger":"airflow.task.hooks.airflow.providers.standard.hooks.subprocess.SubprocessHook"}
{"timestamp":"2025-07-18T09:15:42.356381","level":"info","event":"\tat org.apache.spark.TaskContext.runTaskWithListeners(TaskContext.scala:161)","logger":"airflow.task.hooks.airflow.providers.standard.hooks.subprocess.SubprocessHook"}
{"timestamp":"2025-07-18T09:15:42.356404","level":"info","event":"\tat org.apache.spark.scheduler.Task.run(Task.scala:139)","logger":"airflow.task.hooks.airflow.providers.standard.hooks.subprocess.SubprocessHook"}
{"timestamp":"2025-07-18T09:15:42.356428","level":"info","event":"\tat org.apache.spark.executor.Executor$TaskRunner.$anonfun$run$3(Executor.scala:554)","logger":"airflow.task.hooks.airflow.providers.standard.hooks.subprocess.SubprocessHook"}
{"timestamp":"2025-07-18T09:15:42.356450","level":"info","event":"\tat org.apache.spark.util.Utils$.tryWithSafeFinally(Utils.scala:1529)","logger":"airflow.task.hooks.airflow.providers.standard.hooks.subprocess.SubprocessHook"}
{"timestamp":"2025-07-18T09:15:42.356471","level":"info","event":"\tat org.apache.spark.executor.Executor$TaskRunner.run(Executor.scala:557)","logger":"airflow.task.hooks.airflow.providers.standard.hooks.subprocess.SubprocessHook"}
{"timestamp":"2025-07-18T09:15:42.356493","level":"info","event":"\tat java.base/java.util.concurrent.ThreadPoolExecutor.runWorker(ThreadPoolExecutor.java:1136)","logger":"airflow.task.hooks.airflow.providers.standard.hooks.subprocess.SubprocessHook"}
{"timestamp":"2025-07-18T09:15:42.356516","level":"info","event":"\tat java.base/java.util.concurrent.ThreadPoolExecutor$Worker.run(ThreadPoolExecutor.java:635)","logger":"airflow.task.hooks.airflow.providers.standard.hooks.subprocess.SubprocessHook"}
{"timestamp":"2025-07-18T09:15:42.356537","level":"info","event":"\tat java.base/java.lang.Thread.run(Thread.java:833)","logger":"airflow.task.hooks.airflow.providers.standard.hooks.subprocess.SubprocessHook"}
{"timestamp":"2025-07-18T09:15:42.356560","level":"info","event":"Caused by: org.apache.spark.SparkException: [CANNOT_READ_FILE_FOOTER] Could not read footer for file: hdfs://namenode:8020/data/silver/retail_cleaned/part-00000-b6638e87-3773-437e-b77b-5506a80b4669-c000.csv.","logger":"airflow.task.hooks.airflow.providers.standard.hooks.subprocess.SubprocessHook"}
{"timestamp":"2025-07-18T09:15:42.356583","level":"info","event":"\tat org.apache.spark.sql.errors.QueryExecutionErrors$.cannotReadFooterForFileError(QueryExecutionErrors.scala:1077)","logger":"airflow.task.hooks.airflow.providers.standard.hooks.subprocess.SubprocessHook"}
{"timestamp":"2025-07-18T09:15:42.356611","level":"info","event":"\tat org.apache.spark.sql.execution.datasources.parquet.ParquetFileFormat$.$anonfun$readParquetFootersInParallel$1(ParquetFileFormat.scala:435)","logger":"airflow.task.hooks.airflow.providers.standard.hooks.subprocess.SubprocessHook"}
{"timestamp":"2025-07-18T09:15:42.356633","level":"info","event":"\tat org.apache.spark.util.ThreadUtils$.$anonfun$parmap$2(ThreadUtils.scala:393)","logger":"airflow.task.hooks.airflow.providers.standard.hooks.subprocess.SubprocessHook"}
{"timestamp":"2025-07-18T09:15:42.356655","level":"info","event":"\tat scala.concurrent.Future$.$anonfun$apply$1(Future.scala:659)","logger":"airflow.task.hooks.airflow.providers.standard.hooks.subprocess.SubprocessHook"}
{"timestamp":"2025-07-18T09:15:42.356678","level":"info","event":"\tat scala.util.Success.$anonfun$map$1(Try.scala:255)","logger":"airflow.task.hooks.airflow.providers.standard.hooks.subprocess.SubprocessHook"}
{"timestamp":"2025-07-18T09:15:42.356703","level":"info","event":"\tat scala.util.Success.map(Try.scala:213)","logger":"airflow.task.hooks.airflow.providers.standard.hooks.subprocess.SubprocessHook"}
{"timestamp":"2025-07-18T09:15:42.356726","level":"info","event":"\tat scala.concurrent.Future.$anonfun$map$1(Future.scala:292)","logger":"airflow.task.hooks.airflow.providers.standard.hooks.subprocess.SubprocessHook"}
{"timestamp":"2025-07-18T09:15:42.356751","level":"info","event":"\tat scala.concurrent.impl.Promise.liftedTree1$1(Promise.scala:33)","logger":"airflow.task.hooks.airflow.providers.standard.hooks.subprocess.SubprocessHook"}
{"timestamp":"2025-07-18T09:15:42.356773","level":"info","event":"\tat scala.concurrent.impl.Promise.$anonfun$transform$1(Promise.scala:33)","logger":"airflow.task.hooks.airflow.providers.standard.hooks.subprocess.SubprocessHook"}
{"timestamp":"2025-07-18T09:15:42.356794","level":"info","event":"\tat scala.concurrent.impl.CallbackRunnable.run(Promise.scala:64)","logger":"airflow.task.hooks.airflow.providers.standard.hooks.subprocess.SubprocessHook"}
{"timestamp":"2025-07-18T09:15:42.356819","level":"info","event":"\tat java.base/java.util.concurrent.ForkJoinTask$RunnableExecuteAction.exec(ForkJoinTask.java:1395)","logger":"airflow.task.hooks.airflow.providers.standard.hooks.subprocess.SubprocessHook"}
{"timestamp":"2025-07-18T09:15:42.356841","level":"info","event":"\tat java.base/java.util.concurrent.ForkJoinTask.doExec(ForkJoinTask.java:373)","logger":"airflow.task.hooks.airflow.providers.standard.hooks.subprocess.SubprocessHook"}
{"timestamp":"2025-07-18T09:15:42.356862","level":"info","event":"\tat java.base/java.util.concurrent.ForkJoinPool$WorkQueue.topLevelExec(ForkJoinPool.java:1182)","logger":"airflow.task.hooks.airflow.providers.standard.hooks.subprocess.SubprocessHook"}
{"timestamp":"2025-07-18T09:15:42.356883","level":"info","event":"\tat java.base/java.util.concurrent.ForkJoinPool.scan(ForkJoinPool.java:1655)","logger":"airflow.task.hooks.airflow.providers.standard.hooks.subprocess.SubprocessHook"}
{"timestamp":"2025-07-18T09:15:42.356903","level":"info","event":"\tat java.base/java.util.concurrent.ForkJoinPool.runWorker(ForkJoinPool.java:1622)","logger":"airflow.task.hooks.airflow.providers.standard.hooks.subprocess.SubprocessHook"}
{"timestamp":"2025-07-18T09:15:42.356928","level":"info","event":"\tat java.base/java.util.concurrent.ForkJoinWorkerThread.run(ForkJoinWorkerThread.java:165)","logger":"airflow.task.hooks.airflow.providers.standard.hooks.subprocess.SubprocessHook"}
{"timestamp":"2025-07-18T09:15:42.356953","level":"info","event":"Caused by: java.lang.RuntimeException: hdfs://namenode:8020/data/silver/retail_cleaned/part-00000-b6638e87-3773-437e-b77b-5506a80b4669-c000.csv is not a Parquet file. Expected magic number at tail, but found [48, 44, 48, 10]","logger":"airflow.task.hooks.airflow.providers.standard.hooks.subprocess.SubprocessHook"}
{"timestamp":"2025-07-18T09:15:42.356976","level":"info","event":"\tat org.apache.parquet.hadoop.ParquetFileReader.readFooter(ParquetFileReader.java:557)","logger":"airflow.task.hooks.airflow.providers.standard.hooks.subprocess.SubprocessHook"}
{"timestamp":"2025-07-18T09:15:42.357003","level":"info","event":"\tat org.apache.parquet.hadoop.ParquetFileReader.<init>(ParquetFileReader.java:777)","logger":"airflow.task.hooks.airflow.providers.standard.hooks.subprocess.SubprocessHook"}
{"timestamp":"2025-07-18T09:15:42.357207","level":"info","event":"\tat org.apache.parquet.hadoop.ParquetFileReader.open(ParquetFileReader.java:658)","logger":"airflow.task.hooks.airflow.providers.standard.hooks.subprocess.SubprocessHook"}
{"timestamp":"2025-07-18T09:15:42.357293","level":"info","event":"\tat org.apache.spark.sql.execution.datasources.parquet.ParquetFooterReader.readFooter(ParquetFooterReader.java:53)","logger":"airflow.task.hooks.airflow.providers.standard.hooks.subprocess.SubprocessHook"}
{"timestamp":"2025-07-18T09:15:42.357347","level":"info","event":"\tat org.apache.spark.sql.execution.datasources.parquet.ParquetFooterReader.readFooter(ParquetFooterReader.java:44)","logger":"airflow.task.hooks.airflow.providers.standard.hooks.subprocess.SubprocessHook"}
{"timestamp":"2025-07-18T09:15:42.357391","level":"info","event":"\tat org.apache.spark.sql.execution.datasources.parquet.ParquetFileFormat$.$anonfun$readParquetFootersInParallel$1(ParquetFileFormat.scala:429)","logger":"airflow.task.hooks.airflow.providers.standard.hooks.subprocess.SubprocessHook"}
{"timestamp":"2025-07-18T09:15:42.357428","level":"info","event":"\t... 14 more","logger":"airflow.task.hooks.airflow.providers.standard.hooks.subprocess.SubprocessHook"}
{"timestamp":"2025-07-18T09:15:42.357471","level":"info","event":"","logger":"airflow.task.hooks.airflow.providers.standard.hooks.subprocess.SubprocessHook"}
{"timestamp":"2025-07-18T09:15:42.357513","level":"info","event":"Driver stacktrace:","logger":"airflow.task.hooks.airflow.providers.standard.hooks.subprocess.SubprocessHook"}
{"timestamp":"2025-07-18T09:15:42.358777","level":"info","event":"25/07/18 09:15:42 INFO DAGScheduler: Job 0 failed: parquet at NativeMethodAccessorImpl.java:0, took 1.562052 s","logger":"airflow.task.hooks.airflow.providers.standard.hooks.subprocess.SubprocessHook"}
{"timestamp":"2025-07-18T09:15:42.523956","level":"info","event":"Traceback (most recent call last):","logger":"airflow.task.hooks.airflow.providers.standard.hooks.subprocess.SubprocessHook"}
{"timestamp":"2025-07-18T09:15:42.524110","level":"info","event":"  File \"/opt/spark-apps/scripts/snowflake_staging.py\", line 9, in <module>","logger":"airflow.task.hooks.airflow.providers.standard.hooks.subprocess.SubprocessHook"}
{"timestamp":"2025-07-18T09:15:42.526675","level":"info","event":"    df = spark.read.parquet(\"hdfs://namenode:8020/data/silver/retail_cleaned\")","logger":"airflow.task.hooks.airflow.providers.standard.hooks.subprocess.SubprocessHook"}
{"timestamp":"2025-07-18T09:15:42.526802","level":"info","event":"  File \"/opt/bitnami/spark/python/lib/pyspark.zip/pyspark/sql/readwriter.py\", line 531, in parquet","logger":"airflow.task.hooks.airflow.providers.standard.hooks.subprocess.SubprocessHook"}
{"timestamp":"2025-07-18T09:15:42.527416","level":"info","event":"  File \"/opt/bitnami/spark/python/lib/py4j-0.10.9.7-src.zip/py4j/java_gateway.py\", line 1322, in __call__","logger":"airflow.task.hooks.airflow.providers.standard.hooks.subprocess.SubprocessHook"}
{"timestamp":"2025-07-18T09:15:42.528441","level":"info","event":"  File \"/opt/bitnami/spark/python/lib/pyspark.zip/pyspark/errors/exceptions/captured.py\", line 169, in deco","logger":"airflow.task.hooks.airflow.providers.standard.hooks.subprocess.SubprocessHook"}
{"timestamp":"2025-07-18T09:15:42.529482","level":"info","event":"  File \"/opt/bitnami/spark/python/lib/py4j-0.10.9.7-src.zip/py4j/protocol.py\", line 326, in get_return_value","logger":"airflow.task.hooks.airflow.providers.standard.hooks.subprocess.SubprocessHook"}
{"timestamp":"2025-07-18T09:15:42.574683","level":"info","event":"py4j.protocol.Py4JJavaError: An error occurred while calling o26.parquet.","logger":"airflow.task.hooks.airflow.providers.standard.hooks.subprocess.SubprocessHook"}
{"timestamp":"2025-07-18T09:15:42.574847","level":"info","event":": org.apache.spark.SparkException: Job aborted due to stage failure: Task 0 in stage 0.0 failed 4 times, most recent failure: Lost task 0.3 in stage 0.0 (TID 3) (172.24.0.6 executor 0): org.apache.spark.SparkException: Exception thrown in awaitResult:","logger":"airflow.task.hooks.airflow.providers.standard.hooks.subprocess.SubprocessHook"}
{"timestamp":"2025-07-18T09:15:42.574919","level":"info","event":"\tat org.apache.spark.util.ThreadUtils$.awaitResult(ThreadUtils.scala:322)","logger":"airflow.task.hooks.airflow.providers.standard.hooks.subprocess.SubprocessHook"}
{"timestamp":"2025-07-18T09:15:42.574963","level":"info","event":"\tat org.apache.spark.util.ThreadUtils$.parmap(ThreadUtils.scala:396)","logger":"airflow.task.hooks.airflow.providers.standard.hooks.subprocess.SubprocessHook"}
{"timestamp":"2025-07-18T09:15:42.575010","level":"info","event":"\tat org.apache.spark.sql.execution.datasources.parquet.ParquetFileFormat$.readParquetFootersInParallel(ParquetFileFormat.scala:422)","logger":"airflow.task.hooks.airflow.providers.standard.hooks.subprocess.SubprocessHook"}
{"timestamp":"2025-07-18T09:15:42.575049","level":"info","event":"\tat org.apache.spark.sql.execution.datasources.parquet.ParquetFileFormat$.$anonfun$mergeSchemasInParallel$1(ParquetFileFormat.scala:472)","logger":"airflow.task.hooks.airflow.providers.standard.hooks.subprocess.SubprocessHook"}
{"timestamp":"2025-07-18T09:15:42.575087","level":"info","event":"\tat org.apache.spark.sql.execution.datasources.parquet.ParquetFileFormat$.$anonfun$mergeSchemasInParallel$1$adapted(ParquetFileFormat.scala:464)","logger":"airflow.task.hooks.airflow.providers.standard.hooks.subprocess.SubprocessHook"}
{"timestamp":"2025-07-18T09:15:42.575126","level":"info","event":"\tat org.apache.spark.sql.execution.datasources.SchemaMergeUtils$.$anonfun$mergeSchemasInParallel$2(SchemaMergeUtils.scala:79)","logger":"airflow.task.hooks.airflow.providers.standard.hooks.subprocess.SubprocessHook"}
{"timestamp":"2025-07-18T09:15:42.575161","level":"info","event":"\tat org.apache.spark.rdd.RDD.$anonfun$mapPartitions$2(RDD.scala:853)","logger":"airflow.task.hooks.airflow.providers.standard.hooks.subprocess.SubprocessHook"}
{"timestamp":"2025-07-18T09:15:42.575185","level":"info","event":"\tat org.apache.spark.rdd.RDD.$anonfun$mapPartitions$2$adapted(RDD.scala:853)","logger":"airflow.task.hooks.airflow.providers.standard.hooks.subprocess.SubprocessHook"}
{"timestamp":"2025-07-18T09:15:42.575220","level":"info","event":"\tat org.apache.spark.rdd.MapPartitionsRDD.compute(MapPartitionsRDD.scala:52)","logger":"airflow.task.hooks.airflow.providers.standard.hooks.subprocess.SubprocessHook"}
{"timestamp":"2025-07-18T09:15:42.575254","level":"info","event":"\tat org.apache.spark.rdd.RDD.computeOrReadCheckpoint(RDD.scala:364)","logger":"airflow.task.hooks.airflow.providers.standard.hooks.subprocess.SubprocessHook"}
{"timestamp":"2025-07-18T09:15:42.575290","level":"info","event":"\tat org.apache.spark.rdd.RDD.iterator(RDD.scala:328)","logger":"airflow.task.hooks.airflow.providers.standard.hooks.subprocess.SubprocessHook"}
{"timestamp":"2025-07-18T09:15:42.575326","level":"info","event":"\tat org.apache.spark.scheduler.ResultTask.runTask(ResultTask.scala:92)","logger":"airflow.task.hooks.airflow.providers.standard.hooks.subprocess.SubprocessHook"}
{"timestamp":"2025-07-18T09:15:42.575365","level":"info","event":"\tat org.apache.spark.TaskContext.runTaskWithListeners(TaskContext.scala:161)","logger":"airflow.task.hooks.airflow.providers.standard.hooks.subprocess.SubprocessHook"}
{"timestamp":"2025-07-18T09:15:42.575401","level":"info","event":"\tat org.apache.spark.scheduler.Task.run(Task.scala:139)","logger":"airflow.task.hooks.airflow.providers.standard.hooks.subprocess.SubprocessHook"}
{"timestamp":"2025-07-18T09:15:42.575436","level":"info","event":"\tat org.apache.spark.executor.Executor$TaskRunner.$anonfun$run$3(Executor.scala:554)","logger":"airflow.task.hooks.airflow.providers.standard.hooks.subprocess.SubprocessHook"}
{"timestamp":"2025-07-18T09:15:42.575477","level":"info","event":"\tat org.apache.spark.util.Utils$.tryWithSafeFinally(Utils.scala:1529)","logger":"airflow.task.hooks.airflow.providers.standard.hooks.subprocess.SubprocessHook"}
{"timestamp":"2025-07-18T09:15:42.575511","level":"info","event":"\tat org.apache.spark.executor.Executor$TaskRunner.run(Executor.scala:557)","logger":"airflow.task.hooks.airflow.providers.standard.hooks.subprocess.SubprocessHook"}
{"timestamp":"2025-07-18T09:15:42.575544","level":"info","event":"\tat java.base/java.util.concurrent.ThreadPoolExecutor.runWorker(ThreadPoolExecutor.java:1136)","logger":"airflow.task.hooks.airflow.providers.standard.hooks.subprocess.SubprocessHook"}
{"timestamp":"2025-07-18T09:15:42.575575","level":"info","event":"\tat java.base/java.util.concurrent.ThreadPoolExecutor$Worker.run(ThreadPoolExecutor.java:635)","logger":"airflow.task.hooks.airflow.providers.standard.hooks.subprocess.SubprocessHook"}
{"timestamp":"2025-07-18T09:15:42.575605","level":"info","event":"\tat java.base/java.lang.Thread.run(Thread.java:833)","logger":"airflow.task.hooks.airflow.providers.standard.hooks.subprocess.SubprocessHook"}
{"timestamp":"2025-07-18T09:15:42.575639","level":"info","event":"Caused by: org.apache.spark.SparkException: [CANNOT_READ_FILE_FOOTER] Could not read footer for file: hdfs://namenode:8020/data/silver/retail_cleaned/part-00000-b6638e87-3773-437e-b77b-5506a80b4669-c000.csv.","logger":"airflow.task.hooks.airflow.providers.standard.hooks.subprocess.SubprocessHook"}
{"timestamp":"2025-07-18T09:15:42.575679","level":"info","event":"\tat org.apache.spark.sql.errors.QueryExecutionErrors$.cannotReadFooterForFileError(QueryExecutionErrors.scala:1077)","logger":"airflow.task.hooks.airflow.providers.standard.hooks.subprocess.SubprocessHook"}
{"timestamp":"2025-07-18T09:15:42.575713","level":"info","event":"\tat org.apache.spark.sql.execution.datasources.parquet.ParquetFileFormat$.$anonfun$readParquetFootersInParallel$1(ParquetFileFormat.scala:435)","logger":"airflow.task.hooks.airflow.providers.standard.hooks.subprocess.SubprocessHook"}
{"timestamp":"2025-07-18T09:15:42.575748","level":"info","event":"\tat org.apache.spark.util.ThreadUtils$.$anonfun$parmap$2(ThreadUtils.scala:393)","logger":"airflow.task.hooks.airflow.providers.standard.hooks.subprocess.SubprocessHook"}
{"timestamp":"2025-07-18T09:15:42.575777","level":"info","event":"\tat scala.concurrent.Future$.$anonfun$apply$1(Future.scala:659)","logger":"airflow.task.hooks.airflow.providers.standard.hooks.subprocess.SubprocessHook"}
{"timestamp":"2025-07-18T09:15:42.575816","level":"info","event":"\tat scala.util.Success.$anonfun$map$1(Try.scala:255)","logger":"airflow.task.hooks.airflow.providers.standard.hooks.subprocess.SubprocessHook"}
{"timestamp":"2025-07-18T09:15:42.575850","level":"info","event":"\tat scala.util.Success.map(Try.scala:213)","logger":"airflow.task.hooks.airflow.providers.standard.hooks.subprocess.SubprocessHook"}
{"timestamp":"2025-07-18T09:15:42.575885","level":"info","event":"\tat scala.concurrent.Future.$anonfun$map$1(Future.scala:292)","logger":"airflow.task.hooks.airflow.providers.standard.hooks.subprocess.SubprocessHook"}
{"timestamp":"2025-07-18T09:15:42.575920","level":"info","event":"\tat scala.concurrent.impl.Promise.liftedTree1$1(Promise.scala:33)","logger":"airflow.task.hooks.airflow.providers.standard.hooks.subprocess.SubprocessHook"}
{"timestamp":"2025-07-18T09:15:42.575955","level":"info","event":"\tat scala.concurrent.impl.Promise.$anonfun$transform$1(Promise.scala:33)","logger":"airflow.task.hooks.airflow.providers.standard.hooks.subprocess.SubprocessHook"}
{"timestamp":"2025-07-18T09:15:42.575986","level":"info","event":"\tat scala.concurrent.impl.CallbackRunnable.run(Promise.scala:64)","logger":"airflow.task.hooks.airflow.providers.standard.hooks.subprocess.SubprocessHook"}
{"timestamp":"2025-07-18T09:15:42.576017","level":"info","event":"\tat java.base/java.util.concurrent.ForkJoinTask$RunnableExecuteAction.exec(ForkJoinTask.java:1395)","logger":"airflow.task.hooks.airflow.providers.standard.hooks.subprocess.SubprocessHook"}
{"timestamp":"2025-07-18T09:15:42.576047","level":"info","event":"\tat java.base/java.util.concurrent.ForkJoinTask.doExec(ForkJoinTask.java:373)","logger":"airflow.task.hooks.airflow.providers.standard.hooks.subprocess.SubprocessHook"}
{"timestamp":"2025-07-18T09:15:42.576075","level":"info","event":"\tat java.base/java.util.concurrent.ForkJoinPool$WorkQueue.topLevelExec(ForkJoinPool.java:1182)","logger":"airflow.task.hooks.airflow.providers.standard.hooks.subprocess.SubprocessHook"}
{"timestamp":"2025-07-18T09:15:42.576107","level":"info","event":"\tat java.base/java.util.concurrent.ForkJoinPool.scan(ForkJoinPool.java:1655)","logger":"airflow.task.hooks.airflow.providers.standard.hooks.subprocess.SubprocessHook"}
{"timestamp":"2025-07-18T09:15:42.576134","level":"info","event":"\tat java.base/java.util.concurrent.ForkJoinPool.runWorker(ForkJoinPool.java:1622)","logger":"airflow.task.hooks.airflow.providers.standard.hooks.subprocess.SubprocessHook"}
{"timestamp":"2025-07-18T09:15:42.576169","level":"info","event":"\tat java.base/java.util.concurrent.ForkJoinWorkerThread.run(ForkJoinWorkerThread.java:165)","logger":"airflow.task.hooks.airflow.providers.standard.hooks.subprocess.SubprocessHook"}
{"timestamp":"2025-07-18T09:15:42.576208","level":"info","event":"Caused by: java.lang.RuntimeException: hdfs://namenode:8020/data/silver/retail_cleaned/part-00000-b6638e87-3773-437e-b77b-5506a80b4669-c000.csv is not a Parquet file. Expected magic number at tail, but found [48, 44, 48, 10]","logger":"airflow.task.hooks.airflow.providers.standard.hooks.subprocess.SubprocessHook"}
{"timestamp":"2025-07-18T09:15:42.576251","level":"info","event":"\tat org.apache.parquet.hadoop.ParquetFileReader.readFooter(ParquetFileReader.java:557)","logger":"airflow.task.hooks.airflow.providers.standard.hooks.subprocess.SubprocessHook"}
{"timestamp":"2025-07-18T09:15:42.576320","level":"info","event":"\tat org.apache.parquet.hadoop.ParquetFileReader.<init>(ParquetFileReader.java:777)","logger":"airflow.task.hooks.airflow.providers.standard.hooks.subprocess.SubprocessHook"}
{"timestamp":"2025-07-18T09:15:42.576378","level":"info","event":"\tat org.apache.parquet.hadoop.ParquetFileReader.open(ParquetFileReader.java:658)","logger":"airflow.task.hooks.airflow.providers.standard.hooks.subprocess.SubprocessHook"}
{"timestamp":"2025-07-18T09:15:42.576426","level":"info","event":"\tat org.apache.spark.sql.execution.datasources.parquet.ParquetFooterReader.readFooter(ParquetFooterReader.java:53)","logger":"airflow.task.hooks.airflow.providers.standard.hooks.subprocess.SubprocessHook"}
{"timestamp":"2025-07-18T09:15:42.576484","level":"info","event":"\tat org.apache.spark.sql.execution.datasources.parquet.ParquetFooterReader.readFooter(ParquetFooterReader.java:44)","logger":"airflow.task.hooks.airflow.providers.standard.hooks.subprocess.SubprocessHook"}
{"timestamp":"2025-07-18T09:15:42.576519","level":"info","event":"\tat org.apache.spark.sql.execution.datasources.parquet.ParquetFileFormat$.$anonfun$readParquetFootersInParallel$1(ParquetFileFormat.scala:429)","logger":"airflow.task.hooks.airflow.providers.standard.hooks.subprocess.SubprocessHook"}
{"timestamp":"2025-07-18T09:15:42.576545","level":"info","event":"\t... 14 more","logger":"airflow.task.hooks.airflow.providers.standard.hooks.subprocess.SubprocessHook"}
{"timestamp":"2025-07-18T09:15:42.576572","level":"info","event":"","logger":"airflow.task.hooks.airflow.providers.standard.hooks.subprocess.SubprocessHook"}
{"timestamp":"2025-07-18T09:15:42.576606","level":"info","event":"Driver stacktrace:","logger":"airflow.task.hooks.airflow.providers.standard.hooks.subprocess.SubprocessHook"}
{"timestamp":"2025-07-18T09:15:42.576629","level":"info","event":"\tat org.apache.spark.scheduler.DAGScheduler.failJobAndIndependentStages(DAGScheduler.scala:2785)","logger":"airflow.task.hooks.airflow.providers.standard.hooks.subprocess.SubprocessHook"}
{"timestamp":"2025-07-18T09:15:42.576653","level":"info","event":"\tat org.apache.spark.scheduler.DAGScheduler.$anonfun$abortStage$2(DAGScheduler.scala:2721)","logger":"airflow.task.hooks.airflow.providers.standard.hooks.subprocess.SubprocessHook"}
{"timestamp":"2025-07-18T09:15:42.576685","level":"info","event":"\tat org.apache.spark.scheduler.DAGScheduler.$anonfun$abortStage$2$adapted(DAGScheduler.scala:2720)","logger":"airflow.task.hooks.airflow.providers.standard.hooks.subprocess.SubprocessHook"}
{"timestamp":"2025-07-18T09:15:42.576711","level":"info","event":"\tat scala.collection.mutable.ResizableArray.foreach(ResizableArray.scala:62)","logger":"airflow.task.hooks.airflow.providers.standard.hooks.subprocess.SubprocessHook"}
{"timestamp":"2025-07-18T09:15:42.576739","level":"info","event":"\tat scala.collection.mutable.ResizableArray.foreach$(ResizableArray.scala:55)","logger":"airflow.task.hooks.airflow.providers.standard.hooks.subprocess.SubprocessHook"}
{"timestamp":"2025-07-18T09:15:42.576766","level":"info","event":"\tat scala.collection.mutable.ArrayBuffer.foreach(ArrayBuffer.scala:49)","logger":"airflow.task.hooks.airflow.providers.standard.hooks.subprocess.SubprocessHook"}
{"timestamp":"2025-07-18T09:15:42.576800","level":"info","event":"\tat org.apache.spark.scheduler.DAGScheduler.abortStage(DAGScheduler.scala:2720)","logger":"airflow.task.hooks.airflow.providers.standard.hooks.subprocess.SubprocessHook"}
{"timestamp":"2025-07-18T09:15:42.576824","level":"info","event":"\tat org.apache.spark.scheduler.DAGScheduler.$anonfun$handleTaskSetFailed$1(DAGScheduler.scala:1206)","logger":"airflow.task.hooks.airflow.providers.standard.hooks.subprocess.SubprocessHook"}
{"timestamp":"2025-07-18T09:15:42.576847","level":"info","event":"\tat org.apache.spark.scheduler.DAGScheduler.$anonfun$handleTaskSetFailed$1$adapted(DAGScheduler.scala:1206)","logger":"airflow.task.hooks.airflow.providers.standard.hooks.subprocess.SubprocessHook"}
{"timestamp":"2025-07-18T09:15:42.576879","level":"info","event":"\tat scala.Option.foreach(Option.scala:407)","logger":"airflow.task.hooks.airflow.providers.standard.hooks.subprocess.SubprocessHook"}
{"timestamp":"2025-07-18T09:15:42.576904","level":"info","event":"\tat org.apache.spark.scheduler.DAGScheduler.handleTaskSetFailed(DAGScheduler.scala:1206)","logger":"airflow.task.hooks.airflow.providers.standard.hooks.subprocess.SubprocessHook"}
{"timestamp":"2025-07-18T09:15:42.576935","level":"info","event":"\tat org.apache.spark.scheduler.DAGSchedulerEventProcessLoop.doOnReceive(DAGScheduler.scala:2984)","logger":"airflow.task.hooks.airflow.providers.standard.hooks.subprocess.SubprocessHook"}
{"timestamp":"2025-07-18T09:15:42.576967","level":"info","event":"\tat org.apache.spark.scheduler.DAGSchedulerEventProcessLoop.onReceive(DAGScheduler.scala:2923)","logger":"airflow.task.hooks.airflow.providers.standard.hooks.subprocess.SubprocessHook"}
{"timestamp":"2025-07-18T09:15:42.577002","level":"info","event":"\tat org.apache.spark.scheduler.DAGSchedulerEventProcessLoop.onReceive(DAGScheduler.scala:2912)","logger":"airflow.task.hooks.airflow.providers.standard.hooks.subprocess.SubprocessHook"}
{"timestamp":"2025-07-18T09:15:42.577025","level":"info","event":"\tat org.apache.spark.util.EventLoop$$anon$1.run(EventLoop.scala:49)","logger":"airflow.task.hooks.airflow.providers.standard.hooks.subprocess.SubprocessHook"}
{"timestamp":"2025-07-18T09:15:42.577051","level":"info","event":"\tat org.apache.spark.scheduler.DAGScheduler.runJob(DAGScheduler.scala:971)","logger":"airflow.task.hooks.airflow.providers.standard.hooks.subprocess.SubprocessHook"}
{"timestamp":"2025-07-18T09:15:42.577086","level":"info","event":"\tat org.apache.spark.SparkContext.runJob(SparkContext.scala:2263)","logger":"airflow.task.hooks.airflow.providers.standard.hooks.subprocess.SubprocessHook"}
{"timestamp":"2025-07-18T09:15:42.577109","level":"info","event":"\tat org.apache.spark.SparkContext.runJob(SparkContext.scala:2284)","logger":"airflow.task.hooks.airflow.providers.standard.hooks.subprocess.SubprocessHook"}
{"timestamp":"2025-07-18T09:15:42.577167","level":"info","event":"\tat org.apache.spark.SparkContext.runJob(SparkContext.scala:2303)","logger":"airflow.task.hooks.airflow.providers.standard.hooks.subprocess.SubprocessHook"}
{"timestamp":"2025-07-18T09:15:42.577201","level":"info","event":"\tat org.apache.spark.SparkContext.runJob(SparkContext.scala:2328)","logger":"airflow.task.hooks.airflow.providers.standard.hooks.subprocess.SubprocessHook"}
{"timestamp":"2025-07-18T09:15:42.577285","level":"info","event":"\tat org.apache.spark.rdd.RDD.$anonfun$collect$1(RDD.scala:1019)","logger":"airflow.task.hooks.airflow.providers.standard.hooks.subprocess.SubprocessHook"}
{"timestamp":"2025-07-18T09:15:42.577341","level":"info","event":"\tat org.apache.spark.rdd.RDDOperationScope$.withScope(RDDOperationScope.scala:151)","logger":"airflow.task.hooks.airflow.providers.standard.hooks.subprocess.SubprocessHook"}
{"timestamp":"2025-07-18T09:15:42.577388","level":"info","event":"\tat org.apache.spark.rdd.RDDOperationScope$.withScope(RDDOperationScope.scala:112)","logger":"airflow.task.hooks.airflow.providers.standard.hooks.subprocess.SubprocessHook"}
{"timestamp":"2025-07-18T09:15:42.577423","level":"info","event":"\tat org.apache.spark.rdd.RDD.withScope(RDD.scala:405)","logger":"airflow.task.hooks.airflow.providers.standard.hooks.subprocess.SubprocessHook"}
{"timestamp":"2025-07-18T09:15:42.577451","level":"info","event":"\tat org.apache.spark.rdd.RDD.collect(RDD.scala:1018)","logger":"airflow.task.hooks.airflow.providers.standard.hooks.subprocess.SubprocessHook"}
{"timestamp":"2025-07-18T09:15:42.577474","level":"info","event":"\tat org.apache.spark.sql.execution.datasources.SchemaMergeUtils$.mergeSchemasInParallel(SchemaMergeUtils.scala:73)","logger":"airflow.task.hooks.airflow.providers.standard.hooks.subprocess.SubprocessHook"}
{"timestamp":"2025-07-18T09:15:42.577497","level":"info","event":"\tat org.apache.spark.sql.execution.datasources.parquet.ParquetFileFormat$.mergeSchemasInParallel(ParquetFileFormat.scala:476)","logger":"airflow.task.hooks.airflow.providers.standard.hooks.subprocess.SubprocessHook"}
{"timestamp":"2025-07-18T09:15:42.577531","level":"info","event":"\tat org.apache.spark.sql.execution.datasources.parquet.ParquetUtils$.inferSchema(ParquetUtils.scala:132)","logger":"airflow.task.hooks.airflow.providers.standard.hooks.subprocess.SubprocessHook"}
{"timestamp":"2025-07-18T09:15:42.577558","level":"info","event":"\tat org.apache.spark.sql.execution.datasources.parquet.ParquetFileFormat.inferSchema(ParquetFileFormat.scala:78)","logger":"airflow.task.hooks.airflow.providers.standard.hooks.subprocess.SubprocessHook"}
{"timestamp":"2025-07-18T09:15:42.577587","level":"info","event":"\tat org.apache.spark.sql.execution.datasources.DataSource.$anonfun$getOrInferFileFormatSchema$11(DataSource.scala:208)","logger":"airflow.task.hooks.airflow.providers.standard.hooks.subprocess.SubprocessHook"}
{"timestamp":"2025-07-18T09:15:42.577621","level":"info","event":"\tat scala.Option.orElse(Option.scala:447)","logger":"airflow.task.hooks.airflow.providers.standard.hooks.subprocess.SubprocessHook"}
{"timestamp":"2025-07-18T09:15:42.577651","level":"info","event":"\tat org.apache.spark.sql.execution.datasources.DataSource.getOrInferFileFormatSchema(DataSource.scala:205)","logger":"airflow.task.hooks.airflow.providers.standard.hooks.subprocess.SubprocessHook"}
{"timestamp":"2025-07-18T09:15:42.577674","level":"info","event":"\tat org.apache.spark.sql.execution.datasources.DataSource.resolveRelation(DataSource.scala:407)","logger":"airflow.task.hooks.airflow.providers.standard.hooks.subprocess.SubprocessHook"}
{"timestamp":"2025-07-18T09:15:42.577696","level":"info","event":"\tat org.apache.spark.sql.DataFrameReader.loadV1Source(DataFrameReader.scala:229)","logger":"airflow.task.hooks.airflow.providers.standard.hooks.subprocess.SubprocessHook"}
{"timestamp":"2025-07-18T09:15:42.577723","level":"info","event":"\tat org.apache.spark.sql.DataFrameReader.$anonfun$load$2(DataFrameReader.scala:211)","logger":"airflow.task.hooks.airflow.providers.standard.hooks.subprocess.SubprocessHook"}
{"timestamp":"2025-07-18T09:15:42.577755","level":"info","event":"\tat scala.Option.getOrElse(Option.scala:189)","logger":"airflow.task.hooks.airflow.providers.standard.hooks.subprocess.SubprocessHook"}
{"timestamp":"2025-07-18T09:15:42.577780","level":"info","event":"\tat org.apache.spark.sql.DataFrameReader.load(DataFrameReader.scala:211)","logger":"airflow.task.hooks.airflow.providers.standard.hooks.subprocess.SubprocessHook"}
{"timestamp":"2025-07-18T09:15:42.577808","level":"info","event":"\tat org.apache.spark.sql.DataFrameReader.parquet(DataFrameReader.scala:563)","logger":"airflow.task.hooks.airflow.providers.standard.hooks.subprocess.SubprocessHook"}
{"timestamp":"2025-07-18T09:15:42.577838","level":"info","event":"\tat java.base/jdk.internal.reflect.NativeMethodAccessorImpl.invoke0(Native Method)","logger":"airflow.task.hooks.airflow.providers.standard.hooks.subprocess.SubprocessHook"}
{"timestamp":"2025-07-18T09:15:42.577868","level":"info","event":"\tat java.base/jdk.internal.reflect.NativeMethodAccessorImpl.invoke(NativeMethodAccessorImpl.java:77)","logger":"airflow.task.hooks.airflow.providers.standard.hooks.subprocess.SubprocessHook"}
{"timestamp":"2025-07-18T09:15:42.577900","level":"info","event":"\tat java.base/jdk.internal.reflect.DelegatingMethodAccessorImpl.invoke(DelegatingMethodAccessorImpl.java:43)","logger":"airflow.task.hooks.airflow.providers.standard.hooks.subprocess.SubprocessHook"}
{"timestamp":"2025-07-18T09:15:42.577934","level":"info","event":"\tat java.base/java.lang.reflect.Method.invoke(Method.java:568)","logger":"airflow.task.hooks.airflow.providers.standard.hooks.subprocess.SubprocessHook"}
{"timestamp":"2025-07-18T09:15:42.577977","level":"info","event":"\tat py4j.reflection.MethodInvoker.invoke(MethodInvoker.java:244)","logger":"airflow.task.hooks.airflow.providers.standard.hooks.subprocess.SubprocessHook"}
{"timestamp":"2025-07-18T09:15:42.578020","level":"info","event":"\tat py4j.reflection.ReflectionEngine.invoke(ReflectionEngine.java:374)","logger":"airflow.task.hooks.airflow.providers.standard.hooks.subprocess.SubprocessHook"}
{"timestamp":"2025-07-18T09:15:42.578059","level":"info","event":"\tat py4j.Gateway.invoke(Gateway.java:282)","logger":"airflow.task.hooks.airflow.providers.standard.hooks.subprocess.SubprocessHook"}
{"timestamp":"2025-07-18T09:15:42.578094","level":"info","event":"\tat py4j.commands.AbstractCommand.invokeMethod(AbstractCommand.java:132)","logger":"airflow.task.hooks.airflow.providers.standard.hooks.subprocess.SubprocessHook"}
{"timestamp":"2025-07-18T09:15:42.578121","level":"info","event":"\tat py4j.commands.CallCommand.execute(CallCommand.java:79)","logger":"airflow.task.hooks.airflow.providers.standard.hooks.subprocess.SubprocessHook"}
{"timestamp":"2025-07-18T09:15:42.578166","level":"info","event":"\tat py4j.ClientServerConnection.waitForCommands(ClientServerConnection.java:182)","logger":"airflow.task.hooks.airflow.providers.standard.hooks.subprocess.SubprocessHook"}
{"timestamp":"2025-07-18T09:15:42.578201","level":"info","event":"\tat py4j.ClientServerConnection.run(ClientServerConnection.java:106)","logger":"airflow.task.hooks.airflow.providers.standard.hooks.subprocess.SubprocessHook"}
{"timestamp":"2025-07-18T09:15:42.578232","level":"info","event":"\tat java.base/java.lang.Thread.run(Thread.java:833)","logger":"airflow.task.hooks.airflow.providers.standard.hooks.subprocess.SubprocessHook"}
{"timestamp":"2025-07-18T09:15:42.578265","level":"info","event":"Caused by: org.apache.spark.SparkException: Exception thrown in awaitResult:","logger":"airflow.task.hooks.airflow.providers.standard.hooks.subprocess.SubprocessHook"}
{"timestamp":"2025-07-18T09:15:42.578324","level":"info","event":"\tat org.apache.spark.util.ThreadUtils$.awaitResult(ThreadUtils.scala:322)","logger":"airflow.task.hooks.airflow.providers.standard.hooks.subprocess.SubprocessHook"}
{"timestamp":"2025-07-18T09:15:42.578378","level":"info","event":"\tat org.apache.spark.util.ThreadUtils$.parmap(ThreadUtils.scala:396)","logger":"airflow.task.hooks.airflow.providers.standard.hooks.subprocess.SubprocessHook"}
{"timestamp":"2025-07-18T09:15:42.578422","level":"info","event":"\tat org.apache.spark.sql.execution.datasources.parquet.ParquetFileFormat$.readParquetFootersInParallel(ParquetFileFormat.scala:422)","logger":"airflow.task.hooks.airflow.providers.standard.hooks.subprocess.SubprocessHook"}
{"timestamp":"2025-07-18T09:15:42.578465","level":"info","event":"\tat org.apache.spark.sql.execution.datasources.parquet.ParquetFileFormat$.$anonfun$mergeSchemasInParallel$1(ParquetFileFormat.scala:472)","logger":"airflow.task.hooks.airflow.providers.standard.hooks.subprocess.SubprocessHook"}
{"timestamp":"2025-07-18T09:15:42.578508","level":"info","event":"\tat org.apache.spark.sql.execution.datasources.parquet.ParquetFileFormat$.$anonfun$mergeSchemasInParallel$1$adapted(ParquetFileFormat.scala:464)","logger":"airflow.task.hooks.airflow.providers.standard.hooks.subprocess.SubprocessHook"}
{"timestamp":"2025-07-18T09:15:42.578606","level":"info","event":"\tat org.apache.spark.sql.execution.datasources.SchemaMergeUtils$.$anonfun$mergeSchemasInParallel$2(SchemaMergeUtils.scala:79)","logger":"airflow.task.hooks.airflow.providers.standard.hooks.subprocess.SubprocessHook"}
{"timestamp":"2025-07-18T09:15:42.578658","level":"info","event":"\tat org.apache.spark.rdd.RDD.$anonfun$mapPartitions$2(RDD.scala:853)","logger":"airflow.task.hooks.airflow.providers.standard.hooks.subprocess.SubprocessHook"}
{"timestamp":"2025-07-18T09:15:42.578702","level":"info","event":"\tat org.apache.spark.rdd.RDD.$anonfun$mapPartitions$2$adapted(RDD.scala:853)","logger":"airflow.task.hooks.airflow.providers.standard.hooks.subprocess.SubprocessHook"}
{"timestamp":"2025-07-18T09:15:42.578744","level":"info","event":"\tat org.apache.spark.rdd.MapPartitionsRDD.compute(MapPartitionsRDD.scala:52)","logger":"airflow.task.hooks.airflow.providers.standard.hooks.subprocess.SubprocessHook"}
{"timestamp":"2025-07-18T09:15:42.578786","level":"info","event":"\tat org.apache.spark.rdd.RDD.computeOrReadCheckpoint(RDD.scala:364)","logger":"airflow.task.hooks.airflow.providers.standard.hooks.subprocess.SubprocessHook"}
{"timestamp":"2025-07-18T09:15:42.578822","level":"info","event":"\tat org.apache.spark.rdd.RDD.iterator(RDD.scala:328)","logger":"airflow.task.hooks.airflow.providers.standard.hooks.subprocess.SubprocessHook"}
{"timestamp":"2025-07-18T09:15:42.578858","level":"info","event":"\tat org.apache.spark.scheduler.ResultTask.runTask(ResultTask.scala:92)","logger":"airflow.task.hooks.airflow.providers.standard.hooks.subprocess.SubprocessHook"}
{"timestamp":"2025-07-18T09:15:42.578929","level":"info","event":"\tat org.apache.spark.TaskContext.runTaskWithListeners(TaskContext.scala:161)","logger":"airflow.task.hooks.airflow.providers.standard.hooks.subprocess.SubprocessHook"}
{"timestamp":"2025-07-18T09:15:42.578975","level":"info","event":"\tat org.apache.spark.scheduler.Task.run(Task.scala:139)","logger":"airflow.task.hooks.airflow.providers.standard.hooks.subprocess.SubprocessHook"}
{"timestamp":"2025-07-18T09:15:42.579013","level":"info","event":"\tat org.apache.spark.executor.Executor$TaskRunner.$anonfun$run$3(Executor.scala:554)","logger":"airflow.task.hooks.airflow.providers.standard.hooks.subprocess.SubprocessHook"}
{"timestamp":"2025-07-18T09:15:42.579068","level":"info","event":"\tat org.apache.spark.util.Utils$.tryWithSafeFinally(Utils.scala:1529)","logger":"airflow.task.hooks.airflow.providers.standard.hooks.subprocess.SubprocessHook"}
{"timestamp":"2025-07-18T09:15:42.579109","level":"info","event":"\tat org.apache.spark.executor.Executor$TaskRunner.run(Executor.scala:557)","logger":"airflow.task.hooks.airflow.providers.standard.hooks.subprocess.SubprocessHook"}
{"timestamp":"2025-07-18T09:15:42.579144","level":"info","event":"\tat java.base/java.util.concurrent.ThreadPoolExecutor.runWorker(ThreadPoolExecutor.java:1136)","logger":"airflow.task.hooks.airflow.providers.standard.hooks.subprocess.SubprocessHook"}
{"timestamp":"2025-07-18T09:15:42.579182","level":"info","event":"\tat java.base/java.util.concurrent.ThreadPoolExecutor$Worker.run(ThreadPoolExecutor.java:635)","logger":"airflow.task.hooks.airflow.providers.standard.hooks.subprocess.SubprocessHook"}
{"timestamp":"2025-07-18T09:15:42.579218","level":"info","event":"\t... 1 more","logger":"airflow.task.hooks.airflow.providers.standard.hooks.subprocess.SubprocessHook"}
{"timestamp":"2025-07-18T09:15:42.579256","level":"info","event":"Caused by: org.apache.spark.SparkException: [CANNOT_READ_FILE_FOOTER] Could not read footer for file: hdfs://namenode:8020/data/silver/retail_cleaned/part-00000-b6638e87-3773-437e-b77b-5506a80b4669-c000.csv.","logger":"airflow.task.hooks.airflow.providers.standard.hooks.subprocess.SubprocessHook"}
{"timestamp":"2025-07-18T09:15:42.579293","level":"info","event":"\tat org.apache.spark.sql.errors.QueryExecutionErrors$.cannotReadFooterForFileError(QueryExecutionErrors.scala:1077)","logger":"airflow.task.hooks.airflow.providers.standard.hooks.subprocess.SubprocessHook"}
{"timestamp":"2025-07-18T09:15:42.579330","level":"info","event":"\tat org.apache.spark.sql.execution.datasources.parquet.ParquetFileFormat$.$anonfun$readParquetFootersInParallel$1(ParquetFileFormat.scala:435)","logger":"airflow.task.hooks.airflow.providers.standard.hooks.subprocess.SubprocessHook"}
{"timestamp":"2025-07-18T09:15:42.579365","level":"info","event":"\tat org.apache.spark.util.ThreadUtils$.$anonfun$parmap$2(ThreadUtils.scala:393)","logger":"airflow.task.hooks.airflow.providers.standard.hooks.subprocess.SubprocessHook"}
{"timestamp":"2025-07-18T09:15:42.579401","level":"info","event":"\tat scala.concurrent.Future$.$anonfun$apply$1(Future.scala:659)","logger":"airflow.task.hooks.airflow.providers.standard.hooks.subprocess.SubprocessHook"}
{"timestamp":"2025-07-18T09:15:42.579472","level":"info","event":"\tat scala.util.Success.$anonfun$map$1(Try.scala:255)","logger":"airflow.task.hooks.airflow.providers.standard.hooks.subprocess.SubprocessHook"}
{"timestamp":"2025-07-18T09:15:42.579531","level":"info","event":"\tat scala.util.Success.map(Try.scala:213)","logger":"airflow.task.hooks.airflow.providers.standard.hooks.subprocess.SubprocessHook"}
{"timestamp":"2025-07-18T09:15:42.579579","level":"info","event":"\tat scala.concurrent.Future.$anonfun$map$1(Future.scala:292)","logger":"airflow.task.hooks.airflow.providers.standard.hooks.subprocess.SubprocessHook"}
{"timestamp":"2025-07-18T09:15:42.579831","level":"info","event":"\tat scala.concurrent.impl.Promise.liftedTree1$1(Promise.scala:33)","logger":"airflow.task.hooks.airflow.providers.standard.hooks.subprocess.SubprocessHook"}
{"timestamp":"2025-07-18T09:15:42.579907","level":"info","event":"\tat scala.concurrent.impl.Promise.$anonfun$transform$1(Promise.scala:33)","logger":"airflow.task.hooks.airflow.providers.standard.hooks.subprocess.SubprocessHook"}
{"timestamp":"2025-07-18T09:15:42.579955","level":"info","event":"\tat scala.concurrent.impl.CallbackRunnable.run(Promise.scala:64)","logger":"airflow.task.hooks.airflow.providers.standard.hooks.subprocess.SubprocessHook"}
{"timestamp":"2025-07-18T09:15:42.580000","level":"info","event":"\tat java.base/java.util.concurrent.ForkJoinTask$RunnableExecuteAction.exec(ForkJoinTask.java:1395)","logger":"airflow.task.hooks.airflow.providers.standard.hooks.subprocess.SubprocessHook"}
{"timestamp":"2025-07-18T09:15:42.580041","level":"info","event":"\tat java.base/java.util.concurrent.ForkJoinTask.doExec(ForkJoinTask.java:373)","logger":"airflow.task.hooks.airflow.providers.standard.hooks.subprocess.SubprocessHook"}
{"timestamp":"2025-07-18T09:15:42.580079","level":"info","event":"\tat java.base/java.util.concurrent.ForkJoinPool$WorkQueue.topLevelExec(ForkJoinPool.java:1182)","logger":"airflow.task.hooks.airflow.providers.standard.hooks.subprocess.SubprocessHook"}
{"timestamp":"2025-07-18T09:15:42.580121","level":"info","event":"\tat java.base/java.util.concurrent.ForkJoinPool.scan(ForkJoinPool.java:1655)","logger":"airflow.task.hooks.airflow.providers.standard.hooks.subprocess.SubprocessHook"}
{"timestamp":"2025-07-18T09:15:42.580161","level":"info","event":"\tat java.base/java.util.concurrent.ForkJoinPool.runWorker(ForkJoinPool.java:1622)","logger":"airflow.task.hooks.airflow.providers.standard.hooks.subprocess.SubprocessHook"}
{"timestamp":"2025-07-18T09:15:42.580205","level":"info","event":"\tat java.base/java.util.concurrent.ForkJoinWorkerThread.run(ForkJoinWorkerThread.java:165)","logger":"airflow.task.hooks.airflow.providers.standard.hooks.subprocess.SubprocessHook"}
{"timestamp":"2025-07-18T09:15:42.580246","level":"info","event":"Caused by: java.lang.RuntimeException: hdfs://namenode:8020/data/silver/retail_cleaned/part-00000-b6638e87-3773-437e-b77b-5506a80b4669-c000.csv is not a Parquet file. Expected magic number at tail, but found [48, 44, 48, 10]","logger":"airflow.task.hooks.airflow.providers.standard.hooks.subprocess.SubprocessHook"}
{"timestamp":"2025-07-18T09:15:42.580288","level":"info","event":"\tat org.apache.parquet.hadoop.ParquetFileReader.readFooter(ParquetFileReader.java:557)","logger":"airflow.task.hooks.airflow.providers.standard.hooks.subprocess.SubprocessHook"}
{"timestamp":"2025-07-18T09:15:42.580351","level":"info","event":"\tat org.apache.parquet.hadoop.ParquetFileReader.<init>(ParquetFileReader.java:777)","logger":"airflow.task.hooks.airflow.providers.standard.hooks.subprocess.SubprocessHook"}
{"timestamp":"2025-07-18T09:15:42.580402","level":"info","event":"\tat org.apache.parquet.hadoop.ParquetFileReader.open(ParquetFileReader.java:658)","logger":"airflow.task.hooks.airflow.providers.standard.hooks.subprocess.SubprocessHook"}
{"timestamp":"2025-07-18T09:15:42.580445","level":"info","event":"\tat org.apache.spark.sql.execution.datasources.parquet.ParquetFooterReader.readFooter(ParquetFooterReader.java:53)","logger":"airflow.task.hooks.airflow.providers.standard.hooks.subprocess.SubprocessHook"}
{"timestamp":"2025-07-18T09:15:42.580497","level":"info","event":"\tat org.apache.spark.sql.execution.datasources.parquet.ParquetFooterReader.readFooter(ParquetFooterReader.java:44)","logger":"airflow.task.hooks.airflow.providers.standard.hooks.subprocess.SubprocessHook"}
{"timestamp":"2025-07-18T09:15:42.580538","level":"info","event":"\tat org.apache.spark.sql.execution.datasources.parquet.ParquetFileFormat$.$anonfun$readParquetFootersInParallel$1(ParquetFileFormat.scala:429)","logger":"airflow.task.hooks.airflow.providers.standard.hooks.subprocess.SubprocessHook"}
{"timestamp":"2025-07-18T09:15:42.580576","level":"info","event":"\t... 14 more","logger":"airflow.task.hooks.airflow.providers.standard.hooks.subprocess.SubprocessHook"}
{"timestamp":"2025-07-18T09:15:42.580619","level":"info","event":"","logger":"airflow.task.hooks.airflow.providers.standard.hooks.subprocess.SubprocessHook"}
{"timestamp":"2025-07-18T09:15:42.604935","level":"info","event":"25/07/18 09:15:42 INFO SparkContext: Invoking stop() from shutdown hook","logger":"airflow.task.hooks.airflow.providers.standard.hooks.subprocess.SubprocessHook"}
{"timestamp":"2025-07-18T09:15:42.605110","level":"info","event":"25/07/18 09:15:42 INFO SparkContext: SparkContext is stopping with exitCode 0.","logger":"airflow.task.hooks.airflow.providers.standard.hooks.subprocess.SubprocessHook"}
{"timestamp":"2025-07-18T09:15:42.614563","level":"info","event":"25/07/18 09:15:42 INFO SparkUI: Stopped Spark web UI at http://8da053d44e9f:4040","logger":"airflow.task.hooks.airflow.providers.standard.hooks.subprocess.SubprocessHook"}
{"timestamp":"2025-07-18T09:15:42.617834","level":"info","event":"25/07/18 09:15:42 INFO StandaloneSchedulerBackend: Shutting down all executors","logger":"airflow.task.hooks.airflow.providers.standard.hooks.subprocess.SubprocessHook"}
{"timestamp":"2025-07-18T09:15:42.618014","level":"info","event":"25/07/18 09:15:42 INFO StandaloneSchedulerBackend$StandaloneDriverEndpoint: Asking each executor to shut down","logger":"airflow.task.hooks.airflow.providers.standard.hooks.subprocess.SubprocessHook"}
{"timestamp":"2025-07-18T09:15:42.631800","level":"info","event":"25/07/18 09:15:42 INFO MapOutputTrackerMasterEndpoint: MapOutputTrackerMasterEndpoint stopped!","logger":"airflow.task.hooks.airflow.providers.standard.hooks.subprocess.SubprocessHook"}
{"timestamp":"2025-07-18T09:15:42.647611","level":"info","event":"25/07/18 09:15:42 INFO MemoryStore: MemoryStore cleared","logger":"airflow.task.hooks.airflow.providers.standard.hooks.subprocess.SubprocessHook"}
{"timestamp":"2025-07-18T09:15:42.648712","level":"info","event":"25/07/18 09:15:42 INFO BlockManager: BlockManager stopped","logger":"airflow.task.hooks.airflow.providers.standard.hooks.subprocess.SubprocessHook"}
{"timestamp":"2025-07-18T09:15:42.654086","level":"info","event":"25/07/18 09:15:42 INFO BlockManagerMaster: BlockManagerMaster stopped","logger":"airflow.task.hooks.airflow.providers.standard.hooks.subprocess.SubprocessHook"}
{"timestamp":"2025-07-18T09:15:42.654707","level":"info","event":"25/07/18 09:15:42 INFO OutputCommitCoordinator$OutputCommitCoordinatorEndpoint: OutputCommitCoordinator stopped!","logger":"airflow.task.hooks.airflow.providers.standard.hooks.subprocess.SubprocessHook"}
{"timestamp":"2025-07-18T09:15:42.679005","level":"info","event":"25/07/18 09:15:42 INFO SparkContext: Successfully stopped SparkContext","logger":"airflow.task.hooks.airflow.providers.standard.hooks.subprocess.SubprocessHook"}
{"timestamp":"2025-07-18T09:15:42.679718","level":"info","event":"25/07/18 09:15:42 INFO ShutdownHookManager: Shutdown hook called","logger":"airflow.task.hooks.airflow.providers.standard.hooks.subprocess.SubprocessHook"}
{"timestamp":"2025-07-18T09:15:42.681876","level":"info","event":"25/07/18 09:15:42 INFO ShutdownHookManager: Deleting directory /tmp/spark-77cf18ee-a335-47b6-9faf-86d5dea4d0a3","logger":"airflow.task.hooks.airflow.providers.standard.hooks.subprocess.SubprocessHook"}
{"timestamp":"2025-07-18T09:15:42.682792","level":"info","event":"25/07/18 09:15:42 INFO ShutdownHookManager: Deleting directory /tmp/spark-caae1930-df71-46d8-b29f-ce0c03245384","logger":"airflow.task.hooks.airflow.providers.standard.hooks.subprocess.SubprocessHook"}
{"timestamp":"2025-07-18T09:15:42.685993","level":"info","event":"25/07/18 09:15:42 INFO ShutdownHookManager: Deleting directory /tmp/spark-caae1930-df71-46d8-b29f-ce0c03245384/pyspark-9007cf93-cc8c-49dd-9e91-f4f8a6842e5b","logger":"airflow.task.hooks.airflow.providers.standard.hooks.subprocess.SubprocessHook"}
{"timestamp":"2025-07-18T09:15:42.739613","level":"info","event":"Command exited with return code 1","logger":"airflow.task.hooks.airflow.providers.standard.hooks.subprocess.SubprocessHook"}
{"timestamp":"2025-07-18T09:15:42.740281","level":"error","event":"Task failed with exception","logger":"task","error_detail":[{"exc_type":"AirflowException","exc_value":"Bash command failed. The command returned a non-zero exit code 1.","exc_notes":[],"syntax_error":null,"is_cause":false,"frames":[{"filename":"/home/airflow/.local/lib/python3.12/site-packages/airflow/sdk/execution_time/task_runner.py","lineno":825,"name":"run"},{"filename":"/home/airflow/.local/lib/python3.12/site-packages/airflow/sdk/execution_time/task_runner.py","lineno":1088,"name":"_execute_task"},{"filename":"/home/airflow/.local/lib/python3.12/site-packages/airflow/sdk/bases/operator.py","lineno":408,"name":"wrapper"},{"filename":"/home/airflow/.local/lib/python3.12/site-packages/airflow/providers/standard/operators/bash.py","lineno":233,"name":"execute"}]}]}
