{"timestamp":"2025-07-18T06:42:26.053685","level":"info","event":"DAG bundles loaded: dags-folder","logger":"airflow.dag_processing.bundles.manager.DagBundlesManager"}
{"timestamp":"2025-07-18T06:42:26.054160","level":"info","event":"Filling up the DagBag from /opt/airflow/dags/upload_to_hdfs_dag.py","logger":"airflow.models.dagbag.DagBag"}
{"timestamp":"2025-07-18T06:42:26.078540","level":"info","event":"Tmp dir root location: /tmp","logger":"airflow.task.hooks.airflow.providers.standard.hooks.subprocess.SubprocessHook"}
{"timestamp":"2025-07-18T06:42:26.079564","level":"info","event":"Running command: ['/usr/bin/bash', '-c', 'docker exec retail-spark-master                        /opt/bitnami/spark/bin/spark-submit                        --master spark://spark-master:7077 /opt/spark-apps/scripts/data_preparation.py']","logger":"airflow.task.hooks.airflow.providers.standard.hooks.subprocess.SubprocessHook"}
{"timestamp":"2025-07-18T06:42:26.090585","level":"info","event":"Output:","logger":"airflow.task.hooks.airflow.providers.standard.hooks.subprocess.SubprocessHook"}
{"timestamp":"2025-07-18T06:42:28.119340","level":"info","event":"25/07/18 06:42:28 INFO SparkContext: Running Spark version 3.3.3","logger":"airflow.task.hooks.airflow.providers.standard.hooks.subprocess.SubprocessHook"}
{"timestamp":"2025-07-18T06:42:28.145727","level":"info","event":"25/07/18 06:42:28 INFO ResourceUtils: ==============================================================","logger":"airflow.task.hooks.airflow.providers.standard.hooks.subprocess.SubprocessHook"}
{"timestamp":"2025-07-18T06:42:28.145911","level":"info","event":"25/07/18 06:42:28 INFO ResourceUtils: No custom resources configured for spark.driver.","logger":"airflow.task.hooks.airflow.providers.standard.hooks.subprocess.SubprocessHook"}
{"timestamp":"2025-07-18T06:42:28.146281","level":"info","event":"25/07/18 06:42:28 INFO ResourceUtils: ==============================================================","logger":"airflow.task.hooks.airflow.providers.standard.hooks.subprocess.SubprocessHook"}
{"timestamp":"2025-07-18T06:42:28.146757","level":"info","event":"25/07/18 06:42:28 INFO SparkContext: Submitted application: RetailSilver","logger":"airflow.task.hooks.airflow.providers.standard.hooks.subprocess.SubprocessHook"}
{"timestamp":"2025-07-18T06:42:28.165073","level":"info","event":"25/07/18 06:42:28 INFO ResourceProfile: Default ResourceProfile created, executor resources: Map(cores -> name: cores, amount: 1, script: , vendor: , memory -> name: memory, amount: 1024, script: , vendor: , offHeap -> name: offHeap, amount: 0, script: , vendor: ), task resources: Map(cpus -> name: cpus, amount: 1.0)","logger":"airflow.task.hooks.airflow.providers.standard.hooks.subprocess.SubprocessHook"}
{"timestamp":"2025-07-18T06:42:28.172120","level":"info","event":"25/07/18 06:42:28 INFO ResourceProfile: Limiting resource is cpu","logger":"airflow.task.hooks.airflow.providers.standard.hooks.subprocess.SubprocessHook"}
{"timestamp":"2025-07-18T06:42:28.172500","level":"info","event":"25/07/18 06:42:28 INFO ResourceProfileManager: Added ResourceProfile id: 0","logger":"airflow.task.hooks.airflow.providers.standard.hooks.subprocess.SubprocessHook"}
{"timestamp":"2025-07-18T06:42:28.211559","level":"info","event":"25/07/18 06:42:28 INFO SecurityManager: Changing view acls to: spark","logger":"airflow.task.hooks.airflow.providers.standard.hooks.subprocess.SubprocessHook"}
{"timestamp":"2025-07-18T06:42:28.211824","level":"info","event":"25/07/18 06:42:28 INFO SecurityManager: Changing modify acls to: spark","logger":"airflow.task.hooks.airflow.providers.standard.hooks.subprocess.SubprocessHook"}
{"timestamp":"2025-07-18T06:42:28.212609","level":"info","event":"25/07/18 06:42:28 INFO SecurityManager: Changing view acls groups to:","logger":"airflow.task.hooks.airflow.providers.standard.hooks.subprocess.SubprocessHook"}
{"timestamp":"2025-07-18T06:42:28.213247","level":"info","event":"25/07/18 06:42:28 INFO SecurityManager: Changing modify acls groups to:","logger":"airflow.task.hooks.airflow.providers.standard.hooks.subprocess.SubprocessHook"}
{"timestamp":"2025-07-18T06:42:28.213626","level":"info","event":"25/07/18 06:42:28 INFO SecurityManager: SecurityManager: authentication disabled; ui acls disabled; users  with view permissions: Set(spark); groups with view permissions: Set(); users  with modify permissions: Set(spark); groups with modify permissions: Set()","logger":"airflow.task.hooks.airflow.providers.standard.hooks.subprocess.SubprocessHook"}
{"timestamp":"2025-07-18T06:42:28.265847","level":"info","event":"25/07/18 06:42:28 WARN NativeCodeLoader: Unable to load native-hadoop library for your platform... using builtin-java classes where applicable","logger":"airflow.task.hooks.airflow.providers.standard.hooks.subprocess.SubprocessHook"}
{"timestamp":"2025-07-18T06:42:28.522593","level":"info","event":"25/07/18 06:42:28 INFO Utils: Successfully started service 'sparkDriver' on port 34191.","logger":"airflow.task.hooks.airflow.providers.standard.hooks.subprocess.SubprocessHook"}
{"timestamp":"2025-07-18T06:42:28.550989","level":"info","event":"25/07/18 06:42:28 INFO SparkEnv: Registering MapOutputTracker","logger":"airflow.task.hooks.airflow.providers.standard.hooks.subprocess.SubprocessHook"}
{"timestamp":"2025-07-18T06:42:28.587724","level":"info","event":"25/07/18 06:42:28 INFO SparkEnv: Registering BlockManagerMaster","logger":"airflow.task.hooks.airflow.providers.standard.hooks.subprocess.SubprocessHook"}
{"timestamp":"2025-07-18T06:42:28.604185","level":"info","event":"25/07/18 06:42:28 INFO BlockManagerMasterEndpoint: Using org.apache.spark.storage.DefaultTopologyMapper for getting topology information","logger":"airflow.task.hooks.airflow.providers.standard.hooks.subprocess.SubprocessHook"}
{"timestamp":"2025-07-18T06:42:28.604625","level":"info","event":"25/07/18 06:42:28 INFO BlockManagerMasterEndpoint: BlockManagerMasterEndpoint up","logger":"airflow.task.hooks.airflow.providers.standard.hooks.subprocess.SubprocessHook"}
{"timestamp":"2025-07-18T06:42:28.609477","level":"info","event":"25/07/18 06:42:28 INFO SparkEnv: Registering BlockManagerMasterHeartbeat","logger":"airflow.task.hooks.airflow.providers.standard.hooks.subprocess.SubprocessHook"}
{"timestamp":"2025-07-18T06:42:28.628879","level":"info","event":"25/07/18 06:42:28 INFO DiskBlockManager: Created local directory at /tmp/blockmgr-5324afd6-86bf-4888-bf55-9bee5b1d70c7","logger":"airflow.task.hooks.airflow.providers.standard.hooks.subprocess.SubprocessHook"}
{"timestamp":"2025-07-18T06:42:28.644614","level":"info","event":"25/07/18 06:42:28 INFO MemoryStore: MemoryStore started with capacity 434.4 MiB","logger":"airflow.task.hooks.airflow.providers.standard.hooks.subprocess.SubprocessHook"}
{"timestamp":"2025-07-18T06:42:28.661131","level":"info","event":"25/07/18 06:42:28 INFO SparkEnv: Registering OutputCommitCoordinator","logger":"airflow.task.hooks.airflow.providers.standard.hooks.subprocess.SubprocessHook"}
{"timestamp":"2025-07-18T06:42:28.819096","level":"info","event":"25/07/18 06:42:28 INFO Utils: Successfully started service 'SparkUI' on port 4040.","logger":"airflow.task.hooks.airflow.providers.standard.hooks.subprocess.SubprocessHook"}
{"timestamp":"2025-07-18T06:42:28.920057","level":"info","event":"25/07/18 06:42:28 INFO StandaloneAppClient$ClientEndpoint: Connecting to master spark://retail-spark-master:7077...","logger":"airflow.task.hooks.airflow.providers.standard.hooks.subprocess.SubprocessHook"}
{"timestamp":"2025-07-18T06:42:28.952852","level":"info","event":"25/07/18 06:42:28 INFO TransportClientFactory: Successfully created connection to retail-spark-master/172.24.0.6:7077 after 19 ms (0 ms spent in bootstraps)","logger":"airflow.task.hooks.airflow.providers.standard.hooks.subprocess.SubprocessHook"}
{"timestamp":"2025-07-18T06:42:29.028002","level":"info","event":"25/07/18 06:42:29 INFO StandaloneSchedulerBackend: Connected to Spark cluster with app ID app-20250718064229-0007","logger":"airflow.task.hooks.airflow.providers.standard.hooks.subprocess.SubprocessHook"}
{"timestamp":"2025-07-18T06:42:29.033432","level":"info","event":"25/07/18 06:42:29 INFO Utils: Successfully started service 'org.apache.spark.network.netty.NettyBlockTransferService' on port 42157.","logger":"airflow.task.hooks.airflow.providers.standard.hooks.subprocess.SubprocessHook"}
{"timestamp":"2025-07-18T06:42:29.033639","level":"info","event":"25/07/18 06:42:29 INFO NettyBlockTransferService: Server created on 52261d8b8c51:42157","logger":"airflow.task.hooks.airflow.providers.standard.hooks.subprocess.SubprocessHook"}
{"timestamp":"2025-07-18T06:42:29.036379","level":"info","event":"25/07/18 06:42:29 INFO BlockManager: Using org.apache.spark.storage.RandomBlockReplicationPolicy for block replication policy","logger":"airflow.task.hooks.airflow.providers.standard.hooks.subprocess.SubprocessHook"}
{"timestamp":"2025-07-18T06:42:29.051820","level":"info","event":"25/07/18 06:42:29 INFO BlockManagerMaster: Registering BlockManager BlockManagerId(driver, 52261d8b8c51, 42157, None)","logger":"airflow.task.hooks.airflow.providers.standard.hooks.subprocess.SubprocessHook"}
{"timestamp":"2025-07-18T06:42:29.053530","level":"info","event":"25/07/18 06:42:29 INFO BlockManagerMasterEndpoint: Registering block manager 52261d8b8c51:42157 with 434.4 MiB RAM, BlockManagerId(driver, 52261d8b8c51, 42157, None)","logger":"airflow.task.hooks.airflow.providers.standard.hooks.subprocess.SubprocessHook"}
{"timestamp":"2025-07-18T06:42:29.055348","level":"info","event":"25/07/18 06:42:29 INFO BlockManagerMaster: Registered BlockManager BlockManagerId(driver, 52261d8b8c51, 42157, None)","logger":"airflow.task.hooks.airflow.providers.standard.hooks.subprocess.SubprocessHook"}
{"timestamp":"2025-07-18T06:42:29.056485","level":"info","event":"25/07/18 06:42:29 INFO BlockManager: Initialized BlockManager: BlockManagerId(driver, 52261d8b8c51, 42157, None)","logger":"airflow.task.hooks.airflow.providers.standard.hooks.subprocess.SubprocessHook"}
{"timestamp":"2025-07-18T06:42:29.190808","level":"info","event":"25/07/18 06:42:29 INFO StandaloneSchedulerBackend: SchedulerBackend is ready for scheduling beginning after reached minRegisteredResourcesRatio: 0.0","logger":"airflow.task.hooks.airflow.providers.standard.hooks.subprocess.SubprocessHook"}
{"timestamp":"2025-07-18T06:42:29.397410","level":"info","event":"25/07/18 06:42:29 INFO SharedState: Setting hive.metastore.warehouse.dir ('null') to the value of spark.sql.warehouse.dir.","logger":"airflow.task.hooks.airflow.providers.standard.hooks.subprocess.SubprocessHook"}
{"timestamp":"2025-07-18T06:42:29.404698","level":"info","event":"25/07/18 06:42:29 INFO SharedState: Warehouse path is 'file:/opt/bitnami/spark/spark-warehouse'.","logger":"airflow.task.hooks.airflow.providers.standard.hooks.subprocess.SubprocessHook"}
{"timestamp":"2025-07-18T06:42:30.546090","level":"info","event":"25/07/18 06:42:30 INFO InMemoryFileIndex: It took 57 ms to list leaf files for 1 paths.","logger":"airflow.task.hooks.airflow.providers.standard.hooks.subprocess.SubprocessHook"}
{"timestamp":"2025-07-18T06:42:31.377624","level":"info","event":"25/07/18 06:42:31 INFO FileSourceStrategy: Pushed Filters:","logger":"airflow.task.hooks.airflow.providers.standard.hooks.subprocess.SubprocessHook"}
{"timestamp":"2025-07-18T06:42:31.379864","level":"info","event":"25/07/18 06:42:31 INFO FileSourceStrategy: Post-Scan Filters: atleastnnonnulls(1, CustomerID#6)","logger":"airflow.task.hooks.airflow.providers.standard.hooks.subprocess.SubprocessHook"}
{"timestamp":"2025-07-18T06:42:31.383718","level":"info","event":"25/07/18 06:42:31 INFO FileSourceStrategy: Output Data Schema: struct<InvoiceNo: string, StockCode: string, Description: string, Quantity: int, InvoiceDate: string ... 6 more fields>","logger":"airflow.task.hooks.airflow.providers.standard.hooks.subprocess.SubprocessHook"}
{"timestamp":"2025-07-18T06:42:31.504466","level":"info","event":"25/07/18 06:42:31 INFO ParquetFileFormat: Using default output committer for Parquet: org.apache.parquet.hadoop.ParquetOutputCommitter","logger":"airflow.task.hooks.airflow.providers.standard.hooks.subprocess.SubprocessHook"}
{"timestamp":"2025-07-18T06:42:31.523950","level":"info","event":"25/07/18 06:42:31 INFO FileOutputCommitter: File Output Committer Algorithm version is 1","logger":"airflow.task.hooks.airflow.providers.standard.hooks.subprocess.SubprocessHook"}
{"timestamp":"2025-07-18T06:42:31.524113","level":"info","event":"25/07/18 06:42:31 INFO FileOutputCommitter: FileOutputCommitter skip cleanup _temporary folders under output directory:false, ignore cleanup failures: false","logger":"airflow.task.hooks.airflow.providers.standard.hooks.subprocess.SubprocessHook"}
{"timestamp":"2025-07-18T06:42:31.525567","level":"info","event":"25/07/18 06:42:31 INFO SQLHadoopMapReduceCommitProtocol: Using user defined output committer class org.apache.parquet.hadoop.ParquetOutputCommitter","logger":"airflow.task.hooks.airflow.providers.standard.hooks.subprocess.SubprocessHook"}
{"timestamp":"2025-07-18T06:42:31.525760","level":"info","event":"25/07/18 06:42:31 INFO FileOutputCommitter: File Output Committer Algorithm version is 1","logger":"airflow.task.hooks.airflow.providers.standard.hooks.subprocess.SubprocessHook"}
{"timestamp":"2025-07-18T06:42:31.525855","level":"info","event":"25/07/18 06:42:31 INFO FileOutputCommitter: FileOutputCommitter skip cleanup _temporary folders under output directory:false, ignore cleanup failures: false","logger":"airflow.task.hooks.airflow.providers.standard.hooks.subprocess.SubprocessHook"}
{"timestamp":"2025-07-18T06:42:31.527356","level":"info","event":"25/07/18 06:42:31 INFO SQLHadoopMapReduceCommitProtocol: Using output committer class org.apache.parquet.hadoop.ParquetOutputCommitter","logger":"airflow.task.hooks.airflow.providers.standard.hooks.subprocess.SubprocessHook"}
{"timestamp":"2025-07-18T06:42:31.849799","level":"info","event":"25/07/18 06:42:31 INFO CodeGenerator: Code generated in 109.11322 ms","logger":"airflow.task.hooks.airflow.providers.standard.hooks.subprocess.SubprocessHook"}
{"timestamp":"2025-07-18T06:42:31.887770","level":"info","event":"25/07/18 06:42:31 INFO MemoryStore: Block broadcast_0 stored as values in memory (estimated size 199.1 KiB, free 434.2 MiB)","logger":"airflow.task.hooks.airflow.providers.standard.hooks.subprocess.SubprocessHook"}
{"timestamp":"2025-07-18T06:42:31.927995","level":"info","event":"25/07/18 06:42:31 INFO MemoryStore: Block broadcast_0_piece0 stored as bytes in memory (estimated size 34.0 KiB, free 434.2 MiB)","logger":"airflow.task.hooks.airflow.providers.standard.hooks.subprocess.SubprocessHook"}
{"timestamp":"2025-07-18T06:42:31.930441","level":"info","event":"25/07/18 06:42:31 INFO BlockManagerInfo: Added broadcast_0_piece0 in memory on 52261d8b8c51:42157 (size: 34.0 KiB, free: 434.4 MiB)","logger":"airflow.task.hooks.airflow.providers.standard.hooks.subprocess.SubprocessHook"}
{"timestamp":"2025-07-18T06:42:31.933541","level":"info","event":"25/07/18 06:42:31 INFO SparkContext: Created broadcast 0 from parquet at NativeMethodAccessorImpl.java:0","logger":"airflow.task.hooks.airflow.providers.standard.hooks.subprocess.SubprocessHook"}
{"timestamp":"2025-07-18T06:42:31.948345","level":"info","event":"25/07/18 06:42:31 INFO FileSourceScanExec: Planning scan with bin packing, max size: 25705683 bytes, open cost is considered as scanning 4194304 bytes.","logger":"airflow.task.hooks.airflow.providers.standard.hooks.subprocess.SubprocessHook"}
{"timestamp":"2025-07-18T06:42:32.048308","level":"info","event":"25/07/18 06:42:32 INFO SparkContext: Starting job: parquet at NativeMethodAccessorImpl.java:0","logger":"airflow.task.hooks.airflow.providers.standard.hooks.subprocess.SubprocessHook"}
{"timestamp":"2025-07-18T06:42:32.056798","level":"info","event":"25/07/18 06:42:32 INFO DAGScheduler: Got job 0 (parquet at NativeMethodAccessorImpl.java:0) with 2 output partitions","logger":"airflow.task.hooks.airflow.providers.standard.hooks.subprocess.SubprocessHook"}
{"timestamp":"2025-07-18T06:42:32.056995","level":"info","event":"25/07/18 06:42:32 INFO DAGScheduler: Final stage: ResultStage 0 (parquet at NativeMethodAccessorImpl.java:0)","logger":"airflow.task.hooks.airflow.providers.standard.hooks.subprocess.SubprocessHook"}
{"timestamp":"2025-07-18T06:42:32.057067","level":"info","event":"25/07/18 06:42:32 INFO DAGScheduler: Parents of final stage: List()","logger":"airflow.task.hooks.airflow.providers.standard.hooks.subprocess.SubprocessHook"}
{"timestamp":"2025-07-18T06:42:32.058166","level":"info","event":"25/07/18 06:42:32 INFO DAGScheduler: Missing parents: List()","logger":"airflow.task.hooks.airflow.providers.standard.hooks.subprocess.SubprocessHook"}
{"timestamp":"2025-07-18T06:42:32.061190","level":"info","event":"25/07/18 06:42:32 INFO DAGScheduler: Submitting ResultStage 0 (MapPartitionsRDD[2] at parquet at NativeMethodAccessorImpl.java:0), which has no missing parents","logger":"airflow.task.hooks.airflow.providers.standard.hooks.subprocess.SubprocessHook"}
{"timestamp":"2025-07-18T06:42:32.123968","level":"info","event":"25/07/18 06:42:32 INFO MemoryStore: Block broadcast_1 stored as values in memory (estimated size 219.9 KiB, free 434.0 MiB)","logger":"airflow.task.hooks.airflow.providers.standard.hooks.subprocess.SubprocessHook"}
{"timestamp":"2025-07-18T06:42:32.127351","level":"info","event":"25/07/18 06:42:32 INFO MemoryStore: Block broadcast_1_piece0 stored as bytes in memory (estimated size 79.0 KiB, free 433.9 MiB)","logger":"airflow.task.hooks.airflow.providers.standard.hooks.subprocess.SubprocessHook"}
{"timestamp":"2025-07-18T06:42:32.127926","level":"info","event":"25/07/18 06:42:32 INFO BlockManagerInfo: Added broadcast_1_piece0 in memory on 52261d8b8c51:42157 (size: 79.0 KiB, free: 434.3 MiB)","logger":"airflow.task.hooks.airflow.providers.standard.hooks.subprocess.SubprocessHook"}
{"timestamp":"2025-07-18T06:42:32.128661","level":"info","event":"25/07/18 06:42:32 INFO SparkContext: Created broadcast 1 from broadcast at DAGScheduler.scala:1509","logger":"airflow.task.hooks.airflow.providers.standard.hooks.subprocess.SubprocessHook"}
{"timestamp":"2025-07-18T06:42:32.140493","level":"info","event":"25/07/18 06:42:32 INFO DAGScheduler: Submitting 2 missing tasks from ResultStage 0 (MapPartitionsRDD[2] at parquet at NativeMethodAccessorImpl.java:0) (first 15 tasks are for partitions Vector(0, 1))","logger":"airflow.task.hooks.airflow.providers.standard.hooks.subprocess.SubprocessHook"}
{"timestamp":"2025-07-18T06:42:32.141061","level":"info","event":"25/07/18 06:42:32 INFO TaskSchedulerImpl: Adding task set 0.0 with 2 tasks resource profile 0","logger":"airflow.task.hooks.airflow.providers.standard.hooks.subprocess.SubprocessHook"}
{"timestamp":"2025-07-18T06:42:47.156802","level":"info","event":"25/07/18 06:42:47 WARN TaskSchedulerImpl: Initial job has not accepted any resources; check your cluster UI to ensure that workers are registered and have sufficient resources","logger":"airflow.task.hooks.airflow.providers.standard.hooks.subprocess.SubprocessHook"}
{"timestamp":"2025-07-18T06:43:02.154710","level":"info","event":"25/07/18 06:43:02 WARN TaskSchedulerImpl: Initial job has not accepted any resources; check your cluster UI to ensure that workers are registered and have sufficient resources","logger":"airflow.task.hooks.airflow.providers.standard.hooks.subprocess.SubprocessHook"}
{"timestamp":"2025-07-18T06:43:17.153282","level":"info","event":"25/07/18 06:43:17 WARN TaskSchedulerImpl: Initial job has not accepted any resources; check your cluster UI to ensure that workers are registered and have sufficient resources","logger":"airflow.task.hooks.airflow.providers.standard.hooks.subprocess.SubprocessHook"}
{"timestamp":"2025-07-18T06:43:32.154902","level":"info","event":"25/07/18 06:43:32 WARN TaskSchedulerImpl: Initial job has not accepted any resources; check your cluster UI to ensure that workers are registered and have sufficient resources","logger":"airflow.task.hooks.airflow.providers.standard.hooks.subprocess.SubprocessHook"}
