[0m15:00:51.051439 [debug] [MainThread]: Sending event: {'category': 'dbt', 'action': 'invocation', 'label': 'start', 'context': [<snowplow_tracker.self_describing_json.SelfDescribingJson object at 0x000001CC8A8EC920>, <snowplow_tracker.self_describing_json.SelfDescribingJson object at 0x000001CC8A81E390>, <snowplow_tracker.self_describing_json.SelfDescribingJson object at 0x000001CC8904EFC0>]}


============================== 15:00:51.055541 | 5635e04e-413b-46ec-a702-494eb6ec70c4 ==============================
[0m15:00:51.055541 [info ] [MainThread]: Running with dbt=1.9.4
[0m15:00:51.056542 [debug] [MainThread]: running dbt with arguments {'printer_width': '80', 'indirect_selection': 'eager', 'log_cache_events': 'False', 'write_json': 'True', 'partial_parse': 'True', 'cache_selected_only': 'False', 'profiles_dir': 'C:\\Users\\karee\\.dbt', 'fail_fast': 'False', 'warn_error': 'None', 'log_path': 'logs', 'debug': 'False', 'version_check': 'True', 'use_colors': 'True', 'use_experimental_parser': 'False', 'empty': 'None', 'quiet': 'False', 'no_print': 'None', 'warn_error_options': 'WarnErrorOptions(include=[], exclude=[])', 'static_parser': 'True', 'log_format': 'default', 'introspect': 'True', 'target_path': 'None', 'invocation_command': 'dbt init retail_sales_project', 'send_anonymous_usage_stats': 'True'}
[0m15:00:51.078564 [debug] [MainThread]: Starter project path: C:\Users\karee\anaconda3\Lib\site-packages\dbt\include\starter_project
[0m15:00:51.086665 [info ] [MainThread]: 
Your new dbt project "retail_sales_project" was created!

For more information on how to configure the profiles.yml file,
please consult the dbt documentation here:

  https://docs.getdbt.com/docs/configure-your-profile

One more thing:

Need help? Don't hesitate to reach out to us via GitHub issues or on Slack:

  https://community.getdbt.com/

Happy modeling!

[0m15:00:51.087665 [info ] [MainThread]: Setting up your profile.
[0m15:07:44.317281 [info ] [MainThread]: Profile retail_sales_project written to C:\Users\karee\.dbt\profiles.yml using target's profile_template.yml and your supplied values. Run 'dbt debug' to validate the connection.
[0m15:07:44.321615 [debug] [MainThread]: Command `dbt init` succeeded at 15:07:44.320599 after 413.40 seconds
[0m15:07:44.322605 [debug] [MainThread]: Sending event: {'category': 'dbt', 'action': 'invocation', 'label': 'end', 'context': [<snowplow_tracker.self_describing_json.SelfDescribingJson object at 0x000001CC8BA37CB0>, <snowplow_tracker.self_describing_json.SelfDescribingJson object at 0x000001CC8B6FCCB0>, <snowplow_tracker.self_describing_json.SelfDescribingJson object at 0x000001CC8A8EC920>]}
[0m15:07:44.323609 [debug] [MainThread]: Flushing usage events
[0m15:07:45.044984 [debug] [MainThread]: An error was encountered while trying to flush usage events
[0m04:23:30.306478 [debug] [MainThread]: Sending event: {'category': 'dbt', 'action': 'invocation', 'label': 'start', 'context': [<snowplow_tracker.self_describing_json.SelfDescribingJson object at 0x739aaea46a80>, <snowplow_tracker.self_describing_json.SelfDescribingJson object at 0x739aae545d30>, <snowplow_tracker.self_describing_json.SelfDescribingJson object at 0x739aafff95b0>]}


============================== 04:23:30.316564 | 41bd8e8b-49d3-4a13-afec-32f71847f840 ==============================
[0m04:23:30.316564 [info ] [MainThread]: Running with dbt=1.10.4
[0m04:23:30.317550 [debug] [MainThread]: running dbt with arguments {'printer_width': '80', 'indirect_selection': 'eager', 'log_cache_events': 'False', 'write_json': 'True', 'partial_parse': 'True', 'cache_selected_only': 'False', 'warn_error': 'None', 'fail_fast': 'False', 'version_check': 'True', 'log_path': 'logs', 'profiles_dir': '/home/airflow/.dbt', 'debug': 'False', 'use_colors': 'True', 'use_experimental_parser': 'False', 'no_print': 'None', 'quiet': 'False', 'empty': 'False', 'warn_error_options': 'WarnErrorOptionsV2(error=[], warn=[], silence=[])', 'introspect': 'True', 'log_format': 'default', 'static_parser': 'True', 'target_path': 'None', 'invocation_command': 'dbt run', 'send_anonymous_usage_stats': 'True'}
[0m04:23:30.319319 [error] [MainThread]: Encountered an error:
Runtime Error
  No dbt_project.yml found at expected path /opt/airflow/dbt/dbt_project.yml
  Verify that each entry within packages.yml (and their transitive dependencies) contains a file named dbt_project.yml
  
[0m04:23:30.320834 [debug] [MainThread]: Resource report: {"command_name": "run", "command_success": false, "command_wall_clock_time": 0.07197785, "process_in_blocks": "56", "process_kernel_time": 0.208736, "process_mem_max_rss": "107096", "process_out_blocks": "1840", "process_user_time": 2.096249}
[0m04:23:30.322066 [debug] [MainThread]: Command `dbt run` failed at 04:23:30.321910 after 0.07 seconds
[0m04:23:30.322685 [debug] [MainThread]: Sending event: {'category': 'dbt', 'action': 'invocation', 'label': 'end', 'context': [<snowplow_tracker.self_describing_json.SelfDescribingJson object at 0x739aae20e450>, <snowplow_tracker.self_describing_json.SelfDescribingJson object at 0x739aae214710>, <snowplow_tracker.self_describing_json.SelfDescribingJson object at 0x739aae214d40>]}
[0m04:23:30.323130 [debug] [MainThread]: Flushing usage events
[0m04:23:30.871915 [debug] [MainThread]: An error was encountered while trying to flush usage events
