{"timestamp":"2025-07-18T06:46:46.694834","level":"info","event":"DAG bundles loaded: dags-folder","logger":"airflow.dag_processing.bundles.manager.DagBundlesManager"}
{"timestamp":"2025-07-18T06:46:46.695865","level":"info","event":"Filling up the DagBag from /opt/airflow/dags/upload_to_hdfs_dag.py","logger":"airflow.models.dagbag.DagBag"}
{"timestamp":"2025-07-18T06:46:46.716030","level":"info","event":"Tmp dir root location: /tmp","logger":"airflow.task.hooks.airflow.providers.standard.hooks.subprocess.SubprocessHook"}
{"timestamp":"2025-07-18T06:46:46.716845","level":"info","event":"Running command: ['/usr/bin/bash', '-c', 'docker exec retail-spark-master                        /opt/bitnami/spark/bin/spark-submit                        --master spark://spark-master:7077 /opt/spark-apps/scripts/snowflake_staging.py']","logger":"airflow.task.hooks.airflow.providers.standard.hooks.subprocess.SubprocessHook"}
{"timestamp":"2025-07-18T06:46:46.726109","level":"info","event":"Output:","logger":"airflow.task.hooks.airflow.providers.standard.hooks.subprocess.SubprocessHook"}
{"timestamp":"2025-07-18T06:46:48.760732","level":"info","event":"25/07/18 06:46:48 INFO SparkContext: Running Spark version 3.3.3","logger":"airflow.task.hooks.airflow.providers.standard.hooks.subprocess.SubprocessHook"}
{"timestamp":"2025-07-18T06:46:48.790178","level":"info","event":"25/07/18 06:46:48 INFO ResourceUtils: ==============================================================","logger":"airflow.task.hooks.airflow.providers.standard.hooks.subprocess.SubprocessHook"}
{"timestamp":"2025-07-18T06:46:48.790414","level":"info","event":"25/07/18 06:46:48 INFO ResourceUtils: No custom resources configured for spark.driver.","logger":"airflow.task.hooks.airflow.providers.standard.hooks.subprocess.SubprocessHook"}
{"timestamp":"2025-07-18T06:46:48.790519","level":"info","event":"25/07/18 06:46:48 INFO ResourceUtils: ==============================================================","logger":"airflow.task.hooks.airflow.providers.standard.hooks.subprocess.SubprocessHook"}
{"timestamp":"2025-07-18T06:46:48.790956","level":"info","event":"25/07/18 06:46:48 INFO SparkContext: Submitted application: Retail_Snowflake_Staging","logger":"airflow.task.hooks.airflow.providers.standard.hooks.subprocess.SubprocessHook"}
{"timestamp":"2025-07-18T06:46:48.810128","level":"info","event":"25/07/18 06:46:48 INFO ResourceProfile: Default ResourceProfile created, executor resources: Map(cores -> name: cores, amount: 1, script: , vendor: , memory -> name: memory, amount: 1024, script: , vendor: , offHeap -> name: offHeap, amount: 0, script: , vendor: ), task resources: Map(cpus -> name: cpus, amount: 1.0)","logger":"airflow.task.hooks.airflow.providers.standard.hooks.subprocess.SubprocessHook"}
{"timestamp":"2025-07-18T06:46:48.820490","level":"info","event":"25/07/18 06:46:48 INFO ResourceProfile: Limiting resource is cpu","logger":"airflow.task.hooks.airflow.providers.standard.hooks.subprocess.SubprocessHook"}
{"timestamp":"2025-07-18T06:46:48.821325","level":"info","event":"25/07/18 06:46:48 INFO ResourceProfileManager: Added ResourceProfile id: 0","logger":"airflow.task.hooks.airflow.providers.standard.hooks.subprocess.SubprocessHook"}
{"timestamp":"2025-07-18T06:46:48.857185","level":"info","event":"25/07/18 06:46:48 INFO SecurityManager: Changing view acls to: spark","logger":"airflow.task.hooks.airflow.providers.standard.hooks.subprocess.SubprocessHook"}
{"timestamp":"2025-07-18T06:46:48.857407","level":"info","event":"25/07/18 06:46:48 INFO SecurityManager: Changing modify acls to: spark","logger":"airflow.task.hooks.airflow.providers.standard.hooks.subprocess.SubprocessHook"}
{"timestamp":"2025-07-18T06:46:48.858110","level":"info","event":"25/07/18 06:46:48 INFO SecurityManager: Changing view acls groups to:","logger":"airflow.task.hooks.airflow.providers.standard.hooks.subprocess.SubprocessHook"}
{"timestamp":"2025-07-18T06:46:48.858539","level":"info","event":"25/07/18 06:46:48 INFO SecurityManager: Changing modify acls groups to:","logger":"airflow.task.hooks.airflow.providers.standard.hooks.subprocess.SubprocessHook"}
{"timestamp":"2025-07-18T06:46:48.858987","level":"info","event":"25/07/18 06:46:48 INFO SecurityManager: SecurityManager: authentication disabled; ui acls disabled; users  with view permissions: Set(spark); groups with view permissions: Set(); users  with modify permissions: Set(spark); groups with modify permissions: Set()","logger":"airflow.task.hooks.airflow.providers.standard.hooks.subprocess.SubprocessHook"}
{"timestamp":"2025-07-18T06:46:48.914349","level":"info","event":"25/07/18 06:46:48 WARN NativeCodeLoader: Unable to load native-hadoop library for your platform... using builtin-java classes where applicable","logger":"airflow.task.hooks.airflow.providers.standard.hooks.subprocess.SubprocessHook"}
{"timestamp":"2025-07-18T06:46:49.166768","level":"info","event":"25/07/18 06:46:49 INFO Utils: Successfully started service 'sparkDriver' on port 46657.","logger":"airflow.task.hooks.airflow.providers.standard.hooks.subprocess.SubprocessHook"}
{"timestamp":"2025-07-18T06:46:49.189391","level":"info","event":"25/07/18 06:46:49 INFO SparkEnv: Registering MapOutputTracker","logger":"airflow.task.hooks.airflow.providers.standard.hooks.subprocess.SubprocessHook"}
{"timestamp":"2025-07-18T06:46:49.217663","level":"info","event":"25/07/18 06:46:49 INFO SparkEnv: Registering BlockManagerMaster","logger":"airflow.task.hooks.airflow.providers.standard.hooks.subprocess.SubprocessHook"}
{"timestamp":"2025-07-18T06:46:49.230434","level":"info","event":"25/07/18 06:46:49 INFO BlockManagerMasterEndpoint: Using org.apache.spark.storage.DefaultTopologyMapper for getting topology information","logger":"airflow.task.hooks.airflow.providers.standard.hooks.subprocess.SubprocessHook"}
{"timestamp":"2025-07-18T06:46:49.230943","level":"info","event":"25/07/18 06:46:49 INFO BlockManagerMasterEndpoint: BlockManagerMasterEndpoint up","logger":"airflow.task.hooks.airflow.providers.standard.hooks.subprocess.SubprocessHook"}
{"timestamp":"2025-07-18T06:46:49.235081","level":"info","event":"25/07/18 06:46:49 INFO SparkEnv: Registering BlockManagerMasterHeartbeat","logger":"airflow.task.hooks.airflow.providers.standard.hooks.subprocess.SubprocessHook"}
{"timestamp":"2025-07-18T06:46:49.249643","level":"info","event":"25/07/18 06:46:49 INFO DiskBlockManager: Created local directory at /tmp/blockmgr-eea746c9-d117-431f-a8a0-3711c7461d93","logger":"airflow.task.hooks.airflow.providers.standard.hooks.subprocess.SubprocessHook"}
{"timestamp":"2025-07-18T06:46:49.265013","level":"info","event":"25/07/18 06:46:49 INFO MemoryStore: MemoryStore started with capacity 434.4 MiB","logger":"airflow.task.hooks.airflow.providers.standard.hooks.subprocess.SubprocessHook"}
{"timestamp":"2025-07-18T06:46:49.278483","level":"info","event":"25/07/18 06:46:49 INFO SparkEnv: Registering OutputCommitCoordinator","logger":"airflow.task.hooks.airflow.providers.standard.hooks.subprocess.SubprocessHook"}
{"timestamp":"2025-07-18T06:46:49.429917","level":"info","event":"25/07/18 06:46:49 INFO Utils: Successfully started service 'SparkUI' on port 4040.","logger":"airflow.task.hooks.airflow.providers.standard.hooks.subprocess.SubprocessHook"}
{"timestamp":"2025-07-18T06:46:49.543668","level":"info","event":"25/07/18 06:46:49 INFO StandaloneAppClient$ClientEndpoint: Connecting to master spark://retail-spark-master:7077...","logger":"airflow.task.hooks.airflow.providers.standard.hooks.subprocess.SubprocessHook"}
{"timestamp":"2025-07-18T06:46:49.581240","level":"info","event":"25/07/18 06:46:49 INFO TransportClientFactory: Successfully created connection to retail-spark-master/172.24.0.5:7077 after 20 ms (0 ms spent in bootstraps)","logger":"airflow.task.hooks.airflow.providers.standard.hooks.subprocess.SubprocessHook"}
{"timestamp":"2025-07-18T06:46:49.657243","level":"info","event":"25/07/18 06:46:49 INFO StandaloneSchedulerBackend: Connected to Spark cluster with app ID app-20250718064649-0003","logger":"airflow.task.hooks.airflow.providers.standard.hooks.subprocess.SubprocessHook"}
{"timestamp":"2025-07-18T06:46:49.660619","level":"info","event":"25/07/18 06:46:49 INFO StandaloneAppClient$ClientEndpoint: Executor added: app-20250718064649-0003/0 on worker-20250718064402-172.24.0.6-33489 (172.24.0.6:33489) with 12 core(s)","logger":"airflow.task.hooks.airflow.providers.standard.hooks.subprocess.SubprocessHook"}
{"timestamp":"2025-07-18T06:46:49.661541","level":"info","event":"25/07/18 06:46:49 INFO StandaloneSchedulerBackend: Granted executor ID app-20250718064649-0003/0 on hostPort 172.24.0.6:33489 with 12 core(s), 1024.0 MiB RAM","logger":"airflow.task.hooks.airflow.providers.standard.hooks.subprocess.SubprocessHook"}
{"timestamp":"2025-07-18T06:46:49.663173","level":"info","event":"25/07/18 06:46:49 INFO Utils: Successfully started service 'org.apache.spark.network.netty.NettyBlockTransferService' on port 34197.","logger":"airflow.task.hooks.airflow.providers.standard.hooks.subprocess.SubprocessHook"}
{"timestamp":"2025-07-18T06:46:49.663300","level":"info","event":"25/07/18 06:46:49 INFO NettyBlockTransferService: Server created on 52261d8b8c51:34197","logger":"airflow.task.hooks.airflow.providers.standard.hooks.subprocess.SubprocessHook"}
{"timestamp":"2025-07-18T06:46:49.665474","level":"info","event":"25/07/18 06:46:49 INFO BlockManager: Using org.apache.spark.storage.RandomBlockReplicationPolicy for block replication policy","logger":"airflow.task.hooks.airflow.providers.standard.hooks.subprocess.SubprocessHook"}
{"timestamp":"2025-07-18T06:46:49.671719","level":"info","event":"25/07/18 06:46:49 INFO BlockManagerMaster: Registering BlockManager BlockManagerId(driver, 52261d8b8c51, 34197, None)","logger":"airflow.task.hooks.airflow.providers.standard.hooks.subprocess.SubprocessHook"}
{"timestamp":"2025-07-18T06:46:49.675378","level":"info","event":"25/07/18 06:46:49 INFO BlockManagerMasterEndpoint: Registering block manager 52261d8b8c51:34197 with 434.4 MiB RAM, BlockManagerId(driver, 52261d8b8c51, 34197, None)","logger":"airflow.task.hooks.airflow.providers.standard.hooks.subprocess.SubprocessHook"}
{"timestamp":"2025-07-18T06:46:49.678266","level":"info","event":"25/07/18 06:46:49 INFO BlockManagerMaster: Registered BlockManager BlockManagerId(driver, 52261d8b8c51, 34197, None)","logger":"airflow.task.hooks.airflow.providers.standard.hooks.subprocess.SubprocessHook"}
{"timestamp":"2025-07-18T06:46:49.679562","level":"info","event":"25/07/18 06:46:49 INFO BlockManager: Initialized BlockManager: BlockManagerId(driver, 52261d8b8c51, 34197, None)","logger":"airflow.task.hooks.airflow.providers.standard.hooks.subprocess.SubprocessHook"}
{"timestamp":"2025-07-18T06:46:49.703265","level":"info","event":"25/07/18 06:46:49 INFO StandaloneAppClient$ClientEndpoint: Executor updated: app-20250718064649-0003/0 is now RUNNING","logger":"airflow.task.hooks.airflow.providers.standard.hooks.subprocess.SubprocessHook"}
{"timestamp":"2025-07-18T06:46:49.920198","level":"info","event":"25/07/18 06:46:49 INFO StandaloneSchedulerBackend: SchedulerBackend is ready for scheduling beginning after reached minRegisteredResourcesRatio: 0.0","logger":"airflow.task.hooks.airflow.providers.standard.hooks.subprocess.SubprocessHook"}
{"timestamp":"2025-07-18T06:46:50.284058","level":"info","event":"25/07/18 06:46:50 INFO SharedState: Setting hive.metastore.warehouse.dir ('null') to the value of spark.sql.warehouse.dir.","logger":"airflow.task.hooks.airflow.providers.standard.hooks.subprocess.SubprocessHook"}
{"timestamp":"2025-07-18T06:46:50.295001","level":"info","event":"25/07/18 06:46:50 INFO SharedState: Warehouse path is 'file:/opt/bitnami/spark/spark-warehouse'.","logger":"airflow.task.hooks.airflow.providers.standard.hooks.subprocess.SubprocessHook"}
{"timestamp":"2025-07-18T06:46:51.721976","level":"info","event":"25/07/18 06:46:51 INFO InMemoryFileIndex: It took 87 ms to list leaf files for 1 paths.","logger":"airflow.task.hooks.airflow.providers.standard.hooks.subprocess.SubprocessHook"}
{"timestamp":"2025-07-18T06:46:52.151032","level":"info","event":"25/07/18 06:46:52 INFO CoarseGrainedSchedulerBackend$DriverEndpoint: Registered executor NettyRpcEndpointRef(spark-client://Executor) (172.24.0.6:54730) with ID 0,  ResourceProfileId 0","logger":"airflow.task.hooks.airflow.providers.standard.hooks.subprocess.SubprocessHook"}
{"timestamp":"2025-07-18T06:46:52.154995","level":"info","event":"25/07/18 06:46:52 INFO SparkContext: Starting job: parquet at NativeMethodAccessorImpl.java:0","logger":"airflow.task.hooks.airflow.providers.standard.hooks.subprocess.SubprocessHook"}
{"timestamp":"2025-07-18T06:46:52.168833","level":"info","event":"25/07/18 06:46:52 INFO DAGScheduler: Got job 0 (parquet at NativeMethodAccessorImpl.java:0) with 1 output partitions","logger":"airflow.task.hooks.airflow.providers.standard.hooks.subprocess.SubprocessHook"}
{"timestamp":"2025-07-18T06:46:52.169269","level":"info","event":"25/07/18 06:46:52 INFO DAGScheduler: Final stage: ResultStage 0 (parquet at NativeMethodAccessorImpl.java:0)","logger":"airflow.task.hooks.airflow.providers.standard.hooks.subprocess.SubprocessHook"}
{"timestamp":"2025-07-18T06:46:52.169726","level":"info","event":"25/07/18 06:46:52 INFO DAGScheduler: Parents of final stage: List()","logger":"airflow.task.hooks.airflow.providers.standard.hooks.subprocess.SubprocessHook"}
{"timestamp":"2025-07-18T06:46:52.171595","level":"info","event":"25/07/18 06:46:52 INFO DAGScheduler: Missing parents: List()","logger":"airflow.task.hooks.airflow.providers.standard.hooks.subprocess.SubprocessHook"}
{"timestamp":"2025-07-18T06:46:52.175833","level":"info","event":"25/07/18 06:46:52 INFO DAGScheduler: Submitting ResultStage 0 (MapPartitionsRDD[1] at parquet at NativeMethodAccessorImpl.java:0), which has no missing parents","logger":"airflow.task.hooks.airflow.providers.standard.hooks.subprocess.SubprocessHook"}
{"timestamp":"2025-07-18T06:46:52.223325","level":"info","event":"25/07/18 06:46:52 INFO MemoryStore: Block broadcast_0 stored as values in memory (estimated size 102.7 KiB, free 434.3 MiB)","logger":"airflow.task.hooks.airflow.providers.standard.hooks.subprocess.SubprocessHook"}
{"timestamp":"2025-07-18T06:46:52.230930","level":"info","event":"25/07/18 06:46:52 INFO BlockManagerMasterEndpoint: Registering block manager 172.24.0.6:46641 with 434.4 MiB RAM, BlockManagerId(0, 172.24.0.6, 46641, None)","logger":"airflow.task.hooks.airflow.providers.standard.hooks.subprocess.SubprocessHook"}
{"timestamp":"2025-07-18T06:46:52.261438","level":"info","event":"25/07/18 06:46:52 INFO MemoryStore: Block broadcast_0_piece0 stored as bytes in memory (estimated size 36.8 KiB, free 434.3 MiB)","logger":"airflow.task.hooks.airflow.providers.standard.hooks.subprocess.SubprocessHook"}
{"timestamp":"2025-07-18T06:46:52.265121","level":"info","event":"25/07/18 06:46:52 INFO BlockManagerInfo: Added broadcast_0_piece0 in memory on 52261d8b8c51:34197 (size: 36.8 KiB, free: 434.4 MiB)","logger":"airflow.task.hooks.airflow.providers.standard.hooks.subprocess.SubprocessHook"}
{"timestamp":"2025-07-18T06:46:52.269857","level":"info","event":"25/07/18 06:46:52 INFO SparkContext: Created broadcast 0 from broadcast at DAGScheduler.scala:1509","logger":"airflow.task.hooks.airflow.providers.standard.hooks.subprocess.SubprocessHook"}
{"timestamp":"2025-07-18T06:46:52.284679","level":"info","event":"25/07/18 06:46:52 INFO DAGScheduler: Submitting 1 missing tasks from ResultStage 0 (MapPartitionsRDD[1] at parquet at NativeMethodAccessorImpl.java:0) (first 15 tasks are for partitions Vector(0))","logger":"airflow.task.hooks.airflow.providers.standard.hooks.subprocess.SubprocessHook"}
{"timestamp":"2025-07-18T06:46:52.285510","level":"info","event":"25/07/18 06:46:52 INFO TaskSchedulerImpl: Adding task set 0.0 with 1 tasks resource profile 0","logger":"airflow.task.hooks.airflow.providers.standard.hooks.subprocess.SubprocessHook"}
{"timestamp":"2025-07-18T06:46:52.326834","level":"info","event":"25/07/18 06:46:52 INFO TaskSetManager: Starting task 0.0 in stage 0.0 (TID 0) (172.24.0.6, executor 0, partition 0, PROCESS_LOCAL, 4667 bytes) taskResourceAssignments Map()","logger":"airflow.task.hooks.airflow.providers.standard.hooks.subprocess.SubprocessHook"}
{"timestamp":"2025-07-18T06:46:52.551754","level":"info","event":"25/07/18 06:46:52 INFO BlockManagerInfo: Added broadcast_0_piece0 in memory on 172.24.0.6:46641 (size: 36.8 KiB, free: 434.4 MiB)","logger":"airflow.task.hooks.airflow.providers.standard.hooks.subprocess.SubprocessHook"}
{"timestamp":"2025-07-18T06:46:53.450881","level":"info","event":"25/07/18 06:46:53 INFO TaskSetManager: Finished task 0.0 in stage 0.0 (TID 0) in 1135 ms on 172.24.0.6 (executor 0) (1/1)","logger":"airflow.task.hooks.airflow.providers.standard.hooks.subprocess.SubprocessHook"}
{"timestamp":"2025-07-18T06:46:53.452188","level":"info","event":"25/07/18 06:46:53 INFO TaskSchedulerImpl: Removed TaskSet 0.0, whose tasks have all completed, from pool","logger":"airflow.task.hooks.airflow.providers.standard.hooks.subprocess.SubprocessHook"}
{"timestamp":"2025-07-18T06:46:53.456622","level":"info","event":"25/07/18 06:46:53 INFO DAGScheduler: ResultStage 0 (parquet at NativeMethodAccessorImpl.java:0) finished in 1.269 s","logger":"airflow.task.hooks.airflow.providers.standard.hooks.subprocess.SubprocessHook"}
{"timestamp":"2025-07-18T06:46:53.458731","level":"info","event":"25/07/18 06:46:53 INFO DAGScheduler: Job 0 is finished. Cancelling potential speculative or zombie tasks for this job","logger":"airflow.task.hooks.airflow.providers.standard.hooks.subprocess.SubprocessHook"}
{"timestamp":"2025-07-18T06:46:53.458922","level":"info","event":"25/07/18 06:46:53 INFO TaskSchedulerImpl: Killing all running tasks in stage 0: Stage finished","logger":"airflow.task.hooks.airflow.providers.standard.hooks.subprocess.SubprocessHook"}
{"timestamp":"2025-07-18T06:46:53.460748","level":"info","event":"25/07/18 06:46:53 INFO DAGScheduler: Job 0 finished: parquet at NativeMethodAccessorImpl.java:0, took 1.305301 s","logger":"airflow.task.hooks.airflow.providers.standard.hooks.subprocess.SubprocessHook"}
{"timestamp":"2025-07-18T06:46:53.531737","level":"info","event":"25/07/18 06:46:53 INFO BlockManagerInfo: Removed broadcast_0_piece0 on 52261d8b8c51:34197 in memory (size: 36.8 KiB, free: 434.4 MiB)","logger":"airflow.task.hooks.airflow.providers.standard.hooks.subprocess.SubprocessHook"}
{"timestamp":"2025-07-18T06:46:53.537812","level":"info","event":"25/07/18 06:46:53 INFO BlockManagerInfo: Removed broadcast_0_piece0 on 172.24.0.6:46641 in memory (size: 36.8 KiB, free: 434.4 MiB)","logger":"airflow.task.hooks.airflow.providers.standard.hooks.subprocess.SubprocessHook"}
{"timestamp":"2025-07-18T06:46:54.159311","level":"info","event":"25/07/18 06:46:54 INFO FileSourceStrategy: Pushed Filters:","logger":"airflow.task.hooks.airflow.providers.standard.hooks.subprocess.SubprocessHook"}
{"timestamp":"2025-07-18T06:46:54.159985","level":"info","event":"25/07/18 06:46:54 INFO FileSourceStrategy: Post-Scan Filters:","logger":"airflow.task.hooks.airflow.providers.standard.hooks.subprocess.SubprocessHook"}
{"timestamp":"2025-07-18T06:46:54.162182","level":"info","event":"25/07/18 06:46:54 INFO FileSourceStrategy: Output Data Schema: struct<invoice_no: string, stock_code: string, description: string, quantity: int, invoice_date: string ... 8 more fields>","logger":"airflow.task.hooks.airflow.providers.standard.hooks.subprocess.SubprocessHook"}
{"timestamp":"2025-07-18T06:46:54.350016","level":"info","event":"25/07/18 06:46:54 INFO CodeGenerator: Code generated in 113.831337 ms","logger":"airflow.task.hooks.airflow.providers.standard.hooks.subprocess.SubprocessHook"}
{"timestamp":"2025-07-18T06:46:54.375564","level":"info","event":"25/07/18 06:46:54 INFO MemoryStore: Block broadcast_1 stored as values in memory (estimated size 201.8 KiB, free 434.2 MiB)","logger":"airflow.task.hooks.airflow.providers.standard.hooks.subprocess.SubprocessHook"}
{"timestamp":"2025-07-18T06:46:54.387308","level":"info","event":"25/07/18 06:46:54 INFO MemoryStore: Block broadcast_1_piece0 stored as bytes in memory (estimated size 34.9 KiB, free 434.2 MiB)","logger":"airflow.task.hooks.airflow.providers.standard.hooks.subprocess.SubprocessHook"}
{"timestamp":"2025-07-18T06:46:54.388390","level":"info","event":"25/07/18 06:46:54 INFO BlockManagerInfo: Added broadcast_1_piece0 in memory on 52261d8b8c51:34197 (size: 34.9 KiB, free: 434.4 MiB)","logger":"airflow.task.hooks.airflow.providers.standard.hooks.subprocess.SubprocessHook"}
{"timestamp":"2025-07-18T06:46:54.390214","level":"info","event":"25/07/18 06:46:54 INFO SparkContext: Created broadcast 1 from rdd at SnowflakeWriter.scala:87","logger":"airflow.task.hooks.airflow.providers.standard.hooks.subprocess.SubprocessHook"}
{"timestamp":"2025-07-18T06:46:54.401221","level":"info","event":"25/07/18 06:46:54 INFO FileSourceScanExec: Planning scan with bin packing, max size: 4489130 bytes, open cost is considered as scanning 4194304 bytes.","logger":"airflow.task.hooks.airflow.providers.standard.hooks.subprocess.SubprocessHook"}
{"timestamp":"2025-07-18T06:46:54.465443","level":"info","event":"25/07/18 06:46:54 WARN ServerConnection$: JDBC 3.13.31 is being used. But the certified JDBC version 3.13.30 is recommended.","logger":"airflow.task.hooks.airflow.providers.standard.hooks.subprocess.SubprocessHook"}
{"timestamp":"2025-07-18T06:46:55.988894","level":"info","event":"25/07/18 06:46:55 INFO ServerConnection$: Create ServerConnection with new JDBC connection: 182007829176374","logger":"airflow.task.hooks.airflow.providers.standard.hooks.subprocess.SubprocessHook"}
{"timestamp":"2025-07-18T06:46:56.003249","level":"info","event":"25/07/18 06:46:56 INFO SparkConnectorContext$: Spark Connector system config: {","logger":"airflow.task.hooks.airflow.providers.standard.hooks.subprocess.SubprocessHook"}
{"timestamp":"2025-07-18T06:46:56.003631","level":"info","event":"  \"spark_connector_version\" : \"2.12.0\",","logger":"airflow.task.hooks.airflow.providers.standard.hooks.subprocess.SubprocessHook"}
{"timestamp":"2025-07-18T06:46:56.003776","level":"info","event":"  \"spark_version\" : \"3.3.3\",","logger":"airflow.task.hooks.airflow.providers.standard.hooks.subprocess.SubprocessHook"}
{"timestamp":"2025-07-18T06:46:56.003985","level":"info","event":"  \"application_name\" : \"Retail_Snowflake_Staging\",","logger":"airflow.task.hooks.airflow.providers.standard.hooks.subprocess.SubprocessHook"}
{"timestamp":"2025-07-18T06:46:56.004112","level":"info","event":"  \"scala_version\" : \"2.12.15\",","logger":"airflow.task.hooks.airflow.providers.standard.hooks.subprocess.SubprocessHook"}
{"timestamp":"2025-07-18T06:46:56.004216","level":"info","event":"  \"java_version\" : \"17.0.9\",","logger":"airflow.task.hooks.airflow.providers.standard.hooks.subprocess.SubprocessHook"}
{"timestamp":"2025-07-18T06:46:56.004306","level":"info","event":"  \"jdbc_version\" : \"3.13.31\",","logger":"airflow.task.hooks.airflow.providers.standard.hooks.subprocess.SubprocessHook"}
{"timestamp":"2025-07-18T06:46:56.004393","level":"info","event":"  \"certified_jdbc_version\" : \"3.13.30\",","logger":"airflow.task.hooks.airflow.providers.standard.hooks.subprocess.SubprocessHook"}
{"timestamp":"2025-07-18T06:46:56.004548","level":"info","event":"  \"os_name\" : \"Linux\",","logger":"airflow.task.hooks.airflow.providers.standard.hooks.subprocess.SubprocessHook"}
{"timestamp":"2025-07-18T06:46:56.004728","level":"info","event":"  \"max_memory_in_mb\" : 1024,","logger":"airflow.task.hooks.airflow.providers.standard.hooks.subprocess.SubprocessHook"}
{"timestamp":"2025-07-18T06:46:56.004831","level":"info","event":"  \"total_memory_in_mb\" : 160,","logger":"airflow.task.hooks.airflow.providers.standard.hooks.subprocess.SubprocessHook"}
{"timestamp":"2025-07-18T06:46:56.004924","level":"info","event":"  \"free_memory_in_mb\" : 51,","logger":"airflow.task.hooks.airflow.providers.standard.hooks.subprocess.SubprocessHook"}
{"timestamp":"2025-07-18T06:46:56.005012","level":"info","event":"  \"cpu_cores\" : 12,","logger":"airflow.task.hooks.airflow.providers.standard.hooks.subprocess.SubprocessHook"}
{"timestamp":"2025-07-18T06:46:56.005093","level":"info","event":"  \"spark_application_id\" : \"app-20250718064649-0003\",","logger":"airflow.task.hooks.airflow.providers.standard.hooks.subprocess.SubprocessHook"}
{"timestamp":"2025-07-18T06:46:56.005287","level":"info","event":"  \"spark_language\" : \"Scala\",","logger":"airflow.task.hooks.airflow.providers.standard.hooks.subprocess.SubprocessHook"}
{"timestamp":"2025-07-18T06:46:56.005475","level":"info","event":"  \"is_pyspark\" : false,","logger":"airflow.task.hooks.airflow.providers.standard.hooks.subprocess.SubprocessHook"}
{"timestamp":"2025-07-18T06:46:56.005583","level":"info","event":"  \"spark_config\" : {","logger":"airflow.task.hooks.airflow.providers.standard.hooks.subprocess.SubprocessHook"}
{"timestamp":"2025-07-18T06:46:56.005671","level":"info","event":"    \"spark.driver.host\" : \"52261d8b8c51\",","logger":"airflow.task.hooks.airflow.providers.standard.hooks.subprocess.SubprocessHook"}
{"timestamp":"2025-07-18T06:46:56.005812","level":"info","event":"    \"spark.sql.warehouse.dir\" : \"N/A\",","logger":"airflow.task.hooks.airflow.providers.standard.hooks.subprocess.SubprocessHook"}
{"timestamp":"2025-07-18T06:46:56.005890","level":"info","event":"    \"spark.app.startTime\" : \"N/A\",","logger":"airflow.task.hooks.airflow.providers.standard.hooks.subprocess.SubprocessHook"}
{"timestamp":"2025-07-18T06:46:56.005940","level":"info","event":"    \"spark.app.name\" : \"Retail_Snowflake_Staging\",","logger":"airflow.task.hooks.airflow.providers.standard.hooks.subprocess.SubprocessHook"}
{"timestamp":"2025-07-18T06:46:56.005985","level":"info","event":"    \"spark.app.id\" : \"app-20250718064649-0003\",","logger":"airflow.task.hooks.airflow.providers.standard.hooks.subprocess.SubprocessHook"}
{"timestamp":"2025-07-18T06:46:56.006028","level":"info","event":"    \"spark.executor.id\" : \"driver\",","logger":"airflow.task.hooks.airflow.providers.standard.hooks.subprocess.SubprocessHook"}
{"timestamp":"2025-07-18T06:46:56.006074","level":"info","event":"    \"spark.app.submitTime\" : \"N/A\",","logger":"airflow.task.hooks.airflow.providers.standard.hooks.subprocess.SubprocessHook"}
{"timestamp":"2025-07-18T06:46:56.006130","level":"info","event":"    \"spark.driver.extraJavaOptions\" : \"-XX:+IgnoreUnrecognizedVMOptions --add-opens=java.base/java.lang=ALL-UNNAMED --add-opens=java.base/java.lang.invoke=ALL-UNNAMED --add-opens=java.base/java.lang.reflect=ALL-UNNAMED --add-opens=java.base/java.io=ALL-UNNAMED --add-opens=java.base/java.net=ALL-UNNAMED --add-opens=java.base/java.nio=ALL-UNNAMED --add-opens=java.base/java.util=ALL-UNNAMED --add-opens=java.base/java.util.concurrent=ALL-UNNAMED --add-opens=java.base/java.util.concurrent.atomic=ALL-UNNAMED --add-opens=java.base/sun.nio.ch=ALL-UNNAMED --add-opens=java.base/sun.nio.cs=ALL-UNNAMED --add-opens=java.base/sun.security.action=ALL-UNNAMED --add-opens=java.base/sun.util.calendar=ALL-UNNAMED --add-opens=java.security.jgss/sun.security.krb5=ALL-UNNAMED --add-exports java.base/sun.nio.ch=ALL-UNNAMED\",","logger":"airflow.task.hooks.airflow.providers.standard.hooks.subprocess.SubprocessHook"}
{"timestamp":"2025-07-18T06:46:56.006196","level":"info","event":"    \"spark.rdd.compress\" : \"N/A\",","logger":"airflow.task.hooks.airflow.providers.standard.hooks.subprocess.SubprocessHook"}
{"timestamp":"2025-07-18T06:46:56.006243","level":"info","event":"    \"spark.executor.extraJavaOptions\" : \"-XX:+IgnoreUnrecognizedVMOptions --add-opens=java.base/java.lang=ALL-UNNAMED --add-opens=java.base/java.lang.invoke=ALL-UNNAMED --add-opens=java.base/java.lang.reflect=ALL-UNNAMED --add-opens=java.base/java.io=ALL-UNNAMED --add-opens=java.base/java.net=ALL-UNNAMED --add-opens=java.base/java.nio=ALL-UNNAMED --add-opens=java.base/java.util=ALL-UNNAMED --add-opens=java.base/java.util.concurrent=ALL-UNNAMED --add-opens=java.base/java.util.concurrent.atomic=ALL-UNNAMED --add-opens=java.base/sun.nio.ch=ALL-UNNAMED --add-opens=java.base/sun.nio.cs=ALL-UNNAMED --add-opens=java.base/sun.security.action=ALL-UNNAMED --add-opens=java.base/sun.util.calendar=ALL-UNNAMED --add-opens=java.security.jgss/sun.security.krb5=ALL-UNNAMED\",","logger":"airflow.task.hooks.airflow.providers.standard.hooks.subprocess.SubprocessHook"}
{"timestamp":"2025-07-18T06:46:56.006299","level":"info","event":"    \"spark.serializer.objectStreamReset\" : \"N/A\",","logger":"airflow.task.hooks.airflow.providers.standard.hooks.subprocess.SubprocessHook"}
{"timestamp":"2025-07-18T06:46:56.006423","level":"info","event":"    \"spark.submit.pyFiles\" : \"N/A\",","logger":"airflow.task.hooks.airflow.providers.standard.hooks.subprocess.SubprocessHook"}
{"timestamp":"2025-07-18T06:46:56.006495","level":"info","event":"    \"spark.submit.deployMode\" : \"client\",","logger":"airflow.task.hooks.airflow.providers.standard.hooks.subprocess.SubprocessHook"}
{"timestamp":"2025-07-18T06:46:56.006553","level":"info","event":"    \"spark.master\" : \"spark://retail-spark-master:7077\",","logger":"airflow.task.hooks.airflow.providers.standard.hooks.subprocess.SubprocessHook"}
{"timestamp":"2025-07-18T06:46:56.006598","level":"info","event":"    \"spark.driver.port\" : \"N/A\"","logger":"airflow.task.hooks.airflow.providers.standard.hooks.subprocess.SubprocessHook"}
{"timestamp":"2025-07-18T06:46:56.006642","level":"info","event":"  },","logger":"airflow.task.hooks.airflow.providers.standard.hooks.subprocess.SubprocessHook"}
{"timestamp":"2025-07-18T06:46:56.006686","level":"info","event":"  \"libraries\" : [ \"py4j\", \"py4j.commands\", \"py4j.reflection\" ],","logger":"airflow.task.hooks.airflow.providers.standard.hooks.subprocess.SubprocessHook"}
{"timestamp":"2025-07-18T06:46:56.006730","level":"info","event":"  \"dependencies\" : [ ],","logger":"airflow.task.hooks.airflow.providers.standard.hooks.subprocess.SubprocessHook"}
{"timestamp":"2025-07-18T06:46:56.006781","level":"info","event":"  \"cluster_node_count\" : 2,","logger":"airflow.task.hooks.airflow.providers.standard.hooks.subprocess.SubprocessHook"}
{"timestamp":"2025-07-18T06:46:56.006822","level":"info","event":"  \"spark_default_parallelism\" : 12,","logger":"airflow.task.hooks.airflow.providers.standard.hooks.subprocess.SubprocessHook"}
{"timestamp":"2025-07-18T06:46:56.006863","level":"info","event":"  \"deploy_mode\" : \"client\"","logger":"airflow.task.hooks.airflow.providers.standard.hooks.subprocess.SubprocessHook"}
{"timestamp":"2025-07-18T06:46:56.007000","level":"info","event":"}","logger":"airflow.task.hooks.airflow.providers.standard.hooks.subprocess.SubprocessHook"}
{"timestamp":"2025-07-18T06:46:56.014457","level":"info","event":"25/07/18 06:46:56 INFO SnowflakeSQLStatement: Spark Connector Master: execute query with bind variable: alter session set timezone = 'Etc/UTC' , timestamp_ntz_output_format = 'YYYY-MM-DD HH24:MI:SS.FF3', timestamp_ltz_output_format = 'TZHTZM YYYY-MM-DD HH24:MI:SS.FF3', timestamp_tz_output_format = 'TZHTZM YYYY-MM-DD HH24:MI:SS.FF3' ;","logger":"airflow.task.hooks.airflow.providers.standard.hooks.subprocess.SubprocessHook"}
{"timestamp":"2025-07-18T06:46:56.656996","level":"info","event":"25/07/18 06:46:56 INFO SnowflakeSQLStatement: Spark Connector Master: execute query with bind variable: create  temporary stage if not exists identifier(?)","logger":"airflow.task.hooks.airflow.providers.standard.hooks.subprocess.SubprocessHook"}
{"timestamp":"2025-07-18T06:46:56.878973","level":"info","event":"Traceback (most recent call last):","logger":"airflow.task.hooks.airflow.providers.standard.hooks.subprocess.SubprocessHook"}
{"timestamp":"2025-07-18T06:46:56.879219","level":"info","event":"  File \"/opt/spark-apps/scripts/snowflake_staging.py\", line 22, in <module>","logger":"airflow.task.hooks.airflow.providers.standard.hooks.subprocess.SubprocessHook"}
{"timestamp":"2025-07-18T06:46:56.884059","level":"info","event":"    .save()","logger":"airflow.task.hooks.airflow.providers.standard.hooks.subprocess.SubprocessHook"}
{"timestamp":"2025-07-18T06:46:56.884360","level":"info","event":"  File \"/opt/bitnami/spark/python/lib/pyspark.zip/pyspark/sql/readwriter.py\", line 966, in save","logger":"airflow.task.hooks.airflow.providers.standard.hooks.subprocess.SubprocessHook"}
{"timestamp":"2025-07-18T06:46:56.885983","level":"info","event":"  File \"/opt/bitnami/spark/python/lib/py4j-0.10.9.5-src.zip/py4j/java_gateway.py\", line 1321, in __call__","logger":"airflow.task.hooks.airflow.providers.standard.hooks.subprocess.SubprocessHook"}
{"timestamp":"2025-07-18T06:46:56.887311","level":"info","event":"  File \"/opt/bitnami/spark/python/lib/pyspark.zip/pyspark/sql/utils.py\", line 190, in deco","logger":"airflow.task.hooks.airflow.providers.standard.hooks.subprocess.SubprocessHook"}
{"timestamp":"2025-07-18T06:46:56.888832","level":"info","event":"  File \"/opt/bitnami/spark/python/lib/py4j-0.10.9.5-src.zip/py4j/protocol.py\", line 326, in get_return_value","logger":"airflow.task.hooks.airflow.providers.standard.hooks.subprocess.SubprocessHook"}
{"timestamp":"2025-07-18T06:46:56.891339","level":"info","event":"py4j.protocol.Py4JJavaError: An error occurred while calling o40.save.","logger":"airflow.task.hooks.airflow.providers.standard.hooks.subprocess.SubprocessHook"}
{"timestamp":"2025-07-18T06:46:56.891521","level":"info","event":": net.snowflake.client.jdbc.SnowflakeSQLException: Cannot perform CREATE TEMPSTAGE. This session does not have a current database. Call 'USE DATABASE', or use a qualified name.","logger":"airflow.task.hooks.airflow.providers.standard.hooks.subprocess.SubprocessHook"}
{"timestamp":"2025-07-18T06:46:56.891591","level":"info","event":"\tat net.snowflake.client.jdbc.SnowflakeUtil.checkErrorAndThrowExceptionSub(SnowflakeUtil.java:142)","logger":"airflow.task.hooks.airflow.providers.standard.hooks.subprocess.SubprocessHook"}
{"timestamp":"2025-07-18T06:46:56.891635","level":"info","event":"\tat net.snowflake.client.jdbc.SnowflakeUtil.checkErrorAndThrowException(SnowflakeUtil.java:75)","logger":"airflow.task.hooks.airflow.providers.standard.hooks.subprocess.SubprocessHook"}
{"timestamp":"2025-07-18T06:46:56.891674","level":"info","event":"\tat net.snowflake.client.core.StmtUtil.pollForOutput(StmtUtil.java:468)","logger":"airflow.task.hooks.airflow.providers.standard.hooks.subprocess.SubprocessHook"}
{"timestamp":"2025-07-18T06:46:56.891710","level":"info","event":"\tat net.snowflake.client.core.StmtUtil.execute(StmtUtil.java:374)","logger":"airflow.task.hooks.airflow.providers.standard.hooks.subprocess.SubprocessHook"}
{"timestamp":"2025-07-18T06:46:56.891744","level":"info","event":"\tat net.snowflake.client.core.SFStatement.executeHelper(SFStatement.java:481)","logger":"airflow.task.hooks.airflow.providers.standard.hooks.subprocess.SubprocessHook"}
{"timestamp":"2025-07-18T06:46:56.891779","level":"info","event":"\tat net.snowflake.client.core.SFStatement.executeQueryInternal(SFStatement.java:199)","logger":"airflow.task.hooks.airflow.providers.standard.hooks.subprocess.SubprocessHook"}
{"timestamp":"2025-07-18T06:46:56.891813","level":"info","event":"\tat net.snowflake.client.core.SFStatement.executeQuery(SFStatement.java:133)","logger":"airflow.task.hooks.airflow.providers.standard.hooks.subprocess.SubprocessHook"}
{"timestamp":"2025-07-18T06:46:56.891847","level":"info","event":"\tat net.snowflake.client.core.SFStatement.execute(SFStatement.java:763)","logger":"airflow.task.hooks.airflow.providers.standard.hooks.subprocess.SubprocessHook"}
{"timestamp":"2025-07-18T06:46:56.891878","level":"info","event":"\tat net.snowflake.client.core.SFStatement.execute(SFStatement.java:672)","logger":"airflow.task.hooks.airflow.providers.standard.hooks.subprocess.SubprocessHook"}
{"timestamp":"2025-07-18T06:46:56.891910","level":"info","event":"\tat net.snowflake.client.jdbc.SnowflakeStatementV1.executeQueryInternal(SnowflakeStatementV1.java:274)","logger":"airflow.task.hooks.airflow.providers.standard.hooks.subprocess.SubprocessHook"}
{"timestamp":"2025-07-18T06:46:56.891943","level":"info","event":"\tat net.snowflake.client.jdbc.SnowflakePreparedStatementV1.executeQuery(SnowflakePreparedStatementV1.java:119)","logger":"airflow.task.hooks.airflow.providers.standard.hooks.subprocess.SubprocessHook"}
{"timestamp":"2025-07-18T06:46:56.891975","level":"info","event":"\tat net.snowflake.spark.snowflake.JDBCWrapper.$anonfun$executePreparedQueryInterruptibly$1(SnowflakeJDBCWrapper.scala:205)","logger":"airflow.task.hooks.airflow.providers.standard.hooks.subprocess.SubprocessHook"}
{"timestamp":"2025-07-18T06:46:56.892017","level":"info","event":"\tat net.snowflake.spark.snowflake.JDBCWrapper.$anonfun$executeInterruptibly$2(SnowflakeJDBCWrapper.scala:252)","logger":"airflow.task.hooks.airflow.providers.standard.hooks.subprocess.SubprocessHook"}
{"timestamp":"2025-07-18T06:46:56.892054","level":"info","event":"\tat scala.concurrent.Future$.$anonfun$apply$1(Future.scala:659)","logger":"airflow.task.hooks.airflow.providers.standard.hooks.subprocess.SubprocessHook"}
{"timestamp":"2025-07-18T06:46:56.892087","level":"info","event":"\tat scala.util.Success.$anonfun$map$1(Try.scala:255)","logger":"airflow.task.hooks.airflow.providers.standard.hooks.subprocess.SubprocessHook"}
{"timestamp":"2025-07-18T06:46:56.892120","level":"info","event":"\tat scala.util.Success.map(Try.scala:213)","logger":"airflow.task.hooks.airflow.providers.standard.hooks.subprocess.SubprocessHook"}
{"timestamp":"2025-07-18T06:46:56.892153","level":"info","event":"\tat scala.concurrent.Future.$anonfun$map$1(Future.scala:292)","logger":"airflow.task.hooks.airflow.providers.standard.hooks.subprocess.SubprocessHook"}
{"timestamp":"2025-07-18T06:46:56.892193","level":"info","event":"\tat scala.concurrent.impl.Promise.liftedTree1$1(Promise.scala:33)","logger":"airflow.task.hooks.airflow.providers.standard.hooks.subprocess.SubprocessHook"}
{"timestamp":"2025-07-18T06:46:56.892225","level":"info","event":"\tat scala.concurrent.impl.Promise.$anonfun$transform$1(Promise.scala:33)","logger":"airflow.task.hooks.airflow.providers.standard.hooks.subprocess.SubprocessHook"}
{"timestamp":"2025-07-18T06:46:56.892262","level":"info","event":"\tat scala.concurrent.impl.CallbackRunnable.run(Promise.scala:64)","logger":"airflow.task.hooks.airflow.providers.standard.hooks.subprocess.SubprocessHook"}
{"timestamp":"2025-07-18T06:46:56.892294","level":"info","event":"\tat java.base/java.util.concurrent.ThreadPoolExecutor.runWorker(ThreadPoolExecutor.java:1136)","logger":"airflow.task.hooks.airflow.providers.standard.hooks.subprocess.SubprocessHook"}
{"timestamp":"2025-07-18T06:46:56.892325","level":"info","event":"\tat java.base/java.util.concurrent.ThreadPoolExecutor$Worker.run(ThreadPoolExecutor.java:635)","logger":"airflow.task.hooks.airflow.providers.standard.hooks.subprocess.SubprocessHook"}
{"timestamp":"2025-07-18T06:46:56.892372","level":"info","event":"\tat java.base/java.lang.Thread.run(Thread.java:840)","logger":"airflow.task.hooks.airflow.providers.standard.hooks.subprocess.SubprocessHook"}
{"timestamp":"2025-07-18T06:46:56.892423","level":"info","event":"","logger":"airflow.task.hooks.airflow.providers.standard.hooks.subprocess.SubprocessHook"}
{"timestamp":"2025-07-18T06:46:56.910898","level":"info","event":"25/07/18 06:46:56 INFO SparkContext: Invoking stop() from shutdown hook","logger":"airflow.task.hooks.airflow.providers.standard.hooks.subprocess.SubprocessHook"}
{"timestamp":"2025-07-18T06:46:56.920031","level":"info","event":"25/07/18 06:46:56 INFO SparkUI: Stopped Spark web UI at http://52261d8b8c51:4040","logger":"airflow.task.hooks.airflow.providers.standard.hooks.subprocess.SubprocessHook"}
{"timestamp":"2025-07-18T06:46:56.922650","level":"info","event":"25/07/18 06:46:56 INFO StandaloneSchedulerBackend: Shutting down all executors","logger":"airflow.task.hooks.airflow.providers.standard.hooks.subprocess.SubprocessHook"}
{"timestamp":"2025-07-18T06:46:56.923015","level":"info","event":"25/07/18 06:46:56 INFO CoarseGrainedSchedulerBackend$DriverEndpoint: Asking each executor to shut down","logger":"airflow.task.hooks.airflow.providers.standard.hooks.subprocess.SubprocessHook"}
{"timestamp":"2025-07-18T06:46:56.941364","level":"info","event":"25/07/18 06:46:56 INFO MapOutputTrackerMasterEndpoint: MapOutputTrackerMasterEndpoint stopped!","logger":"airflow.task.hooks.airflow.providers.standard.hooks.subprocess.SubprocessHook"}
{"timestamp":"2025-07-18T06:46:56.955653","level":"info","event":"25/07/18 06:46:56 INFO MemoryStore: MemoryStore cleared","logger":"airflow.task.hooks.airflow.providers.standard.hooks.subprocess.SubprocessHook"}
{"timestamp":"2025-07-18T06:46:56.956034","level":"info","event":"25/07/18 06:46:56 INFO BlockManager: BlockManager stopped","logger":"airflow.task.hooks.airflow.providers.standard.hooks.subprocess.SubprocessHook"}
{"timestamp":"2025-07-18T06:46:56.958667","level":"info","event":"25/07/18 06:46:56 INFO BlockManagerMaster: BlockManagerMaster stopped","logger":"airflow.task.hooks.airflow.providers.standard.hooks.subprocess.SubprocessHook"}
{"timestamp":"2025-07-18T06:46:56.960310","level":"info","event":"25/07/18 06:46:56 INFO OutputCommitCoordinator$OutputCommitCoordinatorEndpoint: OutputCommitCoordinator stopped!","logger":"airflow.task.hooks.airflow.providers.standard.hooks.subprocess.SubprocessHook"}
{"timestamp":"2025-07-18T06:46:56.967784","level":"info","event":"25/07/18 06:46:56 INFO SparkContext: Successfully stopped SparkContext","logger":"airflow.task.hooks.airflow.providers.standard.hooks.subprocess.SubprocessHook"}
{"timestamp":"2025-07-18T06:46:56.968010","level":"info","event":"25/07/18 06:46:56 INFO ShutdownHookManager: Shutdown hook called","logger":"airflow.task.hooks.airflow.providers.standard.hooks.subprocess.SubprocessHook"}
{"timestamp":"2025-07-18T06:46:56.968173","level":"info","event":"25/07/18 06:46:56 INFO ShutdownHookManager: Deleting directory /tmp/spark-00182224-530d-45de-abe7-2631c51669fb","logger":"airflow.task.hooks.airflow.providers.standard.hooks.subprocess.SubprocessHook"}
{"timestamp":"2025-07-18T06:46:56.972608","level":"info","event":"25/07/18 06:46:56 INFO ShutdownHookManager: Deleting directory /tmp/spark-26ff30d1-65d6-4c5c-bec4-eedf7535944c","logger":"airflow.task.hooks.airflow.providers.standard.hooks.subprocess.SubprocessHook"}
{"timestamp":"2025-07-18T06:46:56.975940","level":"info","event":"25/07/18 06:46:56 INFO ShutdownHookManager: Deleting directory /tmp/spark-26ff30d1-65d6-4c5c-bec4-eedf7535944c/pyspark-3d0d338e-d6f9-4468-9a28-c84ef6a3b230","logger":"airflow.task.hooks.airflow.providers.standard.hooks.subprocess.SubprocessHook"}
{"timestamp":"2025-07-18T06:46:57.017879","level":"info","event":"Command exited with return code 1","logger":"airflow.task.hooks.airflow.providers.standard.hooks.subprocess.SubprocessHook"}
{"timestamp":"2025-07-18T06:46:57.018475","level":"error","event":"Task failed with exception","logger":"task","error_detail":[{"exc_type":"AirflowException","exc_value":"Bash command failed. The command returned a non-zero exit code 1.","exc_notes":[],"syntax_error":null,"is_cause":false,"frames":[{"filename":"/home/airflow/.local/lib/python3.12/site-packages/airflow/sdk/execution_time/task_runner.py","lineno":825,"name":"run"},{"filename":"/home/airflow/.local/lib/python3.12/site-packages/airflow/sdk/execution_time/task_runner.py","lineno":1088,"name":"_execute_task"},{"filename":"/home/airflow/.local/lib/python3.12/site-packages/airflow/sdk/bases/operator.py","lineno":408,"name":"wrapper"},{"filename":"/home/airflow/.local/lib/python3.12/site-packages/airflow/providers/standard/operators/bash.py","lineno":233,"name":"execute"}]}]}
