{"timestamp":"2025-07-20T04:27:25.277804","level":"info","event":"DAG bundles loaded: dags-folder","logger":"airflow.dag_processing.bundles.manager.DagBundlesManager"}
{"timestamp":"2025-07-20T04:27:25.278307","level":"info","event":"Filling up the DagBag from /opt/airflow/dags/upload_to_hdfs_dag.py","logger":"airflow.models.dagbag.DagBag"}
{"timestamp":"2025-07-20T04:27:25.292830","level":"info","event":"Tmp dir root location: /tmp","logger":"airflow.task.hooks.airflow.providers.standard.hooks.subprocess.SubprocessHook"}
{"timestamp":"2025-07-20T04:27:25.293393","level":"info","event":"Running command: ['/usr/bin/bash', '-c', 'cd /opt/airflow/dbt/retail_sales_project && dbt run']","logger":"airflow.task.hooks.airflow.providers.standard.hooks.subprocess.SubprocessHook"}
{"timestamp":"2025-07-20T04:27:25.302485","level":"info","event":"Output:","logger":"airflow.task.hooks.airflow.providers.standard.hooks.subprocess.SubprocessHook"}
{"timestamp":"2025-07-20T04:27:27.291693","level":"info","event":"\u001b[0m04:27:27  Running with dbt=1.10.4","logger":"airflow.task.hooks.airflow.providers.standard.hooks.subprocess.SubprocessHook"}
{"timestamp":"2025-07-20T04:27:29.808662","level":"info","event":"\u001b[0m04:27:29  Registered adapter: snowflake=1.10.0","logger":"airflow.task.hooks.airflow.providers.standard.hooks.subprocess.SubprocessHook"}
{"timestamp":"2025-07-20T04:27:29.962586","level":"info","event":"\u001b[0m04:27:29  Unable to do partial parsing because of a version mismatch","logger":"airflow.task.hooks.airflow.providers.standard.hooks.subprocess.SubprocessHook"}
{"timestamp":"2025-07-20T04:27:34.483369","level":"info","event":"\u001b[0m04:27:34  Found 6 models, 1 source, 477 macros","logger":"airflow.task.hooks.airflow.providers.standard.hooks.subprocess.SubprocessHook"}
{"timestamp":"2025-07-20T04:27:34.487085","level":"info","event":"\u001b[0m04:27:34","logger":"airflow.task.hooks.airflow.providers.standard.hooks.subprocess.SubprocessHook"}
{"timestamp":"2025-07-20T04:27:34.487901","level":"info","event":"\u001b[0m04:27:34  Concurrency: 4 threads (target='dev')","logger":"airflow.task.hooks.airflow.providers.standard.hooks.subprocess.SubprocessHook"}
{"timestamp":"2025-07-20T04:27:34.489071","level":"info","event":"\u001b[0m04:27:34","logger":"airflow.task.hooks.airflow.providers.standard.hooks.subprocess.SubprocessHook"}
{"timestamp":"2025-07-20T04:27:36.205874","level":"info","event":"\u001b[0m04:27:36  1 of 6 START sql view model GOLD.silver_data ................................... [RUN]","logger":"airflow.task.hooks.airflow.providers.standard.hooks.subprocess.SubprocessHook"}
{"timestamp":"2025-07-20T04:27:36.703353","level":"info","event":"\u001b[0m04:27:36  1 of 6 OK created sql view model GOLD.silver_data .............................. [\u001b[32mSUCCESS 1\u001b[0m in 0.49s]","logger":"airflow.task.hooks.airflow.providers.standard.hooks.subprocess.SubprocessHook"}
{"timestamp":"2025-07-20T04:27:36.706811","level":"info","event":"\u001b[0m04:27:36  2 of 6 START sql table model GOLD.dim_country .................................. [RUN]","logger":"airflow.task.hooks.airflow.providers.standard.hooks.subprocess.SubprocessHook"}
{"timestamp":"2025-07-20T04:27:36.707902","level":"info","event":"\u001b[0m04:27:36  3 of 6 START sql table model GOLD.dim_customer ................................. [RUN]","logger":"airflow.task.hooks.airflow.providers.standard.hooks.subprocess.SubprocessHook"}
{"timestamp":"2025-07-20T04:27:36.708622","level":"info","event":"\u001b[0m04:27:36  4 of 6 START sql table model GOLD.dim_date ..................................... [RUN]","logger":"airflow.task.hooks.airflow.providers.standard.hooks.subprocess.SubprocessHook"}
{"timestamp":"2025-07-20T04:27:36.709372","level":"info","event":"\u001b[0m04:27:36  5 of 6 START sql table model GOLD.dim_product .................................. [RUN]","logger":"airflow.task.hooks.airflow.providers.standard.hooks.subprocess.SubprocessHook"}
{"timestamp":"2025-07-20T04:27:38.042392","level":"info","event":"\u001b[0m04:27:38  5 of 6 OK created sql table model GOLD.dim_product ............................. [\u001b[32mSUCCESS 1\u001b[0m in 1.32s]","logger":"airflow.task.hooks.airflow.providers.standard.hooks.subprocess.SubprocessHook"}
{"timestamp":"2025-07-20T04:27:38.092948","level":"info","event":"\u001b[0m04:27:38  4 of 6 OK created sql table model GOLD.dim_date ................................ [\u001b[32mSUCCESS 1\u001b[0m in 1.38s]","logger":"airflow.task.hooks.airflow.providers.standard.hooks.subprocess.SubprocessHook"}
{"timestamp":"2025-07-20T04:27:38.711053","level":"info","event":"\u001b[0m04:27:38  3 of 6 OK created sql table model GOLD.dim_customer ............................ [\u001b[32mSUCCESS 1\u001b[0m in 2.00s]","logger":"airflow.task.hooks.airflow.providers.standard.hooks.subprocess.SubprocessHook"}
{"timestamp":"2025-07-20T04:27:39.264686","level":"info","event":"\u001b[0m04:27:39  2 of 6 OK created sql table model GOLD.dim_country ............................. [\u001b[32mSUCCESS 1\u001b[0m in 2.55s]","logger":"airflow.task.hooks.airflow.providers.standard.hooks.subprocess.SubprocessHook"}
{"timestamp":"2025-07-20T04:27:39.266688","level":"info","event":"\u001b[0m04:27:39  6 of 6 START sql table model GOLD.fact_sales ................................... [RUN]","logger":"airflow.task.hooks.airflow.providers.standard.hooks.subprocess.SubprocessHook"}
{"timestamp":"2025-07-20T04:27:41.443952","level":"info","event":"\u001b[0m04:27:41  6 of 6 OK created sql table model GOLD.fact_sales .............................. [\u001b[32mSUCCESS 1\u001b[0m in 2.18s]","logger":"airflow.task.hooks.airflow.providers.standard.hooks.subprocess.SubprocessHook"}
{"timestamp":"2025-07-20T04:27:42.447830","level":"info","event":"\u001b[0m04:27:42","logger":"airflow.task.hooks.airflow.providers.standard.hooks.subprocess.SubprocessHook"}
{"timestamp":"2025-07-20T04:27:42.449468","level":"info","event":"\u001b[0m04:27:42  Finished running 5 table models, 1 view model in 0 hours 0 minutes and 7.96 seconds (7.96s).","logger":"airflow.task.hooks.airflow.providers.standard.hooks.subprocess.SubprocessHook"}
{"timestamp":"2025-07-20T04:27:42.504595","level":"info","event":"\u001b[0m04:27:42","logger":"airflow.task.hooks.airflow.providers.standard.hooks.subprocess.SubprocessHook"}
{"timestamp":"2025-07-20T04:27:42.504919","level":"info","event":"\u001b[0m04:27:42  \u001b[32mCompleted successfully\u001b[0m","logger":"airflow.task.hooks.airflow.providers.standard.hooks.subprocess.SubprocessHook"}
{"timestamp":"2025-07-20T04:27:42.505370","level":"info","event":"\u001b[0m04:27:42","logger":"airflow.task.hooks.airflow.providers.standard.hooks.subprocess.SubprocessHook"}
{"timestamp":"2025-07-20T04:27:42.506038","level":"info","event":"\u001b[0m04:27:42  Done. PASS=6 WARN=0 ERROR=0 SKIP=0 NO-OP=0 TOTAL=6","logger":"airflow.task.hooks.airflow.providers.standard.hooks.subprocess.SubprocessHook"}
{"timestamp":"2025-07-20T04:27:43.567494","level":"info","event":"Command exited with return code 0","logger":"airflow.task.hooks.airflow.providers.standard.hooks.subprocess.SubprocessHook"}
{"timestamp":"2025-07-20T04:27:43.568827","level":"info","event":"Pushing xcom","ti":"RuntimeTaskInstance(id=UUID('01982615-44a5-7dd0-9202-a0958203d1db'), task_id='dbt_run', dag_id='retail_pipeline', run_id='manual__2025-07-20T04:26:24.785497+00:00', try_number=1, map_index=-1, hostname='52b07f18d859', context_carrier=None, task=<Task(BashOperator): dbt_run>, bundle_instance=LocalDagBundle(name=dags-folder), max_tries=0, start_date=datetime.datetime(2025, 7, 20, 4, 27, 25, 211555, tzinfo=TzInfo(UTC)), end_date=None, is_mapped=False)","logger":"task"}
