{"timestamp":"2025-07-18T06:10:56.814637","level":"info","event":"DAG bundles loaded: dags-folder","logger":"airflow.dag_processing.bundles.manager.DagBundlesManager"}
{"timestamp":"2025-07-18T06:10:56.815073","level":"info","event":"Filling up the DagBag from /opt/airflow/dags/upload_to_hdfs_dag.py","logger":"airflow.models.dagbag.DagBag"}
{"timestamp":"2025-07-18T06:10:56.830707","level":"info","event":"Tmp dir root location: /tmp","logger":"airflow.task.hooks.airflow.providers.standard.hooks.subprocess.SubprocessHook"}
{"timestamp":"2025-07-18T06:10:56.831401","level":"info","event":"Running command: ['/usr/bin/bash', '-c', 'docker exec retail-spark-master                        /opt/bitnami/spark/bin/spark-submit                        --master spark://spark-master:7077 /opt/spark-apps/scripts/snowflake_staging.py']","logger":"airflow.task.hooks.airflow.providers.standard.hooks.subprocess.SubprocessHook"}
{"timestamp":"2025-07-18T06:10:56.839373","level":"info","event":"Output:","logger":"airflow.task.hooks.airflow.providers.standard.hooks.subprocess.SubprocessHook"}
{"timestamp":"2025-07-18T06:10:58.042618","level":"info","event":"25/07/18 06:10:58 INFO SparkContext: Running Spark version 3.3.3","logger":"airflow.task.hooks.airflow.providers.standard.hooks.subprocess.SubprocessHook"}
{"timestamp":"2025-07-18T06:10:58.068915","level":"info","event":"25/07/18 06:10:58 INFO ResourceUtils: ==============================================================","logger":"airflow.task.hooks.airflow.providers.standard.hooks.subprocess.SubprocessHook"}
{"timestamp":"2025-07-18T06:10:58.069173","level":"info","event":"25/07/18 06:10:58 INFO ResourceUtils: No custom resources configured for spark.driver.","logger":"airflow.task.hooks.airflow.providers.standard.hooks.subprocess.SubprocessHook"}
{"timestamp":"2025-07-18T06:10:58.069454","level":"info","event":"25/07/18 06:10:58 INFO ResourceUtils: ==============================================================","logger":"airflow.task.hooks.airflow.providers.standard.hooks.subprocess.SubprocessHook"}
{"timestamp":"2025-07-18T06:10:58.070908","level":"info","event":"25/07/18 06:10:58 INFO SparkContext: Submitted application: Retail_Snowflake_Staging","logger":"airflow.task.hooks.airflow.providers.standard.hooks.subprocess.SubprocessHook"}
{"timestamp":"2025-07-18T06:10:58.100136","level":"info","event":"25/07/18 06:10:58 INFO ResourceProfile: Default ResourceProfile created, executor resources: Map(cores -> name: cores, amount: 1, script: , vendor: , memory -> name: memory, amount: 1024, script: , vendor: , offHeap -> name: offHeap, amount: 0, script: , vendor: ), task resources: Map(cpus -> name: cpus, amount: 1.0)","logger":"airflow.task.hooks.airflow.providers.standard.hooks.subprocess.SubprocessHook"}
{"timestamp":"2025-07-18T06:10:58.106581","level":"info","event":"25/07/18 06:10:58 INFO ResourceProfile: Limiting resource is cpu","logger":"airflow.task.hooks.airflow.providers.standard.hooks.subprocess.SubprocessHook"}
{"timestamp":"2025-07-18T06:10:58.106912","level":"info","event":"25/07/18 06:10:58 INFO ResourceProfileManager: Added ResourceProfile id: 0","logger":"airflow.task.hooks.airflow.providers.standard.hooks.subprocess.SubprocessHook"}
{"timestamp":"2025-07-18T06:10:58.145114","level":"info","event":"25/07/18 06:10:58 INFO SecurityManager: Changing view acls to: spark","logger":"airflow.task.hooks.airflow.providers.standard.hooks.subprocess.SubprocessHook"}
{"timestamp":"2025-07-18T06:10:58.145324","level":"info","event":"25/07/18 06:10:58 INFO SecurityManager: Changing modify acls to: spark","logger":"airflow.task.hooks.airflow.providers.standard.hooks.subprocess.SubprocessHook"}
{"timestamp":"2025-07-18T06:10:58.145549","level":"info","event":"25/07/18 06:10:58 INFO SecurityManager: Changing view acls groups to:","logger":"airflow.task.hooks.airflow.providers.standard.hooks.subprocess.SubprocessHook"}
{"timestamp":"2025-07-18T06:10:58.147153","level":"info","event":"25/07/18 06:10:58 INFO SecurityManager: Changing modify acls groups to:","logger":"airflow.task.hooks.airflow.providers.standard.hooks.subprocess.SubprocessHook"}
{"timestamp":"2025-07-18T06:10:58.147543","level":"info","event":"25/07/18 06:10:58 INFO SecurityManager: SecurityManager: authentication disabled; ui acls disabled; users  with view permissions: Set(spark); groups with view permissions: Set(); users  with modify permissions: Set(spark); groups with modify permissions: Set()","logger":"airflow.task.hooks.airflow.providers.standard.hooks.subprocess.SubprocessHook"}
{"timestamp":"2025-07-18T06:10:58.199194","level":"info","event":"25/07/18 06:10:58 WARN NativeCodeLoader: Unable to load native-hadoop library for your platform... using builtin-java classes where applicable","logger":"airflow.task.hooks.airflow.providers.standard.hooks.subprocess.SubprocessHook"}
{"timestamp":"2025-07-18T06:10:58.433868","level":"info","event":"25/07/18 06:10:58 INFO Utils: Successfully started service 'sparkDriver' on port 39141.","logger":"airflow.task.hooks.airflow.providers.standard.hooks.subprocess.SubprocessHook"}
{"timestamp":"2025-07-18T06:10:58.455659","level":"info","event":"25/07/18 06:10:58 INFO SparkEnv: Registering MapOutputTracker","logger":"airflow.task.hooks.airflow.providers.standard.hooks.subprocess.SubprocessHook"}
{"timestamp":"2025-07-18T06:10:58.483270","level":"info","event":"25/07/18 06:10:58 INFO SparkEnv: Registering BlockManagerMaster","logger":"airflow.task.hooks.airflow.providers.standard.hooks.subprocess.SubprocessHook"}
{"timestamp":"2025-07-18T06:10:58.500461","level":"info","event":"25/07/18 06:10:58 INFO BlockManagerMasterEndpoint: Using org.apache.spark.storage.DefaultTopologyMapper for getting topology information","logger":"airflow.task.hooks.airflow.providers.standard.hooks.subprocess.SubprocessHook"}
{"timestamp":"2025-07-18T06:10:58.500919","level":"info","event":"25/07/18 06:10:58 INFO BlockManagerMasterEndpoint: BlockManagerMasterEndpoint up","logger":"airflow.task.hooks.airflow.providers.standard.hooks.subprocess.SubprocessHook"}
{"timestamp":"2025-07-18T06:10:58.505548","level":"info","event":"25/07/18 06:10:58 INFO SparkEnv: Registering BlockManagerMasterHeartbeat","logger":"airflow.task.hooks.airflow.providers.standard.hooks.subprocess.SubprocessHook"}
{"timestamp":"2025-07-18T06:10:58.521996","level":"info","event":"25/07/18 06:10:58 INFO DiskBlockManager: Created local directory at /tmp/blockmgr-d25e6b48-b260-47e1-a57b-91b1aa8084ff","logger":"airflow.task.hooks.airflow.providers.standard.hooks.subprocess.SubprocessHook"}
{"timestamp":"2025-07-18T06:10:58.535543","level":"info","event":"25/07/18 06:10:58 INFO MemoryStore: MemoryStore started with capacity 434.4 MiB","logger":"airflow.task.hooks.airflow.providers.standard.hooks.subprocess.SubprocessHook"}
{"timestamp":"2025-07-18T06:10:58.548377","level":"info","event":"25/07/18 06:10:58 INFO SparkEnv: Registering OutputCommitCoordinator","logger":"airflow.task.hooks.airflow.providers.standard.hooks.subprocess.SubprocessHook"}
{"timestamp":"2025-07-18T06:10:58.717961","level":"info","event":"25/07/18 06:10:58 INFO Utils: Successfully started service 'SparkUI' on port 4040.","logger":"airflow.task.hooks.airflow.providers.standard.hooks.subprocess.SubprocessHook"}
{"timestamp":"2025-07-18T06:10:58.838851","level":"info","event":"25/07/18 06:10:58 INFO StandaloneAppClient$ClientEndpoint: Connecting to master spark://retail-spark-master:7077...","logger":"airflow.task.hooks.airflow.providers.standard.hooks.subprocess.SubprocessHook"}
{"timestamp":"2025-07-18T06:10:58.877361","level":"info","event":"25/07/18 06:10:58 INFO TransportClientFactory: Successfully created connection to retail-spark-master/172.24.0.6:7077 after 22 ms (0 ms spent in bootstraps)","logger":"airflow.task.hooks.airflow.providers.standard.hooks.subprocess.SubprocessHook"}
{"timestamp":"2025-07-18T06:10:58.993872","level":"info","event":"25/07/18 06:10:58 INFO StandaloneSchedulerBackend: Connected to Spark cluster with app ID app-20250718061058-0000","logger":"airflow.task.hooks.airflow.providers.standard.hooks.subprocess.SubprocessHook"}
{"timestamp":"2025-07-18T06:10:59.000308","level":"info","event":"25/07/18 06:10:58 INFO Utils: Successfully started service 'org.apache.spark.network.netty.NettyBlockTransferService' on port 35805.","logger":"airflow.task.hooks.airflow.providers.standard.hooks.subprocess.SubprocessHook"}
{"timestamp":"2025-07-18T06:10:59.000534","level":"info","event":"25/07/18 06:10:58 INFO NettyBlockTransferService: Server created on 52261d8b8c51:35805","logger":"airflow.task.hooks.airflow.providers.standard.hooks.subprocess.SubprocessHook"}
{"timestamp":"2025-07-18T06:10:59.002129","level":"info","event":"25/07/18 06:10:59 INFO BlockManager: Using org.apache.spark.storage.RandomBlockReplicationPolicy for block replication policy","logger":"airflow.task.hooks.airflow.providers.standard.hooks.subprocess.SubprocessHook"}
{"timestamp":"2025-07-18T06:10:59.008890","level":"info","event":"25/07/18 06:10:59 INFO BlockManagerMaster: Registering BlockManager BlockManagerId(driver, 52261d8b8c51, 35805, None)","logger":"airflow.task.hooks.airflow.providers.standard.hooks.subprocess.SubprocessHook"}
{"timestamp":"2025-07-18T06:10:59.013586","level":"info","event":"25/07/18 06:10:59 INFO BlockManagerMasterEndpoint: Registering block manager 52261d8b8c51:35805 with 434.4 MiB RAM, BlockManagerId(driver, 52261d8b8c51, 35805, None)","logger":"airflow.task.hooks.airflow.providers.standard.hooks.subprocess.SubprocessHook"}
{"timestamp":"2025-07-18T06:10:59.015748","level":"info","event":"25/07/18 06:10:59 INFO BlockManagerMaster: Registered BlockManager BlockManagerId(driver, 52261d8b8c51, 35805, None)","logger":"airflow.task.hooks.airflow.providers.standard.hooks.subprocess.SubprocessHook"}
{"timestamp":"2025-07-18T06:10:59.017258","level":"info","event":"25/07/18 06:10:59 INFO BlockManager: Initialized BlockManager: BlockManagerId(driver, 52261d8b8c51, 35805, None)","logger":"airflow.task.hooks.airflow.providers.standard.hooks.subprocess.SubprocessHook"}
{"timestamp":"2025-07-18T06:10:59.025682","level":"info","event":"25/07/18 06:10:59 INFO StandaloneAppClient$ClientEndpoint: Executor added: app-20250718061058-0000/0 on worker-20250718061006-172.24.0.2-43139 (172.24.0.2:43139) with 12 core(s)","logger":"airflow.task.hooks.airflow.providers.standard.hooks.subprocess.SubprocessHook"}
{"timestamp":"2025-07-18T06:10:59.027717","level":"info","event":"25/07/18 06:10:59 INFO StandaloneSchedulerBackend: Granted executor ID app-20250718061058-0000/0 on hostPort 172.24.0.2:43139 with 12 core(s), 1024.0 MiB RAM","logger":"airflow.task.hooks.airflow.providers.standard.hooks.subprocess.SubprocessHook"}
{"timestamp":"2025-07-18T06:10:59.192142","level":"info","event":"25/07/18 06:10:59 INFO StandaloneAppClient$ClientEndpoint: Executor updated: app-20250718061058-0000/0 is now RUNNING","logger":"airflow.task.hooks.airflow.providers.standard.hooks.subprocess.SubprocessHook"}
{"timestamp":"2025-07-18T06:10:59.218306","level":"info","event":"25/07/18 06:10:59 INFO StandaloneSchedulerBackend: SchedulerBackend is ready for scheduling beginning after reached minRegisteredResourcesRatio: 0.0","logger":"airflow.task.hooks.airflow.providers.standard.hooks.subprocess.SubprocessHook"}
{"timestamp":"2025-07-18T06:10:59.471103","level":"info","event":"25/07/18 06:10:59 INFO SharedState: Setting hive.metastore.warehouse.dir ('null') to the value of spark.sql.warehouse.dir.","logger":"airflow.task.hooks.airflow.providers.standard.hooks.subprocess.SubprocessHook"}
{"timestamp":"2025-07-18T06:10:59.481363","level":"info","event":"25/07/18 06:10:59 INFO SharedState: Warehouse path is 'file:/opt/bitnami/spark/spark-warehouse'.","logger":"airflow.task.hooks.airflow.providers.standard.hooks.subprocess.SubprocessHook"}
{"timestamp":"2025-07-18T06:11:00.598568","level":"info","event":"Traceback (most recent call last):","logger":"airflow.task.hooks.airflow.providers.standard.hooks.subprocess.SubprocessHook"}
{"timestamp":"2025-07-18T06:11:00.598719","level":"info","event":"  File \"/opt/spark-apps/scripts/snowflake_staging.py\", line 9, in <module>","logger":"airflow.task.hooks.airflow.providers.standard.hooks.subprocess.SubprocessHook"}
{"timestamp":"2025-07-18T06:11:00.601513","level":"info","event":"    df = spark.read.parquet(\"hdfs://namenode:8020/data/silver/retail_silver\")","logger":"airflow.task.hooks.airflow.providers.standard.hooks.subprocess.SubprocessHook"}
{"timestamp":"2025-07-18T06:11:00.601710","level":"info","event":"  File \"/opt/bitnami/spark/python/lib/pyspark.zip/pyspark/sql/readwriter.py\", line 364, in parquet","logger":"airflow.task.hooks.airflow.providers.standard.hooks.subprocess.SubprocessHook"}
{"timestamp":"2025-07-18T06:11:00.602667","level":"info","event":"  File \"/opt/bitnami/spark/python/lib/py4j-0.10.9.5-src.zip/py4j/java_gateway.py\", line 1321, in __call__","logger":"airflow.task.hooks.airflow.providers.standard.hooks.subprocess.SubprocessHook"}
{"timestamp":"2025-07-18T06:11:00.603431","level":"info","event":"  File \"/opt/bitnami/spark/python/lib/pyspark.zip/pyspark/sql/utils.py\", line 196, in deco","logger":"airflow.task.hooks.airflow.providers.standard.hooks.subprocess.SubprocessHook"}
{"timestamp":"2025-07-18T06:11:00.611190","level":"info","event":"pyspark.sql.utils.AnalysisException: Path does not exist: hdfs://namenode:8020/data/silver/retail_silver","logger":"airflow.task.hooks.airflow.providers.standard.hooks.subprocess.SubprocessHook"}
{"timestamp":"2025-07-18T06:11:00.631779","level":"info","event":"25/07/18 06:11:00 INFO SparkContext: Invoking stop() from shutdown hook","logger":"airflow.task.hooks.airflow.providers.standard.hooks.subprocess.SubprocessHook"}
{"timestamp":"2025-07-18T06:11:00.639583","level":"info","event":"25/07/18 06:11:00 INFO SparkUI: Stopped Spark web UI at http://52261d8b8c51:4040","logger":"airflow.task.hooks.airflow.providers.standard.hooks.subprocess.SubprocessHook"}
{"timestamp":"2025-07-18T06:11:00.642141","level":"info","event":"25/07/18 06:11:00 INFO StandaloneSchedulerBackend: Shutting down all executors","logger":"airflow.task.hooks.airflow.providers.standard.hooks.subprocess.SubprocessHook"}
{"timestamp":"2025-07-18T06:11:00.645085","level":"info","event":"25/07/18 06:11:00 INFO CoarseGrainedSchedulerBackend$DriverEndpoint: Asking each executor to shut down","logger":"airflow.task.hooks.airflow.providers.standard.hooks.subprocess.SubprocessHook"}
{"timestamp":"2025-07-18T06:11:00.656593","level":"info","event":"25/07/18 06:11:00 INFO MapOutputTrackerMasterEndpoint: MapOutputTrackerMasterEndpoint stopped!","logger":"airflow.task.hooks.airflow.providers.standard.hooks.subprocess.SubprocessHook"}
{"timestamp":"2025-07-18T06:11:00.670912","level":"info","event":"25/07/18 06:11:00 INFO MemoryStore: MemoryStore cleared","logger":"airflow.task.hooks.airflow.providers.standard.hooks.subprocess.SubprocessHook"}
{"timestamp":"2025-07-18T06:11:00.673039","level":"info","event":"25/07/18 06:11:00 INFO BlockManager: BlockManager stopped","logger":"airflow.task.hooks.airflow.providers.standard.hooks.subprocess.SubprocessHook"}
{"timestamp":"2025-07-18T06:11:00.676196","level":"info","event":"25/07/18 06:11:00 INFO BlockManagerMaster: BlockManagerMaster stopped","logger":"airflow.task.hooks.airflow.providers.standard.hooks.subprocess.SubprocessHook"}
{"timestamp":"2025-07-18T06:11:00.677771","level":"info","event":"25/07/18 06:11:00 INFO OutputCommitCoordinator$OutputCommitCoordinatorEndpoint: OutputCommitCoordinator stopped!","logger":"airflow.task.hooks.airflow.providers.standard.hooks.subprocess.SubprocessHook"}
{"timestamp":"2025-07-18T06:11:00.685326","level":"info","event":"25/07/18 06:11:00 INFO SparkContext: Successfully stopped SparkContext","logger":"airflow.task.hooks.airflow.providers.standard.hooks.subprocess.SubprocessHook"}
{"timestamp":"2025-07-18T06:11:00.685891","level":"info","event":"25/07/18 06:11:00 INFO ShutdownHookManager: Shutdown hook called","logger":"airflow.task.hooks.airflow.providers.standard.hooks.subprocess.SubprocessHook"}
{"timestamp":"2025-07-18T06:11:00.686168","level":"info","event":"25/07/18 06:11:00 INFO ShutdownHookManager: Deleting directory /tmp/spark-4ab08c3c-28c0-472c-8fb7-a53bc65d3a40","logger":"airflow.task.hooks.airflow.providers.standard.hooks.subprocess.SubprocessHook"}
{"timestamp":"2025-07-18T06:11:00.689601","level":"info","event":"25/07/18 06:11:00 INFO ShutdownHookManager: Deleting directory /tmp/spark-35b2b9fa-fb7c-4882-852c-042fd1d7eaec","logger":"airflow.task.hooks.airflow.providers.standard.hooks.subprocess.SubprocessHook"}
{"timestamp":"2025-07-18T06:11:00.692679","level":"info","event":"25/07/18 06:11:00 INFO ShutdownHookManager: Deleting directory /tmp/spark-4ab08c3c-28c0-472c-8fb7-a53bc65d3a40/pyspark-381508d4-6efa-46c4-b12b-8cc9de89c08e","logger":"airflow.task.hooks.airflow.providers.standard.hooks.subprocess.SubprocessHook"}
{"timestamp":"2025-07-18T06:11:00.739899","level":"info","event":"Command exited with return code 1","logger":"airflow.task.hooks.airflow.providers.standard.hooks.subprocess.SubprocessHook"}
{"timestamp":"2025-07-18T06:11:00.740330","level":"error","event":"Task failed with exception","logger":"task","error_detail":[{"exc_type":"AirflowException","exc_value":"Bash command failed. The command returned a non-zero exit code 1.","exc_notes":[],"syntax_error":null,"is_cause":false,"frames":[{"filename":"/home/airflow/.local/lib/python3.12/site-packages/airflow/sdk/execution_time/task_runner.py","lineno":825,"name":"run"},{"filename":"/home/airflow/.local/lib/python3.12/site-packages/airflow/sdk/execution_time/task_runner.py","lineno":1088,"name":"_execute_task"},{"filename":"/home/airflow/.local/lib/python3.12/site-packages/airflow/sdk/bases/operator.py","lineno":408,"name":"wrapper"},{"filename":"/home/airflow/.local/lib/python3.12/site-packages/airflow/providers/standard/operators/bash.py","lineno":233,"name":"execute"}]}]}
